[INFO] 15:46:30:855 memoria/(5715:5715): CONFIGURACION CARGADA EXITOSAMENTE
[INFO] 15:46:30:928 memoria/(5715:5715): Cliente conectado en 127.0.0.3:5005 (a Server)

[INFO] 15:46:30:932 memoria/(5715:5715): ------2---------

[INFO] 15:46:30:933 memoria/(5715:5715): Escuchando en 127.0.0.1:5001 (MEMORIA_SERVER)

[INFO] 15:46:36:848 memoria/(5715:5715): Cliente conectado (a MEMORIA_SERVER)

[INFO] 15:46:36:865 memoria/(5715:5781): ----------------------1---------------

[ERROR] 15:47:26:384 memoria/(5715:5781): Error al allocar un espacio

[ERROR] 15:48:35:895 memoria/(5715:5781): Error al allocar un espacio

[INFO] 15:48:41:094 memoria/(5715:5781): DISCONNECT!
[INFO] 15:48:45:351 memoria/(6116:6116): CONFIGURACION CARGADA EXITOSAMENTE
[INFO] 15:48:45:417 memoria/(6116:6116): Cliente conectado en 127.0.0.3:5005 (a Server)

[INFO] 15:48:45:421 memoria/(6116:6116): ------2---------

[INFO] 15:48:45:422 memoria/(6116:6116): Escuchando en 127.0.0.1:5001 (MEMORIA_SERVER)

[INFO] 15:49:03:237 memoria/(6116:6116): Cliente conectado (a MEMORIA_SERVER)

[INFO] 15:49:03:259 memoria/(6116:6197): ----------------------50---------------

[ERROR] 15:49:11:272 memoria/(6116:6197): Error al allocar un espacio

[INFO] 15:49:17:501 memoria/(6116:6197): DISCONNECT!
[INFO] 16:57:44:564 memoria/(6814:6814): CONFIGURACION CARGADA EXITOSAMENTE
[INFO] 16:57:44:637 memoria/(6814:6814): Cliente conectado en 127.0.0.3:5005 (a Server)

[INFO] 16:57:44:640 memoria/(6814:6814): ------2---------

[INFO] 16:57:44:642 memoria/(6814:6814): Escuchando en 127.0.0.1:5001 (MEMORIA_SERVER)

[INFO] 18:16:13:291 memoria/(9382:9382): CONFIGURACION CARGADA EXITOSAMENTE
[INFO] 18:16:13:364 memoria/(9382:9382): Cliente conectado en 127.0.0.3:5005 (a Server)

[INFO] 18:16:13:367 memoria/(9382:9382): ------2---------

[INFO] 18:16:13:369 memoria/(9382:9382): Escuchando en 127.0.0.1:5001 (MEMORIA_SERVER)

[INFO] 10:57:54:627 memoria/(6088:6088): CONFIGURACION CARGADA EXITOSAMENTE
[INFO] 10:57:54:704 memoria/(6088:6088): Cliente conectado en 127.0.0.3:5005 (a Server)

[INFO] 10:57:54:710 memoria/(6088:6088): ------2---------

[INFO] 10:57:54:712 memoria/(6088:6088): Escuchando en 127.0.0.1:5001 (MEMORIA_SERVER)

[INFO] 11:01:46:638 memoria/(6294:6294): CONFIGURACION CARGADA EXITOSAMENTE
[INFO] 11:01:46:708 memoria/(6294:6294): Cliente conectado en 127.0.0.3:5005 (a Server)

[INFO] 11:01:46:711 memoria/(6294:6294): ------2---------

[INFO] 11:01:46:713 memoria/(6294:6294): Escuchando en 127.0.0.1:5001 (MEMORIA_SERVER)

[INFO] 11:01:55:620 memoria/(6294:6294): Cliente conectado (a MEMORIA_SERVER)

[INFO] 11:02:09:033 memoria/(6294:6352): DISCONNECT!
[INFO] 11:09:43:111 memoria/(6763:6763): CONFIGURACION CARGADA EXITOSAMENTE
[INFO] 11:09:43:186 memoria/(6763:6763): Cliente conectado en 127.0.0.3:5005 (a Server)

[INFO] 11:09:43:190 memoria/(6763:6763): ------2---------

[INFO] 11:09:43:197 memoria/(6763:6763): Escuchando en 127.0.0.1:5001 (MEMORIA_SERVER)

[INFO] 11:09:48:761 memoria/(6763:6763): Cliente conectado (a MEMORIA_SERVER)

[INFO] 11:15:00:288 memoria/(6763:6824): DISCONNECT!
[INFO] 11:16:05:937 memoria/(7232:7232): CONFIGURACION CARGADA EXITOSAMENTE
[INFO] 11:16:06:001 memoria/(7232:7232): Cliente conectado en 127.0.0.3:5005 (a Server)

[INFO] 11:16:06:006 memoria/(7232:7232): ------2---------

[INFO] 11:16:06:008 memoria/(7232:7232): Escuchando en 127.0.0.1:5001 (MEMORIA_SERVER)

[INFO] 11:16:12:381 memoria/(7232:7232): Cliente conectado (a MEMORIA_SERVER)

[INFO] 11:16:12:465 memoria/(7232:7269): HANDSHAKE
[INFO] 11:17:01:555 memoria/(7344:7344): CONFIGURACION CARGADA EXITOSAMENTE
[INFO] 11:17:01:666 memoria/(7344:7344): Cliente conectado en 127.0.0.3:5005 (a Server)

[INFO] 11:17:01:670 memoria/(7344:7344): ------2---------

[INFO] 11:17:01:673 memoria/(7344:7344): Escuchando en 127.0.0.1:5001 (MEMORIA_SERVER)

[INFO] 11:17:05:623 memoria/(7344:7344): Cliente conectado (a MEMORIA_SERVER)

[INFO] 11:17:05:743 memoria/(7344:7370): HANDSHAKE
[ERROR] 11:17:05:807 memoria/(7344:7370): Error al enviar data para allocar
[INFO] 11:17:05:808 memoria/(7344:7370): DISCONNECT!
[INFO] 11:18:16:342 memoria/(7458:7458): CONFIGURACION CARGADA EXITOSAMENTE
[INFO] 11:18:16:422 memoria/(7458:7458): Cliente conectado en 127.0.0.3:5005 (a Server)

[INFO] 11:18:16:429 memoria/(7458:7458): ------2---------

[INFO] 11:18:16:432 memoria/(7458:7458): Escuchando en 127.0.0.1:5001 (MEMORIA_SERVER)

[INFO] 11:18:19:758 memoria/(7458:7458): Cliente conectado (a MEMORIA_SERVER)

[INFO] 11:18:19:849 memoria/(7458:7479): HANDSHAKE
[INFO] 11:18:19:901 memoria/(7458:7479): DISCONNECT!
[INFO] 11:18:40:533 memoria/(7458:7458): Cliente conectado (a MEMORIA_SERVER)

[INFO] 11:18:40:638 memoria/(7458:7521): HANDSHAKE
[ERROR] 11:18:40:694 memoria/(7458:7521): Algo anduvo mal en el server de Memoria
[INFO] 11:20:00:635 memoria/(7615:7615): CONFIGURACION CARGADA EXITOSAMENTE
[INFO] 11:20:00:707 memoria/(7615:7615): Cliente conectado en 127.0.0.3:5005 (a Server)

[INFO] 11:20:00:711 memoria/(7615:7615): ------2---------

[INFO] 11:20:00:712 memoria/(7615:7615): Escuchando en 127.0.0.1:5001 (MEMORIA_SERVER)

[INFO] 11:20:06:535 memoria/(7615:7615): Cliente conectado (a MEMORIA_SERVER)

[INFO] 11:20:06:629 memoria/(7615:7637): HANDSHAKE
[ERROR] 11:20:06:684 memoria/(7615:7637): Algo anduvo mal en el server de Memoria
[INFO] 11:21:59:005 memoria/(7730:7730): CONFIGURACION CARGADA EXITOSAMENTE
[INFO] 11:21:59:082 memoria/(7730:7730): Cliente conectado en 127.0.0.3:5005 (a Server)

[INFO] 11:21:59:086 memoria/(7730:7730): ------2---------

[INFO] 11:21:59:088 memoria/(7730:7730): Escuchando en 127.0.0.1:5001 (MEMORIA_SERVER)

[INFO] 11:22:00:830 memoria/(7730:7730): Cliente conectado (a MEMORIA_SERVER)

[INFO] 11:22:00:919 memoria/(7730:7751): HANDSHAKE
[ERROR] 11:22:00:972 memoria/(7730:7751): Algo anduvo mal en el server de Memoria
[INFO] 11:26:36:245 memoria/(7975:7975): CONFIGURACION CARGADA EXITOSAMENTE
[INFO] 11:26:36:312 memoria/(7975:7975): Cliente conectado en 127.0.0.3:5005 (a Server)

[INFO] 11:26:36:316 memoria/(7975:7975): ------2---------

[INFO] 11:26:36:319 memoria/(7975:7975): Escuchando en 127.0.0.1:5001 (MEMORIA_SERVER)

[INFO] 11:26:41:019 memoria/(7975:7975): Cliente conectado (a MEMORIA_SERVER)

[INFO] 11:26:41:148 memoria/(7975:8020): HANDSHAKE
[INFO] 11:26:41:165 memoria/(7975:8020): Cant_frames mayor
[INFO] 11:26:41:186 memoria/(7975:8020): DISCONNECT!
[INFO] 11:27:46:291 memoria/(8097:8097): CONFIGURACION CARGADA EXITOSAMENTE
[ERROR] 11:27:46:376 memoria/(8097:8097): Error al conectar (a Server)

[INFO] 11:28:03:783 memoria/(8143:8143): CONFIGURACION CARGADA EXITOSAMENTE
[ERROR] 11:28:03:850 memoria/(8143:8143): Error al conectar (a Server)

[INFO] 11:28:33:936 memoria/(8223:8223): CONFIGURACION CARGADA EXITOSAMENTE
[INFO] 11:28:34:007 memoria/(8223:8223): Cliente conectado en 127.0.0.3:5005 (a Server)

[INFO] 11:28:34:019 memoria/(8223:8223): ------2---------

[INFO] 11:28:34:022 memoria/(8223:8223): Escuchando en 127.0.0.1:5001 (MEMORIA_SERVER)

[INFO] 11:28:53:847 memoria/(8223:8223): Cliente conectado (a MEMORIA_SERVER)

[INFO] 11:28:53:941 memoria/(8223:8275): HANDSHAKE
[INFO] 11:28:53:999 memoria/(8223:8275): Cant_frames mayor
[INFO] 11:28:54:024 memoria/(8223:8275): DISCONNECT!
[INFO] 11:29:07:809 memoria/(8314:8314): CONFIGURACION CARGADA EXITOSAMENTE
[INFO] 11:29:07:886 memoria/(8314:8314): Cliente conectado en 127.0.0.3:5005 (a Server)

[INFO] 11:29:07:900 memoria/(8314:8314): ------2---------

[INFO] 11:29:07:903 memoria/(8314:8314): Escuchando en 127.0.0.1:5001 (MEMORIA_SERVER)

[INFO] 11:29:30:699 memoria/(8314:8314): Cliente conectado (a MEMORIA_SERVER)

[INFO] 11:29:42:042 memoria/(8314:8379): Cant_frames mayor
[INFO] 11:29:50:554 memoria/(8314:8379): DISCONNECT!
[INFO] 17:31:23:653 memoria/(4381:4381): CONFIGURACION CARGADA EXITOSAMENTE
[INFO] 17:31:23:729 memoria/(4381:4381): Cliente conectado en 127.0.0.3:5005 (a Server)

[INFO] 17:31:23:734 memoria/(4381:4381): ------2---------

[INFO] 17:31:23:736 memoria/(4381:4381): Escuchando en 127.0.0.1:5001 (MEMORIA_SERVER)

[INFO] 17:32:05:088 memoria/(4489:4489): CONFIGURACION CARGADA EXITOSAMENTE
[INFO] 17:32:05:160 memoria/(4489:4489): Cliente conectado en 127.0.0.3:5005 (a Server)

[INFO] 17:32:05:166 memoria/(4489:4489): ------2---------

[INFO] 17:32:05:167 memoria/(4489:4489): Escuchando en 127.0.0.1:5001 (MEMORIA_SERVER)

[INFO] 17:32:53:663 memoria/(4489:4489): Cliente conectado (a MEMORIA_SERVER)

[INFO] 17:32:53:755 memoria/(4489:4763): HANDSHAKE
[INFO] 17:32:53:818 memoria/(4489:4763): -------------0--------------

[INFO] 17:32:53:829 memoria/(4489:4763): -------------0--------------

[INFO] 17:32:53:831 memoria/(4489:4763): Cant_frames mayor
[INFO] 17:32:53:833 memoria/(4489:4763): DISCONNECT!
[INFO] 17:33:10:453 memoria/(4489:4489): Cliente conectado (a MEMORIA_SERVER)

[INFO] 17:33:10:575 memoria/(4489:4789): HANDSHAKE
[INFO] 17:33:10:634 memoria/(4489:4789): -------------0--------------

[INFO] 17:33:10:638 memoria/(4489:4789): -------------0--------------

[INFO] 17:33:10:639 memoria/(4489:4789): Cant_frames mayor
[INFO] 17:33:10:639 memoria/(4489:4789): DISCONNECT!
[INFO] 17:33:17:865 memoria/(4489:4489): Cliente conectado (a MEMORIA_SERVER)

[INFO] 17:33:17:959 memoria/(4489:4812): HANDSHAKE
[INFO] 17:33:18:010 memoria/(4489:4812): -------------0--------------

[INFO] 17:33:18:011 memoria/(4489:4812): -------------0--------------

[INFO] 17:33:18:011 memoria/(4489:4812): Cant_frames mayor
[INFO] 17:33:18:017 memoria/(4489:4812): DISCONNECT!
[INFO] 18:01:03:941 memoria/(6093:6093): CONFIGURACION CARGADA EXITOSAMENTE
[INFO] 18:01:04:020 memoria/(6093:6093): Cliente conectado en 127.0.0.3:5005 (a Server)

[INFO] 18:01:04:027 memoria/(6093:6093): ------2---------

[INFO] 18:01:04:032 memoria/(6093:6093): Escuchando en 127.0.0.1:5001 (MEMORIA_SERVER)

[INFO] 18:02:01:811 memoria/(6093:6093): Cliente conectado (a MEMORIA_SERVER)

[INFO] 18:02:01:898 memoria/(6093:6235): HANDSHAKE
[INFO] 18:02:01:957 memoria/(6093:6235): -------------0--------------

[INFO] 18:02:01:959 memoria/(6093:6235): -------------1--------------

[INFO] 18:02:01:959 memoria/(6093:6235): Cant_frames mayor
[INFO] 18:02:01:960 memoria/(6093:6235): DISCONNECT!
[INFO] 19:23:00:588 memoria/(6093:6093): Cliente conectado (a MEMORIA_SERVER)

[INFO] 19:23:00:757 memoria/(6093:9668): HANDSHAKE
[INFO] 19:23:00:803 memoria/(6093:9668): -------------2--------------

[INFO] 19:23:00:803 memoria/(6093:9668): -------------3--------------

[INFO] 19:23:00:804 memoria/(6093:9668): Cant_frames mayor
[INFO] 19:23:00:823 memoria/(6093:9668): DISCONNECT!
[INFO] 19:23:09:919 memoria/(6093:6093): Cliente conectado (a MEMORIA_SERVER)

[INFO] 19:23:10:033 memoria/(6093:9699): HANDSHAKE
[INFO] 19:23:10:081 memoria/(6093:9699): -------------4--------------

[INFO] 19:23:10:083 memoria/(6093:9699): -------------5--------------

[INFO] 19:23:10:084 memoria/(6093:9699): Cant_frames mayor
[INFO] 19:23:10:089 memoria/(6093:9699): DISCONNECT!
[INFO] 21:20:16:972 memoria/(14949:14949): CONFIGURACION CARGADA EXITOSAMENTE
[INFO] 21:20:17:045 memoria/(14949:14949): Cliente conectado en 127.0.0.3:5005 (a Server)

[INFO] 21:20:17:050 memoria/(14949:14949): ------2---------

[INFO] 21:20:17:057 memoria/(14949:14949): Escuchando en 127.0.0.1:5001 (MEMORIA_SERVER)

[INFO] 21:21:20:021 memoria/(14949:14949): Cliente conectado (a MEMORIA_SERVER)

[INFO] 21:21:20:139 memoria/(14949:15217): HANDSHAKE
[INFO] 21:21:20:192 memoria/(14949:15217): --------------0-----------

[INFO] 21:25:12:654 memoria/(15625:15625): CONFIGURACION CARGADA EXITOSAMENTE
[INFO] 21:25:12:713 memoria/(15625:15625): Cliente conectado en 127.0.0.3:5005 (a Server)

[INFO] 21:25:12:716 memoria/(15625:15625): ------2---------

[INFO] 21:25:12:718 memoria/(15625:15625): Escuchando en 127.0.0.1:5001 (MEMORIA_SERVER)

[INFO] 21:25:18:343 memoria/(15625:15625): Cliente conectado (a MEMORIA_SERVER)

[INFO] 21:25:18:463 memoria/(15625:15661): HANDSHAKE
[INFO] 21:25:18:515 memoria/(15625:15661): --------------0-----------

[INFO] 21:27:42:045 memoria/(15930:15930): CONFIGURACION CARGADA EXITOSAMENTE
[INFO] 21:27:42:131 memoria/(15930:15930): Cliente conectado en 127.0.0.3:5005 (a Server)

[INFO] 21:27:42:134 memoria/(15930:15930): ------2---------

[INFO] 21:27:42:136 memoria/(15930:15930): Escuchando en 127.0.0.1:5001 (MEMORIA_SERVER)

[INFO] 21:27:45:214 memoria/(15930:15930): Cliente conectado (a MEMORIA_SERVER)

[INFO] 21:27:45:330 memoria/(15930:15965): HANDSHAKE
[INFO] 21:27:45:379 memoria/(15930:15965): --------------0-----------

[INFO] 21:27:45:423 memoria/(15930:15965): -------------0--------------

[INFO] 21:27:45:426 memoria/(15930:15965): -------------1--------------

[INFO] 21:27:45:427 memoria/(15930:15965): -------------2--------------

[INFO] 21:27:45:427 memoria/(15930:15965): Cant_frames mayor
[INFO] 21:27:45:429 memoria/(15930:15965): DISCONNECT!
[INFO] 15:54:29:631 memoria/(7567:7567): CONFIGURACION CARGADA EXITOSAMENTE
[INFO] 15:54:29:709 memoria/(7567:7567): Cliente conectado en 127.0.0.3:5005 (a Server)

[INFO] 15:54:29:712 memoria/(7567:7567): ------2---------

[INFO] 15:54:29:714 memoria/(7567:7567): Escuchando en 127.0.0.1:5001 (MEMORIA_SERVER)

[INFO] 15:55:02:395 memoria/(7567:7567): Cliente conectado (a MEMORIA_SERVER)

[INFO] 15:55:02:499 memoria/(7567:7777): HANDSHAKE
[INFO] 15:55:02:544 memoria/(7567:7777): --------------0-----------

[INFO] 15:55:02:569 memoria/(7567:7777): -------------0--------------

[INFO] 15:55:02:578 memoria/(7567:7777): -------------1--------------

[INFO] 15:55:02:578 memoria/(7567:7777): -------------2--------------

[INFO] 15:55:02:579 memoria/(7567:7777): Cant_frames mayor
[INFO] 15:55:02:580 memoria/(7567:7777): DISCONNECT!
[INFO] 16:04:32:582 memoria/(9426:9426): CONFIGURACION CARGADA EXITOSAMENTE
[ERROR] 16:04:32:656 memoria/(9426:9426): Error al conectar (a Server)

[INFO] 16:05:27:934 memoria/(9741:9741): CONFIGURACION CARGADA EXITOSAMENTE
[INFO] 16:05:28:042 memoria/(9741:9741): Cliente conectado en 127.0.0.3:5005 (a Server)

[INFO] 16:05:28:051 memoria/(9741:9741): ------2---------

[INFO] 16:05:28:055 memoria/(9741:9741): Escuchando en 127.0.0.1:5001 (MEMORIA_SERVER)

[INFO] 16:05:59:794 memoria/(9741:9741): Cliente conectado (a MEMORIA_SERVER)

[INFO] 16:05:59:895 memoria/(9741:9933): HANDSHAKE
[INFO] 16:05:59:936 memoria/(9741:9933): --------------0-----------

[INFO] 16:05:59:962 memoria/(9741:9933): -------------0--------------

[INFO] 16:05:59:976 memoria/(9741:9933): -------------1--------------

[INFO] 16:05:59:977 memoria/(9741:9933): -------------2--------------

[INFO] 16:05:59:977 memoria/(9741:9933): Cant_frames mayor
[INFO] 16:05:59:981 memoria/(9741:9933): DISCONNECT!
[INFO] 16:50:25:610 memoria/(13770:13770): CONFIGURACION CARGADA EXITOSAMENTE
[INFO] 16:50:25:690 memoria/(13770:13770): Cliente conectado en 127.0.0.3:5005 (a Server)

[INFO] 16:50:25:693 memoria/(13770:13770): ------2---------

[INFO] 16:50:25:694 memoria/(13770:13770): Escuchando en 127.0.0.1:5001 (MEMORIA_SERVER)

[INFO] 16:50:35:089 memoria/(13770:13770): Cliente conectado (a MEMORIA_SERVER)

[INFO] 16:50:35:206 memoria/(13770:13811): HANDSHAKE
[INFO] 16:50:35:249 memoria/(13770:13811): --------------0-----------

[INFO] 16:50:35:286 memoria/(13770:13811): -------------0--------------

[INFO] 16:50:35:292 memoria/(13770:13811): -------------1--------------

[INFO] 16:50:35:297 memoria/(13770:13811): -------------2--------------

[INFO] 16:50:35:297 memoria/(13770:13811): Cant_frames mayor
[INFO] 16:50:35:306 memoria/(13770:13811): DISCONNECT!
[INFO] 17:10:29:660 memoria/(15970:15970): CONFIGURACION CARGADA EXITOSAMENTE
[INFO] 17:10:29:740 memoria/(15970:15970): Cliente conectado en 127.0.0.3:5005 (a Server)

[INFO] 17:10:29:744 memoria/(15970:15970): ------2---------

[INFO] 17:10:29:745 memoria/(15970:15970): Escuchando en 127.0.0.1:5001 (MEMORIA_SERVER)

[INFO] 17:15:03:784 memoria/(16440:16440): CONFIGURACION CARGADA EXITOSAMENTE
[INFO] 17:15:03:868 memoria/(16440:16440): Cliente conectado en 127.0.0.3:5005 (a Server)

[INFO] 17:15:03:871 memoria/(16440:16440): ------2---------

[INFO] 17:15:03:873 memoria/(16440:16440): Escuchando en 127.0.0.1:5001 (MEMORIA_SERVER)

[INFO] 17:15:11:354 memoria/(16440:16440): Cliente conectado (a MEMORIA_SERVER)

[INFO] 17:15:11:486 memoria/(16440:16484): HANDSHAKE
[INFO] 17:15:11:537 memoria/(16440:16484): --------------0-----------

[INFO] 15:30:57:708 memoria/(4647:4647): CONFIGURACION CARGADA EXITOSAMENTE
[INFO] 15:30:57:795 memoria/(4647:4647): Cliente conectado en 127.0.0.3:5005 (a Server)

[INFO] 15:30:57:801 memoria/(4647:4647): ------2---------

[INFO] 15:30:57:805 memoria/(4647:4647): Escuchando en 127.0.0.1:5001 (MEMORIA_SERVER)

[INFO] 15:32:33:664 memoria/(4647:4647): Cliente conectado (a MEMORIA_SERVER)

[INFO] 15:32:33:779 memoria/(4647:4825): HANDSHAKE
[INFO] 15:32:33:838 memoria/(4647:4825): --------------0-----------

[INFO] 15:32:47:282 memoria/(5010:5010): CONFIGURACION CARGADA EXITOSAMENTE
[INFO] 15:32:47:447 memoria/(5010:5010): Cliente conectado en 127.0.0.3:5005 (a Server)

[INFO] 15:32:47:453 memoria/(5010:5010): ------2---------

[INFO] 15:32:47:469 memoria/(5010:5010): Escuchando en 127.0.0.1:5001 (MEMORIA_SERVER)

[INFO] 15:32:49:644 memoria/(5010:5010): Cliente conectado (a MEMORIA_SERVER)

[INFO] 15:32:49:860 memoria/(5010:5036): HANDSHAKE
[INFO] 15:32:49:907 memoria/(5010:5036): --------------0-----------

[INFO] 15:32:53:104 memoria/(5010:5010): Cliente conectado (a MEMORIA_SERVER)

[INFO] 15:32:53:214 memoria/(5010:5065): HANDSHAKE
[INFO] 15:32:55:838 memoria/(5010:5010): Cliente conectado (a MEMORIA_SERVER)

[INFO] 15:32:55:946 memoria/(5010:5119): HANDSHAKE
[INFO] 15:33:06:573 memoria/(5159:5159): CONFIGURACION CARGADA EXITOSAMENTE
[INFO] 15:33:06:655 memoria/(5159:5159): Cliente conectado en 127.0.0.3:5005 (a Server)

[INFO] 15:33:06:659 memoria/(5159:5159): ------2---------

[INFO] 15:33:06:662 memoria/(5159:5159): Escuchando en 127.0.0.1:5001 (MEMORIA_SERVER)

[INFO] 15:38:12:589 memoria/(5415:5415): CONFIGURACION CARGADA EXITOSAMENTE
[INFO] 15:38:12:662 memoria/(5415:5415): Cliente conectado en 127.0.0.3:5005 (a Server)

[INFO] 15:38:12:669 memoria/(5415:5415): ------2---------

[INFO] 15:38:12:675 memoria/(5415:5415): Escuchando en 127.0.0.1:5001 (MEMORIA_SERVER)

[INFO] 15:47:36:980 memoria/(5809:5809): CONFIGURACION CARGADA EXITOSAMENTE
[INFO] 15:47:37:074 memoria/(5809:5809): Cliente conectado en 127.0.0.3:5005 (a Server)

[INFO] 15:47:37:080 memoria/(5809:5809): ------2---------

[INFO] 15:47:37:084 memoria/(5809:5809): Escuchando en 127.0.0.1:5001 (MEMORIA_SERVER)

[INFO] 15:47:52:740 memoria/(5809:5809): Cliente conectado (a MEMORIA_SERVER)

[INFO] 15:47:52:837 memoria/(5809:5852): HANDSHAKE
[INFO] 15:47:52:887 memoria/(5809:5852): --------------0-----------

[INFO] 15:49:51:105 memoria/(6022:6022): CONFIGURACION CARGADA EXITOSAMENTE
[INFO] 15:49:51:197 memoria/(6022:6022): Cliente conectado en 127.0.0.3:5005 (a Server)

[INFO] 15:49:51:201 memoria/(6022:6022): ------2---------

[INFO] 15:49:51:206 memoria/(6022:6022): Escuchando en 127.0.0.1:5001 (MEMORIA_SERVER)

[INFO] 15:49:59:526 memoria/(6022:6022): Cliente conectado (a MEMORIA_SERVER)

[INFO] 15:49:59:617 memoria/(6022:6044): HANDSHAKE
[INFO] 15:49:59:667 memoria/(6022:6044): --------------0-----------

[INFO] 15:49:59:679 memoria/(6022:6044): Allocando carpincho fijamente
[INFO] 15:53:23:404 memoria/(6283:6283): CONFIGURACION CARGADA EXITOSAMENTE
[INFO] 15:53:23:483 memoria/(6283:6283): Cliente conectado en 127.0.0.3:5005 (a Server)

[INFO] 15:53:23:487 memoria/(6283:6283): ------2---------

[INFO] 15:53:23:490 memoria/(6283:6283): Escuchando en 127.0.0.1:5001 (MEMORIA_SERVER)

[INFO] 15:54:15:887 memoria/(6352:6352): CONFIGURACION CARGADA EXITOSAMENTE
[INFO] 15:54:15:967 memoria/(6352:6352): Cliente conectado en 127.0.0.3:5005 (a Server)

[INFO] 15:54:15:972 memoria/(6352:6352): ------2---------

[INFO] 15:54:15:975 memoria/(6352:6352): Escuchando en 127.0.0.1:5001 (MEMORIA_SERVER)

[INFO] 15:54:27:797 memoria/(6352:6352): Cliente conectado (a MEMORIA_SERVER)

[INFO] 15:54:27:925 memoria/(6352:6386): HANDSHAKE
[INFO] 15:54:27:985 memoria/(6352:6386): --------------0-----------

[INFO] 15:54:28:017 memoria/(6352:6386): Allocando carpincho fijamente
[INFO] 15:54:35:289 memoria/(6426:6426): CONFIGURACION CARGADA EXITOSAMENTE
[INFO] 15:54:35:482 memoria/(6426:6426): Cliente conectado en 127.0.0.3:5005 (a Server)

[INFO] 15:54:35:488 memoria/(6426:6426): ------2---------

[INFO] 15:54:35:491 memoria/(6426:6426): Escuchando en 127.0.0.1:5001 (MEMORIA_SERVER)

[INFO] 15:55:41:732 memoria/(6530:6530): CONFIGURACION CARGADA EXITOSAMENTE
[INFO] 15:55:41:924 memoria/(6530:6530): Cliente conectado en 127.0.0.3:5005 (a Server)

[INFO] 15:55:41:932 memoria/(6530:6530): ------2---------

[INFO] 15:55:41:937 memoria/(6530:6530): Escuchando en 127.0.0.1:5001 (MEMORIA_SERVER)

[INFO] 15:55:46:185 memoria/(6530:6530): Cliente conectado (a MEMORIA_SERVER)

[INFO] 15:55:46:282 memoria/(6530:6553): HANDSHAKE
[INFO] 15:55:46:344 memoria/(6530:6553): --------------0-----------

[INFO] 15:55:46:355 memoria/(6530:6553): Cant_frames menor
[INFO] 15:56:07:419 memoria/(6622:6622): CONFIGURACION CARGADA EXITOSAMENTE
[INFO] 15:56:07:495 memoria/(6622:6622): Cliente conectado en 127.0.0.3:5005 (a Server)

[INFO] 15:56:07:498 memoria/(6622:6622): ------2---------

[INFO] 15:56:07:500 memoria/(6622:6622): Escuchando en 127.0.0.1:5001 (MEMORIA_SERVER)

[INFO] 15:56:08:776 memoria/(6622:6622): Cliente conectado (a MEMORIA_SERVER)

[INFO] 15:56:08:898 memoria/(6622:6643): HANDSHAKE
[INFO] 15:56:08:937 memoria/(6622:6643): --------------0-----------

[INFO] 15:57:18:836 memoria/(6735:6735): CONFIGURACION CARGADA EXITOSAMENTE
[INFO] 15:57:18:927 memoria/(6735:6735): Cliente conectado en 127.0.0.3:5005 (a Server)

[INFO] 15:57:18:931 memoria/(6735:6735): ------2---------

[INFO] 15:57:18:932 memoria/(6735:6735): Escuchando en 127.0.0.1:5001 (MEMORIA_SERVER)

[INFO] 15:57:21:437 memoria/(6735:6735): Cliente conectado (a MEMORIA_SERVER)

[INFO] 15:57:21:531 memoria/(6735:6756): HANDSHAKE
[INFO] 15:57:21:600 memoria/(6735:6756): --------------0-----------

[INFO] 15:57:34:046 memoria/(6814:6814): CONFIGURACION CARGADA EXITOSAMENTE
[INFO] 15:57:34:150 memoria/(6814:6814): Cliente conectado en 127.0.0.3:5005 (a Server)

[INFO] 15:57:34:154 memoria/(6814:6814): ------2---------

[INFO] 15:57:34:156 memoria/(6814:6814): Escuchando en 127.0.0.1:5001 (MEMORIA_SERVER)

[INFO] 15:57:37:077 memoria/(6814:6814): Cliente conectado (a MEMORIA_SERVER)

[INFO] 15:57:37:177 memoria/(6814:6836): HANDSHAKE
[INFO] 15:57:37:229 memoria/(6814:6836): --------------0-----------

[INFO] 15:57:37:245 memoria/(6814:6836): ------------Cantpags 1----------

[INFO] 16:01:22:125 memoria/(7034:7034): CONFIGURACION CARGADA EXITOSAMENTE
[INFO] 16:01:22:294 memoria/(7034:7034): Cliente conectado en 127.0.0.3:5005 (a Server)

[INFO] 16:01:22:298 memoria/(7034:7034): ------2---------

[INFO] 16:01:22:304 memoria/(7034:7034): Escuchando en 127.0.0.1:5001 (MEMORIA_SERVER)

[INFO] 16:01:26:746 memoria/(7034:7034): Cliente conectado (a MEMORIA_SERVER)

[INFO] 16:01:26:842 memoria/(7034:7055): HANDSHAKE
[INFO] 16:01:26:894 memoria/(7034:7055): --------------0-----------

[INFO] 16:01:26:909 memoria/(7034:7055): ------------Cantpags 1----------

[INFO] 16:01:26:914 memoria/(7034:7055): llegue 1

[INFO] 16:02:53:459 memoria/(7165:7165): CONFIGURACION CARGADA EXITOSAMENTE
[INFO] 16:02:53:576 memoria/(7165:7165): Cliente conectado en 127.0.0.3:5005 (a Server)

[INFO] 16:02:53:580 memoria/(7165:7165): ------2---------

[INFO] 16:02:53:583 memoria/(7165:7165): Escuchando en 127.0.0.1:5001 (MEMORIA_SERVER)

[INFO] 16:02:56:553 memoria/(7165:7165): Cliente conectado (a MEMORIA_SERVER)

[INFO] 16:02:56:658 memoria/(7165:7187): HANDSHAKE
[INFO] 16:02:56:709 memoria/(7165:7187): --------------0-----------

[INFO] 16:02:56:720 memoria/(7165:7187): ------------Cantpags 1----------

[INFO] 16:02:56:724 memoria/(7165:7187): ------------Cantframes 32----------

[INFO] 16:02:56:728 memoria/(7165:7187): Allocando primer mitad del hmd en 0

[INFO] 16:02:56:730 memoria/(7165:7187): -------------0--------------

[INFO] 16:02:56:731 memoria/(7165:7187): Allocando segunda mitad del hmd en 1

[INFO] 16:02:56:732 memoria/(7165:7187): -------------1--------------

[INFO] 16:02:56:732 memoria/(7165:7187): Cant_frames mayor
[INFO] 16:02:56:733 memoria/(7165:7187): DISCONNECT!
[INFO] 16:03:46:709 memoria/(7165:7165): Cliente conectado (a MEMORIA_SERVER)

[INFO] 16:03:46:807 memoria/(7165:7241): HANDSHAKE
[INFO] 16:03:46:854 memoria/(7165:7241): --------------32-----------

[INFO] 16:03:46:855 memoria/(7165:7241): ------------Cantpags 1----------

[INFO] 16:03:46:858 memoria/(7165:7241): ------------Cantframes 32----------

[INFO] 16:03:46:861 memoria/(7165:7241): Allocando primer mitad del hmd en 2

[INFO] 16:03:46:863 memoria/(7165:7241): -------------2--------------

[INFO] 16:03:46:869 memoria/(7165:7241): Allocando segunda mitad del hmd en 3

[INFO] 16:03:46:870 memoria/(7165:7241): -------------3--------------

[INFO] 16:03:46:870 memoria/(7165:7241): Cant_frames mayor
[INFO] 16:03:46:870 memoria/(7165:7241): DISCONNECT!
[INFO] 16:03:55:600 memoria/(7165:7165): Cliente conectado (a MEMORIA_SERVER)

[INFO] 16:03:55:717 memoria/(7165:7262): HANDSHAKE
[INFO] 16:03:55:762 memoria/(7165:7262): --------------64-----------

[INFO] 16:03:55:763 memoria/(7165:7262): ------------Cantpags 1----------

[INFO] 16:03:55:763 memoria/(7165:7262): ------------Cantframes 32----------

[INFO] 16:03:55:764 memoria/(7165:7262): Allocando primer mitad del hmd en 4

[INFO] 16:03:55:764 memoria/(7165:7262): -------------4--------------

[INFO] 16:03:55:765 memoria/(7165:7262): Allocando segunda mitad del hmd en 5

[INFO] 16:03:55:765 memoria/(7165:7262): -------------5--------------

[INFO] 16:03:55:765 memoria/(7165:7262): Cant_frames mayor
[INFO] 16:03:55:783 memoria/(7165:7262): DISCONNECT!
[INFO] 16:05:59:872 memoria/(7165:7165): Cliente conectado (a MEMORIA_SERVER)

[INFO] 16:05:59:958 memoria/(7165:7345): HANDSHAKE
[INFO] 16:06:00:012 memoria/(7165:7345): --------------96-----------

[INFO] 16:06:00:014 memoria/(7165:7345): ------------Cantpags 1----------

[INFO] 16:06:00:015 memoria/(7165:7345): ------------Cantframes 32----------

[INFO] 16:06:00:017 memoria/(7165:7345): Allocando primer mitad del hmd en 6

[INFO] 16:06:00:018 memoria/(7165:7345): -------------6--------------

[INFO] 16:06:00:019 memoria/(7165:7345): Allocando segunda mitad del hmd en 7

[INFO] 16:06:00:025 memoria/(7165:7345): -------------7--------------

[INFO] 16:06:00:026 memoria/(7165:7345): Cant_frames mayor
[INFO] 16:06:00:026 memoria/(7165:7345): DISCONNECT!
[INFO] 16:06:01:480 memoria/(7165:7165): Cliente conectado (a MEMORIA_SERVER)

[INFO] 16:06:01:581 memoria/(7165:7366): HANDSHAKE
[INFO] 16:06:01:626 memoria/(7165:7366): --------------128-----------

[INFO] 16:06:01:626 memoria/(7165:7366): ------------Cantpags 1----------

[INFO] 16:06:01:627 memoria/(7165:7366): ------------Cantframes 32----------

[INFO] 16:06:01:627 memoria/(7165:7366): Allocando primer mitad del hmd en 8

[INFO] 16:06:01:628 memoria/(7165:7366): -------------8--------------

[INFO] 16:06:01:628 memoria/(7165:7366): Allocando segunda mitad del hmd en 9

[INFO] 16:06:01:629 memoria/(7165:7366): -------------9--------------

[INFO] 16:06:01:629 memoria/(7165:7366): Cant_frames mayor
[INFO] 16:06:01:652 memoria/(7165:7366): DISCONNECT!
[INFO] 16:06:15:167 memoria/(7165:7165): Cliente conectado (a MEMORIA_SERVER)

[INFO] 16:06:15:291 memoria/(7165:7392): HANDSHAKE
[INFO] 16:06:15:344 memoria/(7165:7392): --------------128-----------

[INFO] 16:06:15:345 memoria/(7165:7392): ------------Cantpags 1----------

[INFO] 16:06:15:346 memoria/(7165:7392): ------------Cantframes 32----------

[INFO] 16:06:15:346 memoria/(7165:7392): Allocando primer mitad del hmd en 10

[INFO] 16:06:15:347 memoria/(7165:7392): -------------10--------------

[INFO] 16:06:15:347 memoria/(7165:7392): Allocando segunda mitad del hmd en 11

[INFO] 16:06:15:351 memoria/(7165:7392): -------------11--------------

[INFO] 16:06:15:352 memoria/(7165:7392): Cant_frames mayor
[INFO] 16:06:15:362 memoria/(7165:7392): DISCONNECT!
[INFO] 16:06:20:726 memoria/(7165:7165): Cliente conectado (a MEMORIA_SERVER)

[INFO] 16:06:20:867 memoria/(7165:7420): HANDSHAKE
[INFO] 16:06:20:914 memoria/(7165:7420): --------------128-----------

[INFO] 16:06:20:914 memoria/(7165:7420): ------------Cantpags 1----------

[INFO] 16:06:20:915 memoria/(7165:7420): ------------Cantframes 32----------

[INFO] 16:06:20:915 memoria/(7165:7420): Allocando primer mitad del hmd en 12

[INFO] 16:06:20:916 memoria/(7165:7420): -------------12--------------

[INFO] 16:06:20:916 memoria/(7165:7420): Allocando segunda mitad del hmd en 13

[INFO] 16:06:20:917 memoria/(7165:7420): -------------13--------------

[INFO] 16:06:20:917 memoria/(7165:7420): Cant_frames mayor
[INFO] 16:06:20:936 memoria/(7165:7420): DISCONNECT!
[INFO] 16:06:22:931 memoria/(7165:7165): Cliente conectado (a MEMORIA_SERVER)

[INFO] 16:06:23:040 memoria/(7165:7457): HANDSHAKE
[INFO] 16:06:23:095 memoria/(7165:7457): --------------128-----------

[INFO] 16:06:23:096 memoria/(7165:7457): ------------Cantpags 1----------

[INFO] 16:06:23:097 memoria/(7165:7457): ------------Cantframes 32----------

[INFO] 16:06:23:097 memoria/(7165:7457): Allocando primer mitad del hmd en 14

[INFO] 16:06:23:106 memoria/(7165:7457): -------------14--------------

[INFO] 16:06:23:110 memoria/(7165:7457): Allocando segunda mitad del hmd en 15

[INFO] 16:06:23:110 memoria/(7165:7457): -------------15--------------

[INFO] 16:06:23:111 memoria/(7165:7457): Cant_frames mayor
[INFO] 16:06:23:111 memoria/(7165:7457): DISCONNECT!
[INFO] 16:06:24:747 memoria/(7165:7165): Cliente conectado (a MEMORIA_SERVER)

[INFO] 16:06:24:854 memoria/(7165:7478): HANDSHAKE
[INFO] 16:06:24:899 memoria/(7165:7478): --------------128-----------

[INFO] 16:06:24:900 memoria/(7165:7478): ------------Cantpags 1----------

[INFO] 16:06:24:902 memoria/(7165:7478): ------------Cantframes 32----------

[INFO] 16:06:24:904 memoria/(7165:7478): Allocando primer mitad del hmd en 16

[INFO] 16:06:24:904 memoria/(7165:7478): -------------16--------------

[INFO] 16:06:24:905 memoria/(7165:7478): Allocando segunda mitad del hmd en 17

[INFO] 16:06:24:908 memoria/(7165:7478): -------------17--------------

[INFO] 16:06:24:909 memoria/(7165:7478): Cant_frames mayor
[INFO] 16:06:24:923 memoria/(7165:7478): DISCONNECT!
[INFO] 16:08:17:545 memoria/(7553:7553): CONFIGURACION CARGADA EXITOSAMENTE
[INFO] 16:08:17:634 memoria/(7553:7553): Cliente conectado en 127.0.0.3:5005 (a Server)

[INFO] 16:08:17:639 memoria/(7553:7553): ------2---------

[INFO] 16:08:17:640 memoria/(7553:7553): Escuchando en 127.0.0.1:5001 (MEMORIA_SERVER)

[INFO] 16:08:24:718 memoria/(7553:7553): Cliente conectado (a MEMORIA_SERVER)

[INFO] 16:08:24:813 memoria/(7553:7576): HANDSHAKE
[INFO] 16:08:24:870 memoria/(7553:7576): --------------0-----------

[INFO] 16:08:24:893 memoria/(7553:7576): Allocando primer mitad del hmd en 0

[INFO] 16:08:24:898 memoria/(7553:7576): -------------0--------------

[INFO] 16:08:24:900 memoria/(7553:7576): Allocando segunda mitad del hmd en 1

[INFO] 16:08:24:901 memoria/(7553:7576): -------------1--------------

[INFO] 16:08:24:902 memoria/(7553:7576): Cant_frames mayor
[INFO] 16:08:24:903 memoria/(7553:7576): DISCONNECT!
[INFO] 16:08:50:110 memoria/(7648:7648): CONFIGURACION CARGADA EXITOSAMENTE
[INFO] 16:08:50:248 memoria/(7648:7648): Cliente conectado en 127.0.0.3:5005 (a Server)

[INFO] 16:08:50:268 memoria/(7648:7648): ------2---------

[INFO] 16:08:50:271 memoria/(7648:7648): Escuchando en 127.0.0.1:5001 (MEMORIA_SERVER)

[INFO] 16:08:56:298 memoria/(7648:7648): Cliente conectado (a MEMORIA_SERVER)

[INFO] 16:08:56:395 memoria/(7648:7682): HANDSHAKE
[INFO] 16:08:56:448 memoria/(7648:7682): --------------0-----------

[INFO] 16:08:56:460 memoria/(7648:7682): ------------Cantpags 1----------

[INFO] 16:08:56:463 memoria/(7648:7682): ------------Cantframes 32----------

[INFO] 16:08:56:466 memoria/(7648:7682): Allocando primer mitad del hmd en 0

[INFO] 16:08:56:468 memoria/(7648:7682): -------------0--------------

[INFO] 16:08:56:469 memoria/(7648:7682): Allocando segunda mitad del hmd en 1

[INFO] 16:08:56:470 memoria/(7648:7682): -------------1--------------

[INFO] 16:08:56:471 memoria/(7648:7682): Cant_frames mayor
[INFO] 16:08:56:471 memoria/(7648:7682): DISCONNECT!
[INFO] 16:09:01:889 memoria/(7648:7648): Cliente conectado (a MEMORIA_SERVER)

[INFO] 16:09:01:988 memoria/(7648:7708): HANDSHAKE
[INFO] 16:09:02:034 memoria/(7648:7708): --------------32-----------

[INFO] 16:09:02:037 memoria/(7648:7708): ------------Cantpags 1----------

[INFO] 16:09:02:041 memoria/(7648:7708): ------------Cantframes 32----------

[INFO] 16:09:02:042 memoria/(7648:7708): Allocando primer mitad del hmd en 2

[INFO] 16:09:02:044 memoria/(7648:7708): -------------2--------------

[INFO] 16:09:02:045 memoria/(7648:7708): Allocando segunda mitad del hmd en 3

[INFO] 16:09:02:045 memoria/(7648:7708): -------------3--------------

[INFO] 16:09:02:045 memoria/(7648:7708): Cant_frames mayor
[INFO] 16:09:02:052 memoria/(7648:7708): DISCONNECT!
[INFO] 16:09:46:363 memoria/(7792:7792): CONFIGURACION CARGADA EXITOSAMENTE
[INFO] 16:09:46:444 memoria/(7792:7792): Cliente conectado en 127.0.0.3:5005 (a Server)

[INFO] 16:09:46:448 memoria/(7792:7792): ------2---------

[INFO] 16:09:46:451 memoria/(7792:7792): Escuchando en 127.0.0.1:5001 (MEMORIA_SERVER)

[INFO] 16:09:49:400 memoria/(7792:7792): Cliente conectado (a MEMORIA_SERVER)

[INFO] 16:09:49:502 memoria/(7792:7813): HANDSHAKE
[INFO] 16:09:49:561 memoria/(7792:7813): --------------0-----------

[INFO] 16:09:49:575 memoria/(7792:7813): ------------Cantpags 1----------

[INFO] 16:09:49:580 memoria/(7792:7813): ------------Cantframes 32----------

[INFO] 16:09:49:584 memoria/(7792:7813): Allocando primer mitad del hmd en 0

[INFO] 16:09:49:587 memoria/(7792:7813): -------------0--------------

[INFO] 16:09:49:590 memoria/(7792:7813): Allocando segunda mitad del hmd en 1

[INFO] 16:09:49:593 memoria/(7792:7813): -------------1--------------

[INFO] 16:09:49:593 memoria/(7792:7813): Cant_frames mayor
[INFO] 16:09:49:596 memoria/(7792:7813): ------------Cantpags 1----------

[INFO] 16:09:49:600 memoria/(7792:7813): ------------Cantframes 30----------

[INFO] 16:09:49:602 memoria/(7792:7813): Cant_frames mayor
[INFO] 16:09:49:604 memoria/(7792:7813): DISCONNECT!
[INFO] 16:10:24:331 memoria/(7871:7871): CONFIGURACION CARGADA EXITOSAMENTE
[INFO] 16:10:24:404 memoria/(7871:7871): Cliente conectado en 127.0.0.3:5005 (a Server)

[INFO] 16:10:24:410 memoria/(7871:7871): ------2---------

[INFO] 16:10:24:413 memoria/(7871:7871): Escuchando en 127.0.0.1:5001 (MEMORIA_SERVER)

[INFO] 16:10:31:964 memoria/(7871:7871): Cliente conectado (a MEMORIA_SERVER)

[INFO] 16:10:32:059 memoria/(7871:7892): HANDSHAKE
[INFO] 16:10:32:115 memoria/(7871:7892): --------------0-----------

[INFO] 16:10:32:127 memoria/(7871:7892): ------------Cantpags 1----------

[INFO] 16:10:32:136 memoria/(7871:7892): ------------Cantframes 32----------

[INFO] 16:10:32:139 memoria/(7871:7892): Allocando primer mitad del hmd en 0

[INFO] 16:10:32:145 memoria/(7871:7892): -------------0--------------

[INFO] 16:10:32:146 memoria/(7871:7892): Allocando segunda mitad del hmd en 1

[INFO] 16:10:32:148 memoria/(7871:7892): -------------1--------------

[INFO] 16:10:32:148 memoria/(7871:7892): Cant_frames mayor
[INFO] 16:10:32:149 memoria/(7871:7892): ------------Cantpags 1----------

[INFO] 16:10:32:152 memoria/(7871:7892): ------------Cantframes 30----------

[INFO] 16:10:32:154 memoria/(7871:7892): Cant_frames mayor
[INFO] 16:10:32:155 memoria/(7871:7892): DISCONNECT!
[INFO] 16:10:43:956 memoria/(7931:7931): CONFIGURACION CARGADA EXITOSAMENTE
[INFO] 16:10:44:049 memoria/(7931:7931): Cliente conectado en 127.0.0.3:5005 (a Server)

[INFO] 16:10:44:054 memoria/(7931:7931): ------2---------

[INFO] 16:10:44:056 memoria/(7931:7931): Escuchando en 127.0.0.1:5001 (MEMORIA_SERVER)

[INFO] 16:10:46:363 memoria/(7931:7931): Cliente conectado (a MEMORIA_SERVER)

[INFO] 16:10:46:475 memoria/(7931:7952): HANDSHAKE
[INFO] 16:10:46:532 memoria/(7931:7952): --------------0-----------

[INFO] 16:10:46:544 memoria/(7931:7952): ------------Cantpags 1----------

[INFO] 16:10:46:548 memoria/(7931:7952): ------------Cantframes 32----------

[INFO] 16:10:46:554 memoria/(7931:7952): Allocando primer mitad del hmd en 0

[INFO] 16:10:46:559 memoria/(7931:7952): -------------0--------------

[INFO] 16:10:46:572 memoria/(7931:7952): Allocando segunda mitad del hmd en 1

[INFO] 16:10:46:579 memoria/(7931:7952): -------------1--------------

[INFO] 16:10:46:580 memoria/(7931:7952): Cant_frames mayor
[INFO] 16:10:46:582 memoria/(7931:7952): ------------Cantpags 1----------

[INFO] 16:10:46:586 memoria/(7931:7952): ------------Cantframes 30----------

[INFO] 16:10:46:587 memoria/(7931:7952): Cant_frames mayor
[INFO] 16:10:46:588 memoria/(7931:7952): DISCONNECT!
[INFO] 16:10:48:054 memoria/(7931:7931): Cliente conectado (a MEMORIA_SERVER)

[INFO] 16:10:48:184 memoria/(7931:7973): HANDSHAKE
[INFO] 16:10:48:246 memoria/(7931:7973): --------------32-----------

[INFO] 16:10:48:246 memoria/(7931:7973): ------------Cantpags 1----------

[INFO] 16:10:48:247 memoria/(7931:7973): ------------Cantframes 32----------

[INFO] 16:10:48:247 memoria/(7931:7973): Allocando primer mitad del hmd en 2

[INFO] 16:10:48:248 memoria/(7931:7973): -------------2--------------

[INFO] 16:10:48:248 memoria/(7931:7973): Allocando segunda mitad del hmd en 3

[INFO] 16:10:48:249 memoria/(7931:7973): -------------3--------------

[INFO] 16:10:48:250 memoria/(7931:7973): Cant_frames mayor
[INFO] 16:10:48:250 memoria/(7931:7973): ------------Cantpags 1----------

[INFO] 16:10:48:253 memoria/(7931:7973): ------------Cantframes 30----------

[INFO] 16:10:48:255 memoria/(7931:7973): Cant_frames mayor
[INFO] 16:10:48:258 memoria/(7931:7973): DISCONNECT!
[INFO] 16:10:49:658 memoria/(7931:7931): Cliente conectado (a MEMORIA_SERVER)

[INFO] 16:10:49:772 memoria/(7931:7994): HANDSHAKE
[INFO] 16:10:49:815 memoria/(7931:7994): --------------64-----------

[INFO] 16:10:49:816 memoria/(7931:7994): ------------Cantpags 1----------

[INFO] 16:10:49:822 memoria/(7931:7994): ------------Cantframes 32----------

[INFO] 16:10:49:822 memoria/(7931:7994): Allocando primer mitad del hmd en 4

[INFO] 16:10:49:823 memoria/(7931:7994): -------------4--------------

[INFO] 16:10:49:826 memoria/(7931:7994): Allocando segunda mitad del hmd en 5

[INFO] 16:10:49:826 memoria/(7931:7994): -------------5--------------

[INFO] 16:10:49:827 memoria/(7931:7994): Cant_frames mayor
[INFO] 16:10:49:828 memoria/(7931:7994): ------------Cantpags 1----------

[INFO] 16:10:49:830 memoria/(7931:7994): ------------Cantframes 30----------

[INFO] 16:10:49:832 memoria/(7931:7994): Cant_frames mayor
[INFO] 16:10:49:853 memoria/(7931:7994): DISCONNECT!
[INFO] 16:10:51:140 memoria/(7931:7931): Cliente conectado (a MEMORIA_SERVER)

[INFO] 16:10:51:238 memoria/(7931:8015): HANDSHAKE
[INFO] 16:10:51:299 memoria/(7931:8015): --------------96-----------

[INFO] 16:10:51:302 memoria/(7931:8015): ------------Cantpags 1----------

[INFO] 16:10:51:302 memoria/(7931:8015): ------------Cantframes 32----------

[INFO] 16:10:51:303 memoria/(7931:8015): Allocando primer mitad del hmd en 6

[INFO] 16:10:51:304 memoria/(7931:8015): -------------6--------------

[INFO] 16:10:51:307 memoria/(7931:8015): Allocando segunda mitad del hmd en 7

[INFO] 16:10:51:308 memoria/(7931:8015): -------------7--------------

[INFO] 16:10:51:310 memoria/(7931:8015): Cant_frames mayor
[INFO] 16:10:51:310 memoria/(7931:8015): ------------Cantpags 1----------

[INFO] 16:10:51:315 memoria/(7931:8015): ------------Cantframes 30----------

[INFO] 16:10:51:316 memoria/(7931:8015): Cant_frames mayor
[INFO] 16:10:51:317 memoria/(7931:8015): DISCONNECT!
[INFO] 16:10:52:534 memoria/(7931:7931): Cliente conectado (a MEMORIA_SERVER)

[INFO] 16:10:52:631 memoria/(7931:8036): HANDSHAKE
[INFO] 16:10:52:693 memoria/(7931:8036): --------------128-----------

[INFO] 16:10:52:694 memoria/(7931:8036): ------------Cantpags 1----------

[INFO] 16:10:52:694 memoria/(7931:8036): ------------Cantframes 32----------

[INFO] 16:10:52:695 memoria/(7931:8036): Allocando primer mitad del hmd en 8

[INFO] 16:10:52:696 memoria/(7931:8036): -------------8--------------

[INFO] 16:10:52:696 memoria/(7931:8036): Allocando segunda mitad del hmd en 9

[INFO] 16:10:52:699 memoria/(7931:8036): -------------9--------------

[INFO] 16:10:52:699 memoria/(7931:8036): Cant_frames mayor
[INFO] 16:10:52:699 memoria/(7931:8036): ------------Cantpags 1----------

[INFO] 16:10:52:701 memoria/(7931:8036): ------------Cantframes 30----------

[INFO] 16:10:52:702 memoria/(7931:8036): Cant_frames mayor
[INFO] 16:10:52:703 memoria/(7931:8036): DISCONNECT!
[INFO] 16:13:08:959 memoria/(8144:8144): CONFIGURACION CARGADA EXITOSAMENTE
[INFO] 16:13:09:146 memoria/(8144:8144): Cliente conectado en 127.0.0.3:5005 (a Server)

[INFO] 16:13:09:151 memoria/(8144:8144): ------2---------

[INFO] 16:13:09:156 memoria/(8144:8144): Escuchando en 127.0.0.1:5001 (MEMORIA_SERVER)

[INFO] 16:13:11:737 memoria/(8144:8144): Cliente conectado (a MEMORIA_SERVER)

[INFO] 16:13:11:882 memoria/(8144:8165): HANDSHAKE
[INFO] 16:13:11:928 memoria/(8144:8165): --------------0-----------

[INFO] 16:13:11:953 memoria/(8144:8165): ------------Cantpags 1----------

[INFO] 16:13:11:960 memoria/(8144:8165): ------------Cantframes 32----------

[INFO] 16:13:11:968 memoria/(8144:8165): Allocando primer mitad del hmd en 0

[INFO] 16:13:11:971 memoria/(8144:8165): -------------0--------------

[INFO] 16:13:11:974 memoria/(8144:8165): Allocando segunda mitad del hmd en 1

[INFO] 16:13:11:976 memoria/(8144:8165): -------------1--------------

[INFO] 16:13:11:979 memoria/(8144:8165): Cant_frames mayor
[INFO] 16:13:11:991 memoria/(8144:8165): ------------Cantpags 1----------

[INFO] 16:13:11:997 memoria/(8144:8165): ------------Cantframes 30----------

[INFO] 16:13:11:999 memoria/(8144:8165): Cant_frames mayor
[INFO] 16:13:12:005 memoria/(8144:8165): DISCONNECT!
[INFO] 16:13:14:615 memoria/(8144:8144): Cliente conectado (a MEMORIA_SERVER)

[INFO] 16:13:14:707 memoria/(8144:8186): HANDSHAKE
[INFO] 16:13:14:767 memoria/(8144:8186): --------------32-----------

[INFO] 16:13:14:769 memoria/(8144:8186): ------------Cantpags 1----------

[INFO] 16:13:14:770 memoria/(8144:8186): ------------Cantframes 32----------

[INFO] 16:13:14:771 memoria/(8144:8186): Allocando primer mitad del hmd en 2

[INFO] 16:13:14:772 memoria/(8144:8186): -------------2--------------

[INFO] 16:13:14:772 memoria/(8144:8186): Allocando segunda mitad del hmd en 3

[INFO] 16:13:14:773 memoria/(8144:8186): -------------3--------------

[INFO] 16:13:14:773 memoria/(8144:8186): Cant_frames mayor
[INFO] 16:13:14:777 memoria/(8144:8186): ------------Cantpags 1----------

[INFO] 16:13:14:780 memoria/(8144:8186): ------------Cantframes 30----------

[INFO] 16:13:14:782 memoria/(8144:8186): Cant_frames mayor
[INFO] 16:13:14:784 memoria/(8144:8186): DISCONNECT!
[INFO] 16:13:16:557 memoria/(8144:8144): Cliente conectado (a MEMORIA_SERVER)

[INFO] 16:13:16:680 memoria/(8144:8209): HANDSHAKE
[INFO] 16:13:16:731 memoria/(8144:8209): --------------64-----------

[INFO] 16:13:16:737 memoria/(8144:8209): ------------Cantpags 1----------

[INFO] 16:13:16:739 memoria/(8144:8209): ------------Cantframes 32----------

[INFO] 16:13:16:740 memoria/(8144:8209): Allocando primer mitad del hmd en 4

[INFO] 16:13:16:741 memoria/(8144:8209): -------------4--------------

[INFO] 16:13:16:742 memoria/(8144:8209): Allocando segunda mitad del hmd en 5

[INFO] 16:13:16:743 memoria/(8144:8209): -------------5--------------

[INFO] 16:13:16:744 memoria/(8144:8209): Cant_frames mayor
[INFO] 16:13:16:744 memoria/(8144:8209): ------------Cantpags 1----------

[INFO] 16:13:16:746 memoria/(8144:8209): ------------Cantframes 30----------

[INFO] 16:13:16:747 memoria/(8144:8209): Cant_frames mayor
[INFO] 16:13:16:748 memoria/(8144:8209): DISCONNECT!
[INFO] 16:13:19:206 memoria/(8144:8144): Cliente conectado (a MEMORIA_SERVER)

[INFO] 16:13:19:331 memoria/(8144:8232): HANDSHAKE
[INFO] 16:13:19:379 memoria/(8144:8232): --------------96-----------

[INFO] 16:13:19:380 memoria/(8144:8232): ------------Cantpags 1----------

[INFO] 16:13:19:381 memoria/(8144:8232): ------------Cantframes 32----------

[INFO] 16:13:19:384 memoria/(8144:8232): Allocando primer mitad del hmd en 6

[INFO] 16:13:19:386 memoria/(8144:8232): -------------6--------------

[INFO] 16:13:19:386 memoria/(8144:8232): Allocando segunda mitad del hmd en 7

[INFO] 16:13:19:387 memoria/(8144:8232): -------------7--------------

[INFO] 16:13:19:390 memoria/(8144:8232): Cant_frames mayor
[INFO] 16:13:19:391 memoria/(8144:8232): ------------Cantpags 1----------

[INFO] 16:13:19:392 memoria/(8144:8232): ------------Cantframes 30----------

[INFO] 16:13:19:400 memoria/(8144:8232): Cant_frames mayor
[INFO] 16:13:19:415 memoria/(8144:8232): DISCONNECT!
[INFO] 16:13:21:854 memoria/(8144:8144): Cliente conectado (a MEMORIA_SERVER)

[INFO] 16:13:21:955 memoria/(8144:8253): HANDSHAKE
[INFO] 16:13:22:028 memoria/(8144:8253): --------------128-----------

[INFO] 16:13:22:030 memoria/(8144:8253): te pasaste del grado de multip

[INFO] 16:33:32:162 memoria/(8803:8803): CONFIGURACION CARGADA EXITOSAMENTE
[INFO] 16:33:32:294 memoria/(8803:8803): Cliente conectado en 127.0.0.3:5005 (a Server)

[INFO] 16:33:32:299 memoria/(8803:8803): ------2---------

[INFO] 16:33:32:301 memoria/(8803:8803): Escuchando en 127.0.0.1:5001 (MEMORIA_SERVER)

[INFO] 16:33:44:867 memoria/(8803:8803): Cliente conectado (a MEMORIA_SERVER)

[INFO] 16:33:44:980 memoria/(8803:8824): HANDSHAKE
[INFO] 16:33:45:027 memoria/(8803:8824): --------------0-----------

[INFO] 16:33:45:052 memoria/(8803:8824): Allocando primer mitad del hmd en 0

[INFO] 16:33:45:056 memoria/(8803:8824): -------------0--------------

[INFO] 16:33:45:058 memoria/(8803:8824): Allocando segunda mitad del hmd en 1

[INFO] 16:33:45:060 memoria/(8803:8824): -------------1--------------

[INFO] 16:33:45:063 memoria/(8803:8824): Cant_frames mayor
[INFO] 16:33:45:068 memoria/(8803:8824): Cant_frames mayor
[INFO] 16:33:45:069 memoria/(8803:8824): DISCONNECT!
[INFO] 16:33:48:928 memoria/(8803:8803): Cliente conectado (a MEMORIA_SERVER)

[INFO] 16:33:49:054 memoria/(8803:8845): HANDSHAKE
[INFO] 16:33:49:098 memoria/(8803:8845): --------------32-----------

[INFO] 16:33:49:099 memoria/(8803:8845): Allocando primer mitad del hmd en 2

[INFO] 16:33:49:100 memoria/(8803:8845): -------------2--------------

[INFO] 16:33:49:101 memoria/(8803:8845): Allocando segunda mitad del hmd en 3

[INFO] 16:33:49:104 memoria/(8803:8845): -------------3--------------

[INFO] 16:33:49:108 memoria/(8803:8845): Cant_frames mayor
[INFO] 16:33:49:126 memoria/(8803:8845): Cant_frames mayor
[INFO] 16:33:49:139 memoria/(8803:8845): DISCONNECT!
[INFO] 16:39:01:047 memoria/(9009:9009): CONFIGURACION CARGADA EXITOSAMENTE
[INFO] 16:39:01:244 memoria/(9009:9009): Cliente conectado en 127.0.0.3:5005 (a Server)

[INFO] 16:39:01:263 memoria/(9009:9009): ------2---------

[INFO] 16:39:01:267 memoria/(9009:9009): Escuchando en 127.0.0.1:5001 (MEMORIA_SERVER)

[INFO] 16:39:05:848 memoria/(9009:9009): Cliente conectado (a MEMORIA_SERVER)

[INFO] 16:39:05:948 memoria/(9009:9030): HANDSHAKE
[INFO] 16:39:06:010 memoria/(9009:9030): --------------0-----------

[INFO] 16:39:06:022 memoria/(9009:9030): El frame es el 0 

[INFO] 16:39:06:030 memoria/(9009:9030): Allocando primer mitad del hmd en 0

[INFO] 16:39:06:035 memoria/(9009:9030): -------------0--------------

[INFO] 16:39:06:038 memoria/(9009:9030): El frame es el 1 

[INFO] 16:39:06:039 memoria/(9009:9030): Allocando segunda mitad del hmd en 1

[INFO] 16:39:06:039 memoria/(9009:9030): -------------1--------------

[INFO] 16:39:06:040 memoria/(9009:9030): Cant_frames mayor
[INFO] 16:39:06:044 memoria/(9009:9030): Cant_frames mayor
[INFO] 16:39:06:044 memoria/(9009:9030): DISCONNECT!
[INFO] 16:39:14:076 memoria/(9009:9009): Cliente conectado (a MEMORIA_SERVER)

[INFO] 16:39:14:173 memoria/(9009:9056): HANDSHAKE
[INFO] 16:39:14:215 memoria/(9009:9056): --------------32-----------

[INFO] 16:39:14:217 memoria/(9009:9056): El frame es el 2 

[INFO] 16:39:14:219 memoria/(9009:9056): Allocando primer mitad del hmd en 2

[INFO] 16:39:14:220 memoria/(9009:9056): -------------2--------------

[INFO] 16:39:14:222 memoria/(9009:9056): El frame es el 3 

[INFO] 16:39:14:226 memoria/(9009:9056): Allocando segunda mitad del hmd en 3

[INFO] 16:39:14:227 memoria/(9009:9056): -------------3--------------

[INFO] 16:39:14:231 memoria/(9009:9056): Cant_frames mayor
[INFO] 16:39:14:238 memoria/(9009:9056): Cant_frames mayor
[INFO] 16:39:14:241 memoria/(9009:9056): DISCONNECT!
[INFO] 16:43:24:451 memoria/(9193:9193): CONFIGURACION CARGADA EXITOSAMENTE
[INFO] 16:43:24:530 memoria/(9193:9193): Cliente conectado en 127.0.0.3:5005 (a Server)

[INFO] 16:43:24:535 memoria/(9193:9193): ------2---------

[INFO] 16:43:24:537 memoria/(9193:9193): Escuchando en 127.0.0.1:5001 (MEMORIA_SERVER)

[INFO] 16:43:30:570 memoria/(9193:9193): Cliente conectado (a MEMORIA_SERVER)

[INFO] 16:43:30:669 memoria/(9193:9219): HANDSHAKE
[INFO] 16:43:30:740 memoria/(9193:9219): --------------0-----------

[INFO] 16:43:30:743 memoria/(9193:9219): ID:---------------402653184-----------

[INFO] 16:43:30:754 memoria/(9193:9219): El frame es el 0 

[INFO] 16:43:30:766 memoria/(9193:9219): Allocando primer mitad del hmd en 0

[INFO] 16:43:30:781 memoria/(9193:9219): -------------0--------------

[INFO] 16:43:30:782 memoria/(9193:9219): El frame es el 1 

[INFO] 16:43:30:784 memoria/(9193:9219): Allocando segunda mitad del hmd en 1

[INFO] 16:43:30:786 memoria/(9193:9219): -------------1--------------

[INFO] 16:43:30:787 memoria/(9193:9219): Cant_frames mayor
[INFO] 16:43:30:796 memoria/(9193:9219): Cant_frames mayor
[INFO] 16:43:30:797 memoria/(9193:9219): DISCONNECT!
[INFO] 16:43:34:926 memoria/(9193:9193): Cliente conectado (a MEMORIA_SERVER)

[INFO] 16:43:35:044 memoria/(9193:9240): HANDSHAKE
[INFO] 16:43:35:089 memoria/(9193:9240): --------------32-----------

[INFO] 16:43:35:090 memoria/(9193:9240): ID:---------------1610612736-----------

[INFO] 16:43:35:091 memoria/(9193:9240): El frame es el 2 

[INFO] 16:43:35:092 memoria/(9193:9240): Allocando primer mitad del hmd en 2

[INFO] 16:43:35:093 memoria/(9193:9240): -------------2--------------

[INFO] 16:43:35:094 memoria/(9193:9240): El frame es el 3 

[INFO] 16:43:35:094 memoria/(9193:9240): Allocando segunda mitad del hmd en 3

[INFO] 16:43:35:094 memoria/(9193:9240): -------------3--------------

[INFO] 16:43:35:095 memoria/(9193:9240): Cant_frames mayor
[INFO] 16:43:35:099 memoria/(9193:9240): Cant_frames mayor
[INFO] 16:43:35:120 memoria/(9193:9240): DISCONNECT!
[INFO] 16:46:13:733 memoria/(9346:9346): CONFIGURACION CARGADA EXITOSAMENTE
[INFO] 16:46:13:814 memoria/(9346:9346): Cliente conectado en 127.0.0.3:5005 (a Server)

[INFO] 16:46:13:822 memoria/(9346:9346): ------2---------

[INFO] 16:46:13:825 memoria/(9346:9346): Escuchando en 127.0.0.1:5001 (MEMORIA_SERVER)

[INFO] 16:46:19:746 memoria/(9346:9346): Cliente conectado (a MEMORIA_SERVER)

[INFO] 16:46:19:852 memoria/(9346:9367): HANDSHAKE
[INFO] 16:46:19:935 memoria/(9346:9367): --------------0-----------

[INFO] 16:46:19:961 memoria/(9346:9367): El frame es el 0 

[INFO] 16:46:19:971 memoria/(9346:9367): Allocando primer mitad del hmd en 0

[INFO] 16:46:19:974 memoria/(9346:9367): -------------0--------------

[INFO] 16:46:19:976 memoria/(9346:9367): El frame es el 1 

[INFO] 16:46:19:978 memoria/(9346:9367): Allocando segunda mitad del hmd en 1

[INFO] 16:46:19:980 memoria/(9346:9367): -------------1--------------

[INFO] 16:46:19:981 memoria/(9346:9367): Cant_frames mayor
[INFO] 16:46:19:989 memoria/(9346:9367): Cant_frames mayor
[INFO] 16:46:19:989 memoria/(9346:9367): DISCONNECT!
[INFO] 16:46:24:307 memoria/(9346:9346): Cliente conectado (a MEMORIA_SERVER)

[INFO] 16:46:24:410 memoria/(9346:9401): HANDSHAKE
[INFO] 16:46:24:468 memoria/(9346:9401): --------------32-----------

[INFO] 16:46:24:470 memoria/(9346:9401): El frame es el 32 

[INFO] 16:46:24:470 memoria/(9346:9401): Allocando primer mitad del hmd en 32

[INFO] 16:46:24:471 memoria/(9346:9401): -------------32--------------

[INFO] 16:46:24:471 memoria/(9346:9401): El frame es el 33 

[INFO] 16:46:24:472 memoria/(9346:9401): Allocando segunda mitad del hmd en 33

[INFO] 16:46:24:472 memoria/(9346:9401): -------------33--------------

[INFO] 16:46:24:472 memoria/(9346:9401): Cant_frames mayor
[INFO] 16:46:24:474 memoria/(9346:9401): Cant_frames mayor
[INFO] 16:46:24:479 memoria/(9346:9401): DISCONNECT!
[INFO] 16:49:51:540 memoria/(9514:9514): CONFIGURACION CARGADA EXITOSAMENTE
[INFO] 16:49:51:611 memoria/(9514:9514): Cliente conectado en 127.0.0.3:5005 (a Server)

[INFO] 16:49:51:615 memoria/(9514:9514): ------2---------

[INFO] 16:49:51:617 memoria/(9514:9514): Escuchando en 127.0.0.1:5001 (MEMORIA_SERVER)

[INFO] 16:49:53:891 memoria/(9514:9514): Cliente conectado (a MEMORIA_SERVER)

[INFO] 16:49:53:983 memoria/(9514:9535): HANDSHAKE
[INFO] 16:49:54:025 memoria/(9514:9535): --------------0-----------

[INFO] 16:49:54:053 memoria/(9514:9535): Cant_frames menor
[INFO] 16:49:54:062 memoria/(9514:9535): DISCONNECT!
[INFO] 16:56:44:349 memoria/(9718:9718): CONFIGURACION CARGADA EXITOSAMENTE
[INFO] 16:56:44:425 memoria/(9718:9718): Cliente conectado en 127.0.0.3:5005 (a Server)

[INFO] 16:56:44:429 memoria/(9718:9718): ------2---------

[INFO] 16:56:44:430 memoria/(9718:9718): Escuchando en 127.0.0.1:5001 (MEMORIA_SERVER)

[INFO] 16:56:49:797 memoria/(9718:9718): Cliente conectado (a MEMORIA_SERVER)

[INFO] 16:56:49:941 memoria/(9718:9739): HANDSHAKE
[INFO] 16:56:49:947 memoria/(9718:9739): --------------0-----------

[INFO] 16:56:49:960 memoria/(9718:9739): El frame es el 0 

[INFO] 16:56:49:964 memoria/(9718:9739): -------------0--------------

[INFO] 16:56:49:965 memoria/(9718:9739): El frame es el 1 

[INFO] 16:56:49:966 memoria/(9718:9739): -------------1--------------

[INFO] 16:56:49:966 memoria/(9718:9739): El frame es el 2 

[INFO] 16:56:49:967 memoria/(9718:9739): -------------2--------------

[INFO] 16:56:49:967 memoria/(9718:9739): Cant_frames mayor
[INFO] 16:56:49:968 memoria/(9718:9739): DISCONNECT!
[INFO] 16:56:56:444 memoria/(9718:9718): Cliente conectado (a MEMORIA_SERVER)

[INFO] 16:56:56:547 memoria/(9718:9760): HANDSHAKE
[INFO] 16:56:56:604 memoria/(9718:9760): --------------32-----------

[INFO] 16:56:56:605 memoria/(9718:9760): El frame es el 32 

[INFO] 16:56:56:612 memoria/(9718:9760): -------------32--------------

[INFO] 16:56:56:612 memoria/(9718:9760): El frame es el 33 

[INFO] 16:56:56:613 memoria/(9718:9760): -------------33--------------

[INFO] 16:56:56:617 memoria/(9718:9760): El frame es el 34 

[INFO] 16:56:56:619 memoria/(9718:9760): -------------34--------------

[INFO] 16:56:56:620 memoria/(9718:9760): Cant_frames mayor
[INFO] 16:56:56:622 memoria/(9718:9760): DISCONNECT!
[INFO] 16:57:11:162 memoria/(9808:9808): CONFIGURACION CARGADA EXITOSAMENTE
[INFO] 16:57:11:266 memoria/(9808:9808): Cliente conectado en 127.0.0.3:5005 (a Server)

[INFO] 16:57:11:271 memoria/(9808:9808): ------2---------

[INFO] 16:57:11:274 memoria/(9808:9808): Escuchando en 127.0.0.1:5001 (MEMORIA_SERVER)

[INFO] 16:57:13:258 memoria/(9808:9808): Cliente conectado (a MEMORIA_SERVER)

[INFO] 16:57:13:358 memoria/(9808:9829): HANDSHAKE
[INFO] 16:57:13:431 memoria/(9808:9829): --------------0-----------

[INFO] 16:57:13:442 memoria/(9808:9829): Cant_frames menor
[INFO] 16:57:13:444 memoria/(9808:9829): DISCONNECT!
[INFO] 16:58:46:797 memoria/(9941:9941): CONFIGURACION CARGADA EXITOSAMENTE
[INFO] 16:58:46:934 memoria/(9941:9941): Cliente conectado en 127.0.0.3:5005 (a Server)

[INFO] 16:58:46:947 memoria/(9941:9941): ------2---------

[INFO] 16:58:46:949 memoria/(9941:9941): Escuchando en 127.0.0.1:5001 (MEMORIA_SERVER)

[INFO] 16:58:49:216 memoria/(9941:9941): Cliente conectado (a MEMORIA_SERVER)

[INFO] 16:58:49:391 memoria/(9941:9962): HANDSHAKE
[INFO] 16:58:49:442 memoria/(9941:9962): --------------0-----------

[INFO] 16:58:49:457 memoria/(9941:9962): El frame es el 0 

[INFO] 16:58:49:462 memoria/(9941:9962): -------------0--------------

[INFO] 16:58:49:463 memoria/(9941:9962): El frame es el 1 

[INFO] 16:58:49:464 memoria/(9941:9962): -------------1--------------

[INFO] 16:58:49:464 memoria/(9941:9962): El frame es el 2 

[INFO] 16:58:49:465 memoria/(9941:9962): -------------2--------------

[INFO] 16:58:49:466 memoria/(9941:9962): Cant_frames mayor
[INFO] 16:58:49:481 memoria/(9941:9962): DISCONNECT!
[INFO] 17:01:51:288 memoria/(10078:10078): CONFIGURACION CARGADA EXITOSAMENTE
[INFO] 17:01:51:367 memoria/(10078:10078): Cliente conectado en 127.0.0.3:5005 (a Server)

[INFO] 17:01:51:373 memoria/(10078:10078): ------2---------

[INFO] 17:01:51:377 memoria/(10078:10078): Escuchando en 127.0.0.1:5001 (MEMORIA_SERVER)

[INFO] 17:01:57:147 memoria/(10078:10078): Cliente conectado (a MEMORIA_SERVER)

[INFO] 17:01:57:267 memoria/(10078:10107): HANDSHAKE
[INFO] 17:01:57:324 memoria/(10078:10107): --------------0-----------

[INFO] 17:01:57:338 memoria/(10078:10107): CANTIDAD PAGS-------------5--------------

[INFO] 17:01:57:341 memoria/(10078:10107): El frame es el 0 

[INFO] 17:01:57:346 memoria/(10078:10107): -------------0--------------

[INFO] 17:01:57:347 memoria/(10078:10107): El frame es el 1 

[INFO] 17:01:57:347 memoria/(10078:10107): -------------1--------------

[INFO] 17:01:57:348 memoria/(10078:10107): El frame es el 2 

[INFO] 17:01:57:348 memoria/(10078:10107): -------------2--------------

[INFO] 17:01:57:348 memoria/(10078:10107): Cant_frames mayor
[INFO] 17:01:57:349 memoria/(10078:10107): DISCONNECT!
[INFO] 17:06:15:366 memoria/(10232:10232): CONFIGURACION CARGADA EXITOSAMENTE
[INFO] 17:06:15:445 memoria/(10232:10232): Cliente conectado en 127.0.0.3:5005 (a Server)

[INFO] 17:06:15:451 memoria/(10232:10232): ------2---------

[INFO] 17:06:15:453 memoria/(10232:10232): Escuchando en 127.0.0.1:5001 (MEMORIA_SERVER)

[INFO] 17:06:18:972 memoria/(10232:10232): Cliente conectado (a MEMORIA_SERVER)

[INFO] 17:06:19:067 memoria/(10232:10253): HANDSHAKE
[INFO] 17:06:19:126 memoria/(10232:10253): --------------0-----------

[INFO] 17:06:19:137 memoria/(10232:10253): El frame es el 0 

[INFO] 17:06:19:138 memoria/(10232:10253): -------------0--------------

[INFO] 17:06:19:143 memoria/(10232:10253): El frame es el 1 

[INFO] 17:06:19:144 memoria/(10232:10253): -------------1--------------

[INFO] 17:06:19:146 memoria/(10232:10253): El frame es el 2 

[INFO] 17:06:19:148 memoria/(10232:10253): -------------2--------------

[INFO] 17:06:19:148 memoria/(10232:10253): Cant_frames mayor
[INFO] 17:06:19:149 memoria/(10232:10253): DISCONNECT!
[INFO] 17:07:13:866 memoria/(10335:10335): CONFIGURACION CARGADA EXITOSAMENTE
[INFO] 17:07:14:024 memoria/(10335:10335): Cliente conectado en 127.0.0.3:5005 (a Server)

[INFO] 17:07:14:029 memoria/(10335:10335): ------2---------

[INFO] 17:07:14:031 memoria/(10335:10335): Escuchando en 127.0.0.1:5001 (MEMORIA_SERVER)

[INFO] 17:07:16:834 memoria/(10335:10335): Cliente conectado (a MEMORIA_SERVER)

[INFO] 17:07:16:948 memoria/(10335:10357): HANDSHAKE
[INFO] 17:07:17:012 memoria/(10335:10357): --------------0-----------

[INFO] 17:07:17:028 memoria/(10335:10357): El frame es el 0 

[INFO] 17:07:17:028 memoria/(10335:10357): -------------0--------------

[INFO] 17:07:17:031 memoria/(10335:10357): I)-------------0--------------

[INFO] 17:07:17:032 memoria/(10335:10357): El frame es el 1 

[INFO] 17:07:17:033 memoria/(10335:10357): -------------1--------------

[INFO] 17:07:17:033 memoria/(10335:10357): I)-------------1--------------

[INFO] 17:07:17:034 memoria/(10335:10357): El frame es el 2 

[INFO] 17:07:17:034 memoria/(10335:10357): -------------2--------------

[INFO] 17:07:17:034 memoria/(10335:10357): I)-------------2--------------

[INFO] 17:07:17:035 memoria/(10335:10357): Cant_frames mayor
[INFO] 17:07:17:037 memoria/(10335:10357): DISCONNECT!
[INFO] 17:07:47:343 memoria/(10424:10424): CONFIGURACION CARGADA EXITOSAMENTE
[INFO] 17:07:47:461 memoria/(10424:10424): Cliente conectado en 127.0.0.3:5005 (a Server)

[INFO] 17:07:47:468 memoria/(10424:10424): ------2---------

[INFO] 17:07:47:471 memoria/(10424:10424): Escuchando en 127.0.0.1:5001 (MEMORIA_SERVER)

[INFO] 17:07:51:089 memoria/(10424:10424): Cliente conectado (a MEMORIA_SERVER)

[INFO] 17:07:51:202 memoria/(10424:10450): HANDSHAKE
[INFO] 17:07:51:261 memoria/(10424:10450): --------------0-----------

[INFO] 17:07:51:276 memoria/(10424:10450): I)-------------0--------------

[INFO] 17:07:51:278 memoria/(10424:10450): El frame es el 0 

[INFO] 17:07:51:279 memoria/(10424:10450): -------------0--------------

[INFO] 17:07:51:284 memoria/(10424:10450): I)-------------1--------------

[INFO] 17:07:51:285 memoria/(10424:10450): El frame es el 1 

[INFO] 17:07:51:285 memoria/(10424:10450): -------------1--------------

[INFO] 17:07:51:286 memoria/(10424:10450): I)-------------2--------------

[INFO] 17:07:51:287 memoria/(10424:10450): El frame es el 2 

[INFO] 17:07:51:287 memoria/(10424:10450): -------------2--------------

[INFO] 17:07:51:287 memoria/(10424:10450): Cant_frames mayor
[INFO] 17:07:51:289 memoria/(10424:10450): DISCONNECT!
[INFO] 17:09:50:663 memoria/(10545:10545): CONFIGURACION CARGADA EXITOSAMENTE
[INFO] 17:09:50:752 memoria/(10545:10545): Cliente conectado en 127.0.0.3:5005 (a Server)

[INFO] 17:09:50:760 memoria/(10545:10545): ------2---------

[INFO] 17:09:50:762 memoria/(10545:10545): Escuchando en 127.0.0.1:5001 (MEMORIA_SERVER)

[INFO] 17:09:52:659 memoria/(10545:10545): Cliente conectado (a MEMORIA_SERVER)

[INFO] 17:09:52:841 memoria/(10545:10566): HANDSHAKE
[INFO] 17:09:52:889 memoria/(10545:10566): --------------0-----------

[INFO] 17:09:52:922 memoria/(10545:10566): El frame es el 0 

[INFO] 17:09:52:923 memoria/(10545:10566): -------------0--------------

[INFO] 17:09:52:932 memoria/(10545:10566): El frame es el 1 

[INFO] 17:09:52:932 memoria/(10545:10566): -------------1--------------

[INFO] 17:09:52:933 memoria/(10545:10566): El frame es el 2 

[INFO] 17:09:52:934 memoria/(10545:10566): -------------2--------------

[INFO] 17:09:52:934 memoria/(10545:10566): El frame es el 3 

[INFO] 17:09:52:935 memoria/(10545:10566): -------------3--------------

[INFO] 17:09:52:938 memoria/(10545:10566): -------------65535--------------

[INFO] 17:09:52:939 memoria/(10545:10566): Allocando todo el hmd en 65535

[INFO] 17:09:52:940 memoria/(10545:10566): -------------65535--------------

[INFO] 17:09:52:941 memoria/(10545:10566): Allocando todo el hmd en 65535

[INFO] 17:09:52:941 memoria/(10545:10566): Cant_frames mayor
[INFO] 17:09:52:942 memoria/(10545:10566): DISCONNECT!
[INFO] 17:11:23:368 memoria/(10654:10654): CONFIGURACION CARGADA EXITOSAMENTE
[INFO] 17:11:23:444 memoria/(10654:10654): Cliente conectado en 127.0.0.3:5005 (a Server)

[INFO] 17:11:23:448 memoria/(10654:10654): ------2---------

[INFO] 17:11:23:451 memoria/(10654:10654): Escuchando en 127.0.0.1:5001 (MEMORIA_SERVER)

[INFO] 17:11:26:101 memoria/(10654:10654): Cliente conectado (a MEMORIA_SERVER)

[INFO] 17:11:26:243 memoria/(10654:10675): HANDSHAKE
[INFO] 17:11:26:287 memoria/(10654:10675): --------------0-----------

[INFO] 17:11:26:299 memoria/(10654:10675): El frame es el 0 

[INFO] 17:11:26:306 memoria/(10654:10675): Aca hay que swapear vieja

[INFO] 17:11:26:308 memoria/(10654:10675): Cant_frames mayor
[INFO] 17:11:26:311 memoria/(10654:10675): DISCONNECT!
[INFO] 18:09:42:064 memoria/(12208:12208): CONFIGURACION CARGADA EXITOSAMENTE
[INFO] 18:09:42:140 memoria/(12208:12208): Cliente conectado en 127.0.0.3:5005 (a Server)

[INFO] 18:09:42:146 memoria/(12208:12208): ------2---------

[INFO] 18:09:42:150 memoria/(12208:12208): Escuchando en 127.0.0.1:5001 (MEMORIA_SERVER)

[INFO] 18:09:46:927 memoria/(12208:12208): Cliente conectado (a MEMORIA_SERVER)

[INFO] 18:09:47:029 memoria/(12208:12229): HANDSHAKE
[INFO] 18:09:47:075 memoria/(12208:12229): --------------0-----------

[INFO] 18:09:47:092 memoria/(12208:12229): El frame es el 0 

[INFO] 18:09:47:110 memoria/(12208:12229): El frame es el 0 

[INFO] 18:09:47:111 memoria/(12208:12229): El frame es el 0 

[INFO] 18:09:47:118 memoria/(12208:12229): El frame es el 0 

[INFO] 18:09:47:121 memoria/(12208:12229): El frame es el 0 

[INFO] 18:09:47:124 memoria/(12208:12229): Allocando todo el hmd en 65535

[INFO] 18:09:47:125 memoria/(12208:12229): El frame es el 0 

[INFO] 18:09:47:125 memoria/(12208:12229): Allocando todo el hmd en 65535

[INFO] 18:09:47:126 memoria/(12208:12229): Cant_frames mayor
[INFO] 18:09:47:129 memoria/(12208:12229): DISCONNECT!
[INFO] 18:10:47:523 memoria/(12310:12310): CONFIGURACION CARGADA EXITOSAMENTE
[INFO] 18:10:47:619 memoria/(12310:12310): Cliente conectado en 127.0.0.3:5005 (a Server)

[INFO] 18:10:47:624 memoria/(12310:12310): ------2---------

[INFO] 18:10:47:627 memoria/(12310:12310): Escuchando en 127.0.0.1:5001 (MEMORIA_SERVER)

[INFO] 18:10:51:177 memoria/(12310:12310): Cliente conectado (a MEMORIA_SERVER)

[INFO] 18:10:51:311 memoria/(12310:12331): HANDSHAKE
[INFO] 18:10:51:379 memoria/(12310:12331): --------------0-----------

[INFO] 18:10:51:393 memoria/(12310:12331): El frame es el 0 

[INFO] 18:10:51:397 memoria/(12310:12331): Allocando todo el hmd en 65535

[INFO] 18:10:51:404 memoria/(12310:12331): El frame es el 0 

[INFO] 18:10:51:404 memoria/(12310:12331): Allocando todo el hmd en 65535

[INFO] 18:10:51:405 memoria/(12310:12331): Cant_frames mayor
[INFO] 18:10:51:406 memoria/(12310:12331): DISCONNECT!
[INFO] 18:12:21:241 memoria/(12405:12405): CONFIGURACION CARGADA EXITOSAMENTE
[INFO] 18:12:21:314 memoria/(12405:12405): Cliente conectado en 127.0.0.3:5005 (a Server)

[INFO] 18:12:21:317 memoria/(12405:12405): ------2---------

[INFO] 18:12:21:319 memoria/(12405:12405): Escuchando en 127.0.0.1:5001 (MEMORIA_SERVER)

[INFO] 18:12:25:504 memoria/(12405:12405): Cliente conectado (a MEMORIA_SERVER)

[INFO] 18:12:25:602 memoria/(12405:12426): HANDSHAKE
[INFO] 18:12:25:644 memoria/(12405:12426): --------------0-----------

[INFO] 18:12:25:655 memoria/(12405:12426): El frame es el 0 

[INFO] 18:12:25:667 memoria/(12405:12426): Allocando todo el hmd en 0

[INFO] 18:12:25:670 memoria/(12405:12426): El frame es el 1 

[INFO] 18:12:25:671 memoria/(12405:12426): Allocando todo el hmd en 1

[INFO] 18:12:25:671 memoria/(12405:12426): Cant_frames mayor
[INFO] 18:12:25:681 memoria/(12405:12426): DISCONNECT!
[INFO] 18:15:00:143 memoria/(12551:12551): CONFIGURACION CARGADA EXITOSAMENTE
[INFO] 18:15:00:231 memoria/(12551:12551): Cliente conectado en 127.0.0.3:5005 (a Server)

[INFO] 18:15:00:236 memoria/(12551:12551): ------2---------

[INFO] 18:15:00:237 memoria/(12551:12551): Escuchando en 127.0.0.1:5001 (MEMORIA_SERVER)

[INFO] 18:15:03:114 memoria/(12551:12551): Cliente conectado (a MEMORIA_SERVER)

[INFO] 18:15:03:206 memoria/(12551:12572): HANDSHAKE
[INFO] 18:15:03:248 memoria/(12551:12572): --------------0-----------

[INFO] 18:15:03:288 memoria/(12551:12572): El frame es el 0 

[INFO] 18:15:03:298 memoria/(12551:12572): Allocando todo el hmd en 0

[INFO] 18:15:03:302 memoria/(12551:12572): El frame es el 1 

[INFO] 18:15:03:306 memoria/(12551:12572): Allocando todo el hmd en 1

[INFO] 18:15:03:309 memoria/(12551:12572): Cant_frames mayor
[INFO] 18:15:03:313 memoria/(12551:12572): DISCONNECT!
[INFO] 18:15:15:225 memoria/(12551:12551): Cliente conectado (a MEMORIA_SERVER)

[INFO] 18:15:15:315 memoria/(12551:12611): HANDSHAKE
[INFO] 18:15:15:366 memoria/(12551:12611): --------------32-----------

[INFO] 18:15:15:367 memoria/(12551:12611): El frame es el 32 

[INFO] 18:15:15:368 memoria/(12551:12611): Allocando todo el hmd en 32

[INFO] 18:15:15:369 memoria/(12551:12611): El frame es el 33 

[INFO] 18:15:15:370 memoria/(12551:12611): Allocando todo el hmd en 33

[INFO] 18:15:15:372 memoria/(12551:12611): Cant_frames mayor
[INFO] 18:15:15:374 memoria/(12551:12611): DISCONNECT!
[INFO] 18:15:18:890 memoria/(12655:12655): CONFIGURACION CARGADA EXITOSAMENTE
[INFO] 18:15:18:989 memoria/(12655:12655): Cliente conectado en 127.0.0.3:5005 (a Server)

[INFO] 18:15:18:996 memoria/(12655:12655): ------2---------

[INFO] 18:15:18:998 memoria/(12655:12655): Escuchando en 127.0.0.1:5001 (MEMORIA_SERVER)

[INFO] 18:15:20:830 memoria/(12655:12655): Cliente conectado (a MEMORIA_SERVER)

[INFO] 18:15:20:966 memoria/(12655:12676): HANDSHAKE
[INFO] 18:15:21:017 memoria/(12655:12676): --------------0-----------

[INFO] 18:15:21:038 memoria/(12655:12676): El frame es el 0 

[INFO] 18:15:21:043 memoria/(12655:12676): Allocando todo el hmd en 65535

[INFO] 18:15:21:047 memoria/(12655:12676): El frame es el 0 

[INFO] 18:15:21:048 memoria/(12655:12676): Allocando todo el hmd en 65535

[INFO] 18:15:21:051 memoria/(12655:12676): Cant_frames mayor
[INFO] 18:15:21:054 memoria/(12655:12676): DISCONNECT!
[INFO] 18:17:14:120 memoria/(12754:12754): CONFIGURACION CARGADA EXITOSAMENTE
[INFO] 18:17:14:192 memoria/(12754:12754): Cliente conectado en 127.0.0.3:5005 (a Server)

[INFO] 18:17:14:201 memoria/(12754:12754): ------2---------

[INFO] 18:17:14:203 memoria/(12754:12754): Escuchando en 127.0.0.1:5001 (MEMORIA_SERVER)

[INFO] 18:17:18:576 memoria/(12754:12754): Cliente conectado (a MEMORIA_SERVER)

[INFO] 18:17:18:683 memoria/(12754:12775): HANDSHAKE
[INFO] 18:17:18:732 memoria/(12754:12775): --------------0-----------

[INFO] 18:17:18:744 memoria/(12754:12775): El frame es el 0 

[INFO] 18:17:18:747 memoria/(12754:12775): Allocando todo el hmd en 0

[INFO] 18:17:18:749 memoria/(12754:12775): El frame es el 1 

[INFO] 18:17:18:749 memoria/(12754:12775): Allocando todo el hmd en 1

[INFO] 18:17:18:750 memoria/(12754:12775): Cant_frames mayor
[INFO] 18:17:18:750 memoria/(12754:12775): DISCONNECT!
[INFO] 18:17:20:370 memoria/(12754:12754): Cliente conectado (a MEMORIA_SERVER)

[INFO] 18:17:20:467 memoria/(12754:12801): HANDSHAKE
[INFO] 18:17:20:517 memoria/(12754:12801): --------------32-----------

[INFO] 18:17:20:518 memoria/(12754:12801): El frame es el 32 

[INFO] 18:17:20:519 memoria/(12754:12801): Allocando todo el hmd en 32

[INFO] 18:17:20:519 memoria/(12754:12801): El frame es el 33 

[INFO] 18:17:20:519 memoria/(12754:12801): Allocando todo el hmd en 33

[INFO] 18:17:20:519 memoria/(12754:12801): Cant_frames mayor
[INFO] 18:17:20:520 memoria/(12754:12801): DISCONNECT!
[INFO] 18:17:21:967 memoria/(12754:12754): Cliente conectado (a MEMORIA_SERVER)

[INFO] 18:17:22:058 memoria/(12754:12827): HANDSHAKE
[INFO] 18:17:22:106 memoria/(12754:12827): --------------64-----------

[INFO] 18:17:22:107 memoria/(12754:12827): El frame es el 64 

[INFO] 18:17:22:108 memoria/(12754:12827): Allocando todo el hmd en 64

[INFO] 18:17:22:112 memoria/(12754:12827): El frame es el 65 

[INFO] 18:17:22:115 memoria/(12754:12827): Allocando todo el hmd en 65

[INFO] 18:17:22:117 memoria/(12754:12827): Cant_frames mayor
[INFO] 18:17:22:120 memoria/(12754:12827): DISCONNECT!
[INFO] 18:17:52:512 memoria/(12899:12899): CONFIGURACION CARGADA EXITOSAMENTE
[INFO] 18:17:52:586 memoria/(12899:12899): Cliente conectado en 127.0.0.3:5005 (a Server)

[INFO] 18:17:52:591 memoria/(12899:12899): ------2---------

[INFO] 18:17:52:593 memoria/(12899:12899): Escuchando en 127.0.0.1:5001 (MEMORIA_SERVER)

[INFO] 18:17:57:843 memoria/(12899:12899): Cliente conectado (a MEMORIA_SERVER)

[INFO] 18:17:57:945 memoria/(12899:12920): HANDSHAKE
[INFO] 18:17:58:004 memoria/(12899:12920): --------------0-----------

[INFO] 18:17:58:038 memoria/(12899:12920): El frame es el 0 

[INFO] 18:17:58:043 memoria/(12899:12920): Tu mama en ssenos

[INFO] 18:17:58:055 memoria/(12899:12920): Allocando todo el hmd en 65535

[INFO] 18:17:58:064 memoria/(12899:12920): El frame es el 0 

[INFO] 18:17:58:066 memoria/(12899:12920): Tu mama en ssenos

[INFO] 18:17:58:068 memoria/(12899:12920): Allocando todo el hmd en 65535

[INFO] 18:17:58:070 memoria/(12899:12920): Cant_frames mayor
[INFO] 18:17:58:072 memoria/(12899:12920): DISCONNECT!
[INFO] 18:18:24:730 memoria/(12998:12998): CONFIGURACION CARGADA EXITOSAMENTE
[INFO] 18:18:24:804 memoria/(12998:12998): Cliente conectado en 127.0.0.3:5005 (a Server)

[INFO] 18:18:24:809 memoria/(12998:12998): ------2---------

[INFO] 18:18:24:811 memoria/(12998:12998): Escuchando en 127.0.0.1:5001 (MEMORIA_SERVER)

[INFO] 18:18:28:082 memoria/(12998:12998): Cliente conectado (a MEMORIA_SERVER)

[INFO] 18:18:28:312 memoria/(12998:13019): HANDSHAKE
[INFO] 18:18:28:370 memoria/(12998:13019): --------------0-----------

[INFO] 18:18:28:383 memoria/(12998:13019): El frame es el 0 

[INFO] 18:18:28:390 memoria/(12998:13019): Allocando todo el hmd en 0

[INFO] 18:18:28:394 memoria/(12998:13019): El frame es el 1 

[INFO] 18:18:28:395 memoria/(12998:13019): Allocando todo el hmd en 1

[INFO] 18:18:28:395 memoria/(12998:13019): Cant_frames mayor
[INFO] 18:18:28:396 memoria/(12998:13019): DISCONNECT!
