[INFO] 20:24:59:827 SWAmP/(6606:6606): Archivo de configuracion cargado correctamente
[INFO] 20:24:59:899 SWAmP/(6606:6606): Creando archivos SWAP en <</home/utnso/swap1.bin>>
[INFO] 20:24:59:907 SWAmP/(6606:6606): Creando archivos SWAP en <</home/utnso/swap2.bin>>
[INFO] 20:24:59:918 SWAmP/(6606:6606): ------2---------

[INFO] 20:24:59:927 SWAmP/(6606:6606): Escuchando en 0.0.0.0:5005 (SWAmP)

[INFO] 20:24:59:929 SWAmP/(6606:6606): Alloco 3 paginas del carpincho 1
[INFO] 20:24:59:950 SWAmP/(6606:6606): ------------------------
[INFO] 20:24:59:952 SWAmP/(6606:6606): Para SWAP 0
[INFO] 20:24:59:953 SWAmP/(6606:6606): ------------------------
[INFO] 20:24:59:955 SWAmP/(6606:6606): PID: 1
[INFO] 20:24:59:963 SWAmP/(6606:6606): NRO PAGINA: 0
[INFO] 20:24:59:964 SWAmP/(6606:6606): INICIO: 0
[INFO] 20:24:59:965 SWAmP/(6606:6606): NRO SWAP: 0
[INFO] 20:24:59:966 SWAmP/(6606:6606): ------------------------
[INFO] 20:24:59:969 SWAmP/(6606:6606): PID: 1
[INFO] 20:24:59:970 SWAmP/(6606:6606): NRO PAGINA: 1
[INFO] 20:24:59:971 SWAmP/(6606:6606): INICIO: 64
[INFO] 20:24:59:972 SWAmP/(6606:6606): NRO SWAP: 0
[INFO] 20:24:59:972 SWAmP/(6606:6606): ------------------------
[INFO] 20:24:59:973 SWAmP/(6606:6606): PID: 1
[INFO] 20:24:59:973 SWAmP/(6606:6606): NRO PAGINA: 2
[INFO] 20:24:59:974 SWAmP/(6606:6606): INICIO: 128
[INFO] 20:24:59:974 SWAmP/(6606:6606): NRO SWAP: 0
[INFO] 20:24:59:975 SWAmP/(6606:6606): ------------------------
[INFO] 20:24:59:976 SWAmP/(6606:6606): ------------------------
[INFO] 20:24:59:976 SWAmP/(6606:6606): Para SWAP 1
[INFO] 20:24:59:977 SWAmP/(6606:6606): ------------------------
[INFO] 20:24:59:978 SWAmP/(6606:6606): ---------NADA---------
[INFO] 20:24:59:983 SWAmP/(6606:6606): Alloco 1 paginas del carpincho 4
[INFO] 20:24:59:989 SWAmP/(6606:6606): ------------------------
[INFO] 20:24:59:999 SWAmP/(6606:6606): Para SWAP 0
[INFO] 20:25:00:007 SWAmP/(6606:6606): ------------------------
[INFO] 20:25:00:010 SWAmP/(6606:6606): PID: 1
[INFO] 20:25:00:013 SWAmP/(6606:6606): NRO PAGINA: 0
[INFO] 20:25:00:014 SWAmP/(6606:6606): INICIO: 0
[INFO] 20:25:00:015 SWAmP/(6606:6606): NRO SWAP: 0
[INFO] 20:25:00:016 SWAmP/(6606:6606): ------------------------
[INFO] 20:25:00:017 SWAmP/(6606:6606): PID: 1
[INFO] 20:25:00:017 SWAmP/(6606:6606): NRO PAGINA: 1
[INFO] 20:25:00:017 SWAmP/(6606:6606): INICIO: 64
[INFO] 20:25:00:018 SWAmP/(6606:6606): NRO SWAP: 0
[INFO] 20:25:00:018 SWAmP/(6606:6606): ------------------------
[INFO] 20:25:00:018 SWAmP/(6606:6606): PID: 1
[INFO] 20:25:00:018 SWAmP/(6606:6606): NRO PAGINA: 2
[INFO] 20:25:00:019 SWAmP/(6606:6606): INICIO: 128
[INFO] 20:25:00:019 SWAmP/(6606:6606): NRO SWAP: 0
[INFO] 20:25:00:019 SWAmP/(6606:6606): ------------------------
[INFO] 20:25:00:020 SWAmP/(6606:6606): ------------------------
[INFO] 20:25:00:020 SWAmP/(6606:6606): Para SWAP 1
[INFO] 20:25:00:020 SWAmP/(6606:6606): ------------------------
[INFO] 20:25:00:021 SWAmP/(6606:6606): PID: 4
[INFO] 20:25:00:023 SWAmP/(6606:6606): NRO PAGINA: 0
[INFO] 20:25:00:030 SWAmP/(6606:6606): INICIO: 0
[INFO] 20:25:00:032 SWAmP/(6606:6606): NRO SWAP: 1
[INFO] 20:25:00:034 SWAmP/(6606:6606): ------------------------
[INFO] 20:25:00:035 SWAmP/(6606:6606): Alloco 4 paginas del carpincho 2
[INFO] 20:25:00:042 SWAmP/(6606:6606): ------------------------
[INFO] 20:25:00:044 SWAmP/(6606:6606): Para SWAP 0
[INFO] 20:25:00:045 SWAmP/(6606:6606): ------------------------
[INFO] 20:25:00:046 SWAmP/(6606:6606): PID: 1
[INFO] 20:25:00:047 SWAmP/(6606:6606): NRO PAGINA: 0
[INFO] 20:25:00:048 SWAmP/(6606:6606): INICIO: 0
[INFO] 20:25:00:050 SWAmP/(6606:6606): NRO SWAP: 0
[INFO] 20:25:00:051 SWAmP/(6606:6606): ------------------------
[INFO] 20:25:00:052 SWAmP/(6606:6606): PID: 1
[INFO] 20:25:00:053 SWAmP/(6606:6606): NRO PAGINA: 1
[INFO] 20:25:00:053 SWAmP/(6606:6606): INICIO: 64
[INFO] 20:25:00:062 SWAmP/(6606:6606): NRO SWAP: 0
[INFO] 20:25:00:062 SWAmP/(6606:6606): ------------------------
[INFO] 20:25:00:062 SWAmP/(6606:6606): PID: 1
[INFO] 20:25:00:063 SWAmP/(6606:6606): NRO PAGINA: 2
[INFO] 20:25:00:063 SWAmP/(6606:6606): INICIO: 128
[INFO] 20:25:00:063 SWAmP/(6606:6606): NRO SWAP: 0
[INFO] 20:25:00:063 SWAmP/(6606:6606): ------------------------
[INFO] 20:25:00:064 SWAmP/(6606:6606): ------------------------
[INFO] 20:25:00:064 SWAmP/(6606:6606): Para SWAP 1
[INFO] 20:25:00:068 SWAmP/(6606:6606): ------------------------
[INFO] 20:25:00:069 SWAmP/(6606:6606): PID: 4
[INFO] 20:25:00:070 SWAmP/(6606:6606): NRO PAGINA: 0
[INFO] 20:25:00:070 SWAmP/(6606:6606): INICIO: 0
[INFO] 20:25:00:071 SWAmP/(6606:6606): NRO SWAP: 1
[INFO] 20:25:00:071 SWAmP/(6606:6606): ------------------------
[INFO] 20:25:00:072 SWAmP/(6606:6606): PID: 2
[INFO] 20:25:00:072 SWAmP/(6606:6606): NRO PAGINA: 0
[INFO] 20:25:00:073 SWAmP/(6606:6606): INICIO: 64
[INFO] 20:25:00:074 SWAmP/(6606:6606): NRO SWAP: 1
[INFO] 20:25:00:074 SWAmP/(6606:6606): ------------------------
[INFO] 20:25:00:075 SWAmP/(6606:6606): PID: 2
[INFO] 20:25:00:076 SWAmP/(6606:6606): NRO PAGINA: 1
[INFO] 20:25:00:076 SWAmP/(6606:6606): INICIO: 128
[INFO] 20:25:00:077 SWAmP/(6606:6606): NRO SWAP: 1
[INFO] 20:25:00:078 SWAmP/(6606:6606): ------------------------
[INFO] 20:25:00:078 SWAmP/(6606:6606): PID: 2
[INFO] 20:25:00:079 SWAmP/(6606:6606): NRO PAGINA: 2
[INFO] 20:25:00:079 SWAmP/(6606:6606): INICIO: 192
[INFO] 20:25:00:081 SWAmP/(6606:6606): NRO SWAP: 1
[INFO] 20:25:00:083 SWAmP/(6606:6606): ------------------------
[INFO] 20:25:00:083 SWAmP/(6606:6606): PID: 2
[INFO] 20:25:00:084 SWAmP/(6606:6606): NRO PAGINA: 3
[INFO] 20:25:00:084 SWAmP/(6606:6606): INICIO: 256
[INFO] 20:25:00:085 SWAmP/(6606:6606): NRO SWAP: 1
[INFO] 20:25:00:086 SWAmP/(6606:6606): ------------------------
[INFO] 20:25:00:094 SWAmP/(6606:6606): Alloco 2 paginas del carpincho 3
[INFO] 20:25:00:100 SWAmP/(6606:6606): ------------------------
[INFO] 20:25:00:102 SWAmP/(6606:6606): Para SWAP 0
[INFO] 20:25:00:103 SWAmP/(6606:6606): ------------------------
[INFO] 20:25:00:104 SWAmP/(6606:6606): PID: 1
[INFO] 20:25:00:105 SWAmP/(6606:6606): NRO PAGINA: 0
[INFO] 20:25:00:106 SWAmP/(6606:6606): INICIO: 0
[INFO] 20:25:00:107 SWAmP/(6606:6606): NRO SWAP: 0
[INFO] 20:25:00:107 SWAmP/(6606:6606): ------------------------
[INFO] 20:25:00:109 SWAmP/(6606:6606): PID: 1
[INFO] 20:25:00:110 SWAmP/(6606:6606): NRO PAGINA: 1
[INFO] 20:25:00:111 SWAmP/(6606:6606): INICIO: 64
[INFO] 20:25:00:112 SWAmP/(6606:6606): NRO SWAP: 0
[INFO] 20:25:00:112 SWAmP/(6606:6606): ------------------------
[INFO] 20:25:00:113 SWAmP/(6606:6606): PID: 1
[INFO] 20:25:00:114 SWAmP/(6606:6606): NRO PAGINA: 2
[INFO] 20:25:00:114 SWAmP/(6606:6606): INICIO: 128
[INFO] 20:25:00:115 SWAmP/(6606:6606): NRO SWAP: 0
[INFO] 20:25:00:115 SWAmP/(6606:6606): ------------------------
[INFO] 20:25:00:116 SWAmP/(6606:6606): PID: 3
[INFO] 20:25:00:125 SWAmP/(6606:6606): NRO PAGINA: 0
[INFO] 20:25:00:126 SWAmP/(6606:6606): INICIO: 192
[INFO] 20:25:00:126 SWAmP/(6606:6606): NRO SWAP: 0
[INFO] 20:25:00:127 SWAmP/(6606:6606): ------------------------
[INFO] 20:25:00:127 SWAmP/(6606:6606): PID: 3
[INFO] 20:25:00:128 SWAmP/(6606:6606): NRO PAGINA: 1
[INFO] 20:25:00:129 SWAmP/(6606:6606): INICIO: 256
[INFO] 20:25:00:130 SWAmP/(6606:6606): NRO SWAP: 0
[INFO] 20:25:00:131 SWAmP/(6606:6606): ------------------------
[INFO] 20:25:00:132 SWAmP/(6606:6606): ------------------------
[INFO] 20:25:00:132 SWAmP/(6606:6606): Para SWAP 1
[INFO] 20:25:00:133 SWAmP/(6606:6606): ------------------------
[INFO] 20:25:00:133 SWAmP/(6606:6606): PID: 4
[INFO] 20:25:00:134 SWAmP/(6606:6606): NRO PAGINA: 0
[INFO] 20:25:00:134 SWAmP/(6606:6606): INICIO: 0
[INFO] 20:25:00:135 SWAmP/(6606:6606): NRO SWAP: 1
[INFO] 20:25:00:136 SWAmP/(6606:6606): ------------------------
[INFO] 20:25:00:136 SWAmP/(6606:6606): PID: 2
[INFO] 20:25:00:137 SWAmP/(6606:6606): NRO PAGINA: 0
[INFO] 20:25:00:137 SWAmP/(6606:6606): INICIO: 64
[INFO] 20:25:00:138 SWAmP/(6606:6606): NRO SWAP: 1
[INFO] 20:25:00:138 SWAmP/(6606:6606): ------------------------
[INFO] 20:25:00:139 SWAmP/(6606:6606): PID: 2
[INFO] 20:25:00:139 SWAmP/(6606:6606): NRO PAGINA: 1
[INFO] 20:25:00:140 SWAmP/(6606:6606): INICIO: 128
[INFO] 20:25:00:141 SWAmP/(6606:6606): NRO SWAP: 1
[INFO] 20:25:00:141 SWAmP/(6606:6606): ------------------------
[INFO] 20:25:00:142 SWAmP/(6606:6606): PID: 2
[INFO] 20:25:00:142 SWAmP/(6606:6606): NRO PAGINA: 2
[INFO] 20:25:00:143 SWAmP/(6606:6606): INICIO: 192
[INFO] 20:25:00:143 SWAmP/(6606:6606): NRO SWAP: 1
[INFO] 20:25:00:144 SWAmP/(6606:6606): ------------------------
[INFO] 20:25:00:145 SWAmP/(6606:6606): PID: 2
[INFO] 20:25:00:145 SWAmP/(6606:6606): NRO PAGINA: 3
[INFO] 20:25:00:145 SWAmP/(6606:6606): INICIO: 256
[INFO] 20:25:00:146 SWAmP/(6606:6606): NRO SWAP: 1
[INFO] 20:25:00:154 SWAmP/(6606:6606): ------------------------
[INFO] 20:25:00:155 SWAmP/(6606:6606): Alloco 2 paginas del carpincho 1
[INFO] 20:25:00:163 SWAmP/(6606:6606): ------------------------
[INFO] 20:25:00:164 SWAmP/(6606:6606): Para SWAP 0
[INFO] 20:25:00:165 SWAmP/(6606:6606): ------------------------
[INFO] 20:25:00:167 SWAmP/(6606:6606): PID: 1
[INFO] 20:25:00:168 SWAmP/(6606:6606): NRO PAGINA: 0
[INFO] 20:25:00:169 SWAmP/(6606:6606): INICIO: 0
[INFO] 20:25:00:170 SWAmP/(6606:6606): NRO SWAP: 0
[INFO] 20:25:00:171 SWAmP/(6606:6606): ------------------------
[INFO] 20:25:00:172 SWAmP/(6606:6606): PID: 1
[INFO] 20:25:00:173 SWAmP/(6606:6606): NRO PAGINA: 1
[INFO] 20:25:00:173 SWAmP/(6606:6606): INICIO: 64
[INFO] 20:25:00:174 SWAmP/(6606:6606): NRO SWAP: 0
[INFO] 20:25:00:174 SWAmP/(6606:6606): ------------------------
[INFO] 20:25:00:175 SWAmP/(6606:6606): PID: 1
[INFO] 20:25:00:181 SWAmP/(6606:6606): NRO PAGINA: 2
[INFO] 20:25:00:182 SWAmP/(6606:6606): INICIO: 128
[INFO] 20:25:00:182 SWAmP/(6606:6606): NRO SWAP: 0
[INFO] 20:25:00:185 SWAmP/(6606:6606): ------------------------
[INFO] 20:25:00:186 SWAmP/(6606:6606): PID: 3
[INFO] 20:25:00:187 SWAmP/(6606:6606): NRO PAGINA: 0
[INFO] 20:25:00:187 SWAmP/(6606:6606): INICIO: 192
[INFO] 20:25:00:188 SWAmP/(6606:6606): NRO SWAP: 0
[INFO] 20:25:00:188 SWAmP/(6606:6606): ------------------------
[INFO] 20:25:00:189 SWAmP/(6606:6606): PID: 3
[INFO] 20:25:00:190 SWAmP/(6606:6606): NRO PAGINA: 1
[INFO] 20:25:00:190 SWAmP/(6606:6606): INICIO: 256
[INFO] 20:25:00:190 SWAmP/(6606:6606): NRO SWAP: 0
[INFO] 20:25:00:191 SWAmP/(6606:6606): ------------------------
[INFO] 20:25:00:191 SWAmP/(6606:6606): PID: 1
[INFO] 20:25:00:192 SWAmP/(6606:6606): NRO PAGINA: 3
[INFO] 20:25:00:192 SWAmP/(6606:6606): INICIO: 320
[INFO] 20:25:00:192 SWAmP/(6606:6606): NRO SWAP: 0
[INFO] 20:25:00:192 SWAmP/(6606:6606): ------------------------
[INFO] 20:25:00:193 SWAmP/(6606:6606): PID: 1
[INFO] 20:25:00:193 SWAmP/(6606:6606): NRO PAGINA: 4
[INFO] 20:25:00:196 SWAmP/(6606:6606): INICIO: 384
[INFO] 20:25:00:197 SWAmP/(6606:6606): NRO SWAP: 0
[INFO] 20:25:00:198 SWAmP/(6606:6606): ------------------------
[INFO] 20:25:00:199 SWAmP/(6606:6606): ------------------------
[INFO] 20:25:00:200 SWAmP/(6606:6606): Para SWAP 1
[INFO] 20:25:00:202 SWAmP/(6606:6606): ------------------------
[INFO] 20:25:00:203 SWAmP/(6606:6606): PID: 4
[INFO] 20:25:00:205 SWAmP/(6606:6606): NRO PAGINA: 0
[INFO] 20:25:00:212 SWAmP/(6606:6606): INICIO: 0
[INFO] 20:25:00:213 SWAmP/(6606:6606): NRO SWAP: 1
[INFO] 20:25:00:213 SWAmP/(6606:6606): ------------------------
[INFO] 20:25:00:214 SWAmP/(6606:6606): PID: 2
[INFO] 20:25:00:214 SWAmP/(6606:6606): NRO PAGINA: 0
[INFO] 20:25:00:215 SWAmP/(6606:6606): INICIO: 64
[INFO] 20:25:00:218 SWAmP/(6606:6606): NRO SWAP: 1
[INFO] 20:25:00:218 SWAmP/(6606:6606): ------------------------
[INFO] 20:25:00:218 SWAmP/(6606:6606): PID: 2
[INFO] 20:25:00:218 SWAmP/(6606:6606): NRO PAGINA: 1
[INFO] 20:25:00:219 SWAmP/(6606:6606): INICIO: 128
[INFO] 20:25:00:219 SWAmP/(6606:6606): NRO SWAP: 1
[INFO] 20:25:00:219 SWAmP/(6606:6606): ------------------------
[INFO] 20:25:00:220 SWAmP/(6606:6606): PID: 2
[INFO] 20:25:00:221 SWAmP/(6606:6606): NRO PAGINA: 2
[INFO] 20:25:00:221 SWAmP/(6606:6606): INICIO: 192
[INFO] 20:25:00:222 SWAmP/(6606:6606): NRO SWAP: 1
[INFO] 20:25:00:222 SWAmP/(6606:6606): ------------------------
[INFO] 20:25:00:223 SWAmP/(6606:6606): PID: 2
[INFO] 20:25:00:223 SWAmP/(6606:6606): NRO PAGINA: 3
[INFO] 20:25:00:224 SWAmP/(6606:6606): INICIO: 256
[INFO] 20:25:00:224 SWAmP/(6606:6606): NRO SWAP: 1
[INFO] 20:25:00:225 SWAmP/(6606:6606): ------------------------
[INFO] 20:25:00:225 SWAmP/(6606:6606): Alloco 1 paginas del carpincho 1
[ERROR] 20:25:00:230 SWAmP/(6606:6606): Se alcanzo la cantidad maxima de marcos por carpincho
[INFO] 20:25:00:233 SWAmP/(6606:6606): ------------------------
[INFO] 20:25:00:235 SWAmP/(6606:6606): Para SWAP 0
[INFO] 20:25:00:243 SWAmP/(6606:6606): ------------------------
[INFO] 20:25:00:244 SWAmP/(6606:6606): PID: 1
[INFO] 20:25:00:245 SWAmP/(6606:6606): NRO PAGINA: 0
[INFO] 20:25:00:246 SWAmP/(6606:6606): INICIO: 0
[INFO] 20:25:00:249 SWAmP/(6606:6606): NRO SWAP: 0
[INFO] 20:25:00:250 SWAmP/(6606:6606): ------------------------
[INFO] 20:25:00:251 SWAmP/(6606:6606): PID: 1
[INFO] 20:25:00:252 SWAmP/(6606:6606): NRO PAGINA: 1
[INFO] 20:25:00:252 SWAmP/(6606:6606): INICIO: 64
[INFO] 20:25:00:253 SWAmP/(6606:6606): NRO SWAP: 0
[INFO] 20:25:00:253 SWAmP/(6606:6606): ------------------------
[INFO] 20:25:00:254 SWAmP/(6606:6606): PID: 1
[INFO] 20:25:00:255 SWAmP/(6606:6606): NRO PAGINA: 2
[INFO] 20:25:00:255 SWAmP/(6606:6606): INICIO: 128
[INFO] 20:25:00:256 SWAmP/(6606:6606): NRO SWAP: 0
[INFO] 20:25:00:256 SWAmP/(6606:6606): ------------------------
[INFO] 20:25:00:257 SWAmP/(6606:6606): PID: 3
[INFO] 20:25:00:257 SWAmP/(6606:6606): NRO PAGINA: 0
[INFO] 20:25:00:259 SWAmP/(6606:6606): INICIO: 192
[INFO] 20:25:00:260 SWAmP/(6606:6606): NRO SWAP: 0
[INFO] 20:25:00:261 SWAmP/(6606:6606): ------------------------
[INFO] 20:25:00:262 SWAmP/(6606:6606): PID: 3
[INFO] 20:25:00:263 SWAmP/(6606:6606): NRO PAGINA: 1
[INFO] 20:25:00:263 SWAmP/(6606:6606): INICIO: 256
[INFO] 20:25:00:264 SWAmP/(6606:6606): NRO SWAP: 0
[INFO] 20:25:00:264 SWAmP/(6606:6606): ------------------------
[INFO] 20:25:00:265 SWAmP/(6606:6606): PID: 1
[INFO] 20:25:00:265 SWAmP/(6606:6606): NRO PAGINA: 3
[INFO] 20:25:00:266 SWAmP/(6606:6606): INICIO: 320
[INFO] 20:25:00:266 SWAmP/(6606:6606): NRO SWAP: 0
[INFO] 20:25:00:267 SWAmP/(6606:6606): ------------------------
[INFO] 20:25:00:274 SWAmP/(6606:6606): PID: 1
[INFO] 20:25:00:275 SWAmP/(6606:6606): NRO PAGINA: 4
[INFO] 20:25:00:275 SWAmP/(6606:6606): INICIO: 384
[INFO] 20:25:00:276 SWAmP/(6606:6606): NRO SWAP: 0
[INFO] 20:25:00:277 SWAmP/(6606:6606): ------------------------
[INFO] 20:25:00:277 SWAmP/(6606:6606): ------------------------
[INFO] 20:25:00:278 SWAmP/(6606:6606): Para SWAP 1
[INFO] 20:25:00:278 SWAmP/(6606:6606): ------------------------
[INFO] 20:25:00:279 SWAmP/(6606:6606): PID: 4
[INFO] 20:25:00:280 SWAmP/(6606:6606): NRO PAGINA: 0
[INFO] 20:25:00:280 SWAmP/(6606:6606): INICIO: 0
[INFO] 20:25:00:281 SWAmP/(6606:6606): NRO SWAP: 1
[INFO] 20:25:00:281 SWAmP/(6606:6606): ------------------------
[INFO] 20:25:00:282 SWAmP/(6606:6606): PID: 2
[INFO] 20:25:00:283 SWAmP/(6606:6606): NRO PAGINA: 0
[INFO] 20:25:00:283 SWAmP/(6606:6606): INICIO: 64
[INFO] 20:25:00:284 SWAmP/(6606:6606): NRO SWAP: 1
[INFO] 20:25:00:284 SWAmP/(6606:6606): ------------------------
[INFO] 20:25:00:285 SWAmP/(6606:6606): PID: 2
[INFO] 20:25:00:285 SWAmP/(6606:6606): NRO PAGINA: 1
[INFO] 20:25:00:287 SWAmP/(6606:6606): INICIO: 128
[INFO] 20:25:00:287 SWAmP/(6606:6606): NRO SWAP: 1
[INFO] 20:25:00:288 SWAmP/(6606:6606): ------------------------
[INFO] 20:25:00:289 SWAmP/(6606:6606): PID: 2
[INFO] 20:25:00:289 SWAmP/(6606:6606): NRO PAGINA: 2
[INFO] 20:25:00:290 SWAmP/(6606:6606): INICIO: 192
[INFO] 20:25:00:293 SWAmP/(6606:6606): NRO SWAP: 1
[INFO] 20:25:00:294 SWAmP/(6606:6606): ------------------------
[INFO] 20:25:00:294 SWAmP/(6606:6606): PID: 2
[INFO] 20:25:00:295 SWAmP/(6606:6606): NRO PAGINA: 3
[INFO] 20:25:00:296 SWAmP/(6606:6606): INICIO: 256
[INFO] 20:25:00:297 SWAmP/(6606:6606): NRO SWAP: 1
[INFO] 20:25:00:297 SWAmP/(6606:6606): ------------------------
[INFO] 20:25:00:298 SWAmP/(6606:6606): Alloco 2 paginas del carpincho 3
[ERROR] 20:25:00:307 SWAmP/(6606:6606): No espacio sufieciente en swap para meter 2 paginas
[INFO] 20:25:00:313 SWAmP/(6606:6606): ------------------------
[INFO] 20:25:00:315 SWAmP/(6606:6606): Para SWAP 0
[INFO] 20:25:00:317 SWAmP/(6606:6606): ------------------------
[INFO] 20:25:00:318 SWAmP/(6606:6606): PID: 1
[INFO] 20:25:00:320 SWAmP/(6606:6606): NRO PAGINA: 0
[INFO] 20:25:00:321 SWAmP/(6606:6606): INICIO: 0
[INFO] 20:25:00:322 SWAmP/(6606:6606): NRO SWAP: 0
[INFO] 20:25:00:322 SWAmP/(6606:6606): ------------------------
[INFO] 20:25:00:324 SWAmP/(6606:6606): PID: 1
[INFO] 20:25:00:325 SWAmP/(6606:6606): NRO PAGINA: 1
[INFO] 20:25:00:325 SWAmP/(6606:6606): INICIO: 64
[INFO] 20:25:00:326 SWAmP/(6606:6606): NRO SWAP: 0
[INFO] 20:25:00:326 SWAmP/(6606:6606): ------------------------
[INFO] 20:25:00:327 SWAmP/(6606:6606): PID: 1
[INFO] 20:25:00:328 SWAmP/(6606:6606): NRO PAGINA: 2
[INFO] 20:25:00:334 SWAmP/(6606:6606): INICIO: 128
[INFO] 20:25:00:335 SWAmP/(6606:6606): NRO SWAP: 0
[INFO] 20:25:00:335 SWAmP/(6606:6606): ------------------------
[INFO] 20:25:00:335 SWAmP/(6606:6606): PID: 3
[INFO] 20:25:00:335 SWAmP/(6606:6606): NRO PAGINA: 0
[INFO] 20:25:00:336 SWAmP/(6606:6606): INICIO: 192
[INFO] 20:25:00:336 SWAmP/(6606:6606): NRO SWAP: 0
[INFO] 20:25:00:337 SWAmP/(6606:6606): ------------------------
[INFO] 20:25:00:339 SWAmP/(6606:6606): PID: 3
[INFO] 20:25:00:339 SWAmP/(6606:6606): NRO PAGINA: 1
[INFO] 20:25:00:340 SWAmP/(6606:6606): INICIO: 256
[INFO] 20:25:00:340 SWAmP/(6606:6606): NRO SWAP: 0
[INFO] 20:25:00:341 SWAmP/(6606:6606): ------------------------
[INFO] 20:25:00:342 SWAmP/(6606:6606): PID: 1
[INFO] 20:25:00:342 SWAmP/(6606:6606): NRO PAGINA: 3
[INFO] 20:25:00:343 SWAmP/(6606:6606): INICIO: 320
[INFO] 20:25:00:344 SWAmP/(6606:6606): NRO SWAP: 0
[INFO] 20:25:00:344 SWAmP/(6606:6606): ------------------------
[INFO] 20:25:00:345 SWAmP/(6606:6606): PID: 1
[INFO] 20:25:00:346 SWAmP/(6606:6606): NRO PAGINA: 4
[INFO] 20:25:00:346 SWAmP/(6606:6606): INICIO: 384
[INFO] 20:25:00:347 SWAmP/(6606:6606): NRO SWAP: 0
[INFO] 20:25:00:347 SWAmP/(6606:6606): ------------------------
[INFO] 20:25:00:348 SWAmP/(6606:6606): ------------------------
[INFO] 20:25:00:349 SWAmP/(6606:6606): Para SWAP 1
[INFO] 20:25:00:349 SWAmP/(6606:6606): ------------------------
[INFO] 20:25:00:349 SWAmP/(6606:6606): PID: 4
[INFO] 20:25:00:350 SWAmP/(6606:6606): NRO PAGINA: 0
[INFO] 20:25:00:351 SWAmP/(6606:6606): INICIO: 0
[INFO] 20:25:00:352 SWAmP/(6606:6606): NRO SWAP: 1
[INFO] 20:25:00:352 SWAmP/(6606:6606): ------------------------
[INFO] 20:25:00:353 SWAmP/(6606:6606): PID: 2
[INFO] 20:25:00:353 SWAmP/(6606:6606): NRO PAGINA: 0
[INFO] 20:25:00:354 SWAmP/(6606:6606): INICIO: 64
[INFO] 20:25:00:356 SWAmP/(6606:6606): NRO SWAP: 1
[INFO] 20:25:00:356 SWAmP/(6606:6606): ------------------------
[INFO] 20:25:00:357 SWAmP/(6606:6606): PID: 2
[INFO] 20:25:00:358 SWAmP/(6606:6606): NRO PAGINA: 1
[INFO] 20:25:00:363 SWAmP/(6606:6606): INICIO: 128
[INFO] 20:25:00:364 SWAmP/(6606:6606): NRO SWAP: 1
[INFO] 20:25:00:364 SWAmP/(6606:6606): ------------------------
[INFO] 20:25:00:365 SWAmP/(6606:6606): PID: 2
[INFO] 20:25:00:366 SWAmP/(6606:6606): NRO PAGINA: 2
[INFO] 20:25:00:366 SWAmP/(6606:6606): INICIO: 192
[INFO] 20:25:00:367 SWAmP/(6606:6606): NRO SWAP: 1
[INFO] 20:25:00:367 SWAmP/(6606:6606): ------------------------
[INFO] 20:25:00:368 SWAmP/(6606:6606): PID: 2
[INFO] 20:25:00:368 SWAmP/(6606:6606): NRO PAGINA: 3
[INFO] 20:25:00:369 SWAmP/(6606:6606): INICIO: 256
[INFO] 20:25:00:370 SWAmP/(6606:6606): NRO SWAP: 1
[INFO] 20:25:00:370 SWAmP/(6606:6606): ------------------------
[INFO] 20:25:00:371 SWAmP/(6606:6606): Alloco 1 paginas del carpincho 3
[INFO] 20:25:00:374 SWAmP/(6606:6606): ------------------------
[INFO] 20:25:00:376 SWAmP/(6606:6606): Para SWAP 0
[INFO] 20:25:00:377 SWAmP/(6606:6606): ------------------------
[INFO] 20:25:00:379 SWAmP/(6606:6606): PID: 1
[INFO] 20:25:00:380 SWAmP/(6606:6606): NRO PAGINA: 0
[INFO] 20:25:00:381 SWAmP/(6606:6606): INICIO: 0
[INFO] 20:25:00:382 SWAmP/(6606:6606): NRO SWAP: 0
[INFO] 20:25:00:383 SWAmP/(6606:6606): ------------------------
[INFO] 20:25:00:384 SWAmP/(6606:6606): PID: 1
[INFO] 20:25:00:385 SWAmP/(6606:6606): NRO PAGINA: 1
[INFO] 20:25:00:385 SWAmP/(6606:6606): INICIO: 64
[INFO] 20:25:00:386 SWAmP/(6606:6606): NRO SWAP: 0
[INFO] 20:25:00:386 SWAmP/(6606:6606): ------------------------
[INFO] 20:25:00:393 SWAmP/(6606:6606): PID: 1
[INFO] 20:25:00:395 SWAmP/(6606:6606): NRO PAGINA: 2
[INFO] 20:25:00:396 SWAmP/(6606:6606): INICIO: 128
[INFO] 20:25:00:396 SWAmP/(6606:6606): NRO SWAP: 0
[INFO] 20:25:00:397 SWAmP/(6606:6606): ------------------------
[INFO] 20:25:00:397 SWAmP/(6606:6606): PID: 3
[INFO] 20:25:00:400 SWAmP/(6606:6606): NRO PAGINA: 0
[INFO] 20:25:00:400 SWAmP/(6606:6606): INICIO: 192
[INFO] 20:25:00:400 SWAmP/(6606:6606): NRO SWAP: 0
[INFO] 20:25:00:400 SWAmP/(6606:6606): ------------------------
[INFO] 20:25:00:401 SWAmP/(6606:6606): PID: 3
[INFO] 20:25:00:401 SWAmP/(6606:6606): NRO PAGINA: 1
[INFO] 20:25:00:401 SWAmP/(6606:6606): INICIO: 256
[INFO] 20:25:00:402 SWAmP/(6606:6606): NRO SWAP: 0
[INFO] 20:25:00:402 SWAmP/(6606:6606): ------------------------
[INFO] 20:25:00:403 SWAmP/(6606:6606): PID: 1
[INFO] 20:25:00:403 SWAmP/(6606:6606): NRO PAGINA: 3
[INFO] 20:25:00:404 SWAmP/(6606:6606): INICIO: 320
[INFO] 20:25:00:404 SWAmP/(6606:6606): NRO SWAP: 0
[INFO] 20:25:00:405 SWAmP/(6606:6606): ------------------------
[INFO] 20:25:00:406 SWAmP/(6606:6606): PID: 1
[INFO] 20:25:00:406 SWAmP/(6606:6606): NRO PAGINA: 4
[INFO] 20:25:00:407 SWAmP/(6606:6606): INICIO: 384
[INFO] 20:25:00:408 SWAmP/(6606:6606): NRO SWAP: 0
[INFO] 20:25:00:410 SWAmP/(6606:6606): ------------------------
[INFO] 20:25:00:411 SWAmP/(6606:6606): PID: 3
[INFO] 20:25:00:411 SWAmP/(6606:6606): NRO PAGINA: 2
[INFO] 20:25:00:412 SWAmP/(6606:6606): INICIO: 448
[INFO] 20:25:00:412 SWAmP/(6606:6606): NRO SWAP: 0
[INFO] 20:25:00:413 SWAmP/(6606:6606): ------------------------
[INFO] 20:25:00:414 SWAmP/(6606:6606): ------------------------
[INFO] 20:25:00:414 SWAmP/(6606:6606): Para SWAP 1
[INFO] 20:25:00:415 SWAmP/(6606:6606): ------------------------
[INFO] 20:25:00:415 SWAmP/(6606:6606): PID: 4
[INFO] 20:25:00:416 SWAmP/(6606:6606): NRO PAGINA: 0
[INFO] 20:25:00:416 SWAmP/(6606:6606): INICIO: 0
[INFO] 20:25:00:417 SWAmP/(6606:6606): NRO SWAP: 1
[INFO] 20:25:00:417 SWAmP/(6606:6606): ------------------------
[INFO] 20:25:00:418 SWAmP/(6606:6606): PID: 2
[INFO] 20:25:00:418 SWAmP/(6606:6606): NRO PAGINA: 0
[INFO] 20:25:00:424 SWAmP/(6606:6606): INICIO: 64
[INFO] 20:25:00:425 SWAmP/(6606:6606): NRO SWAP: 1
[INFO] 20:25:00:425 SWAmP/(6606:6606): ------------------------
[INFO] 20:25:00:426 SWAmP/(6606:6606): PID: 2
[INFO] 20:25:00:426 SWAmP/(6606:6606): NRO PAGINA: 1
[INFO] 20:25:00:427 SWAmP/(6606:6606): INICIO: 128
[INFO] 20:25:00:427 SWAmP/(6606:6606): NRO SWAP: 1
[INFO] 20:25:00:428 SWAmP/(6606:6606): ------------------------
[INFO] 20:25:00:428 SWAmP/(6606:6606): PID: 2
[INFO] 20:25:00:429 SWAmP/(6606:6606): NRO PAGINA: 2
[INFO] 20:25:00:429 SWAmP/(6606:6606): INICIO: 192
[INFO] 20:25:00:432 SWAmP/(6606:6606): NRO SWAP: 1
[INFO] 20:25:00:432 SWAmP/(6606:6606): ------------------------
[INFO] 20:25:00:432 SWAmP/(6606:6606): PID: 2
[INFO] 20:25:00:433 SWAmP/(6606:6606): NRO PAGINA: 3
[INFO] 20:25:00:433 SWAmP/(6606:6606): INICIO: 256
[INFO] 20:25:00:433 SWAmP/(6606:6606): NRO SWAP: 1
[INFO] 20:25:00:433 SWAmP/(6606:6606): ------------------------
[INFO] 20:25:00:511 SWAmP/(6606:6606): ------------------------
[INFO] 20:25:00:512 SWAmP/(6606:6606): Para SWAP 0
[INFO] 20:25:00:513 SWAmP/(6606:6606): ------------------------
[INFO] 20:25:00:520 SWAmP/(6606:6606): PID: 1
[INFO] 20:25:00:521 SWAmP/(6606:6606): NRO PAGINA: 0
[INFO] 20:25:00:522 SWAmP/(6606:6606): INICIO: 0
[INFO] 20:25:00:523 SWAmP/(6606:6606): NRO SWAP: 0
[INFO] 20:25:00:524 SWAmP/(6606:6606): ------------------------
[INFO] 20:25:00:524 SWAmP/(6606:6606): PID: 1
[INFO] 20:25:00:525 SWAmP/(6606:6606): NRO PAGINA: 1
[INFO] 20:25:00:526 SWAmP/(6606:6606): INICIO: 64
[INFO] 20:25:00:527 SWAmP/(6606:6606): NRO SWAP: 0
[INFO] 20:25:00:528 SWAmP/(6606:6606): ------------------------
[INFO] 20:25:00:528 SWAmP/(6606:6606): PID: 1
[INFO] 20:25:00:529 SWAmP/(6606:6606): NRO PAGINA: 2
[INFO] 20:25:00:529 SWAmP/(6606:6606): INICIO: 128
[INFO] 20:25:00:531 SWAmP/(6606:6606): NRO SWAP: 0
[INFO] 20:25:00:532 SWAmP/(6606:6606): ------------------------
[INFO] 20:25:00:532 SWAmP/(6606:6606): PID: 3
[INFO] 20:25:00:532 SWAmP/(6606:6606): NRO PAGINA: 0
[INFO] 20:25:00:533 SWAmP/(6606:6606): INICIO: 192
[INFO] 20:25:00:533 SWAmP/(6606:6606): NRO SWAP: 0
[INFO] 20:25:00:533 SWAmP/(6606:6606): ------------------------
[INFO] 20:25:00:533 SWAmP/(6606:6606): PID: 3
[INFO] 20:25:00:534 SWAmP/(6606:6606): NRO PAGINA: 1
[INFO] 20:25:00:535 SWAmP/(6606:6606): INICIO: 256
[INFO] 20:25:00:535 SWAmP/(6606:6606): NRO SWAP: 0
[INFO] 20:25:00:536 SWAmP/(6606:6606): ------------------------
[INFO] 20:25:00:536 SWAmP/(6606:6606): PID: 1
[INFO] 20:25:00:537 SWAmP/(6606:6606): NRO PAGINA: 3
[INFO] 20:25:00:537 SWAmP/(6606:6606): INICIO: 320
[INFO] 20:25:00:538 SWAmP/(6606:6606): NRO SWAP: 0
[INFO] 20:25:00:538 SWAmP/(6606:6606): ------------------------
[INFO] 20:25:00:539 SWAmP/(6606:6606): PID: 1
[INFO] 20:25:00:539 SWAmP/(6606:6606): NRO PAGINA: 4
[INFO] 20:25:00:540 SWAmP/(6606:6606): INICIO: 384
[INFO] 20:25:00:541 SWAmP/(6606:6606): NRO SWAP: 0
[INFO] 20:25:00:541 SWAmP/(6606:6606): ------------------------
[INFO] 20:25:00:542 SWAmP/(6606:6606): PID: 3
[INFO] 20:25:00:543 SWAmP/(6606:6606): NRO PAGINA: 2
[INFO] 20:25:00:544 SWAmP/(6606:6606): INICIO: 448
[INFO] 20:25:00:544 SWAmP/(6606:6606): NRO SWAP: 0
[INFO] 20:25:00:544 SWAmP/(6606:6606): ------------------------
[INFO] 20:25:00:552 SWAmP/(6606:6606): ------------------------
[INFO] 20:25:00:553 SWAmP/(6606:6606): Para SWAP 1
[INFO] 20:25:00:553 SWAmP/(6606:6606): ------------------------
[INFO] 20:25:00:554 SWAmP/(6606:6606): PID: 4
[INFO] 20:25:00:555 SWAmP/(6606:6606): NRO PAGINA: 0
[INFO] 20:25:00:555 SWAmP/(6606:6606): INICIO: 0
[INFO] 20:25:00:556 SWAmP/(6606:6606): NRO SWAP: 1
[INFO] 20:25:00:556 SWAmP/(6606:6606): ------------------------
[INFO] 20:25:00:557 SWAmP/(6606:6606): PID: 2
[INFO] 20:25:00:558 SWAmP/(6606:6606): NRO PAGINA: 0
[INFO] 20:25:00:558 SWAmP/(6606:6606): INICIO: 64
[INFO] 20:25:00:559 SWAmP/(6606:6606): NRO SWAP: 1
[INFO] 20:25:00:562 SWAmP/(6606:6606): ------------------------
[INFO] 20:25:00:563 SWAmP/(6606:6606): PID: 2
[INFO] 20:25:00:564 SWAmP/(6606:6606): NRO PAGINA: 1
[INFO] 20:25:00:564 SWAmP/(6606:6606): INICIO: 128
[INFO] 20:25:00:565 SWAmP/(6606:6606): NRO SWAP: 1
[INFO] 20:25:00:565 SWAmP/(6606:6606): ------------------------
[INFO] 20:25:00:566 SWAmP/(6606:6606): PID: 2
[INFO] 20:25:00:566 SWAmP/(6606:6606): NRO PAGINA: 2
[INFO] 20:25:00:567 SWAmP/(6606:6606): INICIO: 192
[INFO] 20:25:00:567 SWAmP/(6606:6606): NRO SWAP: 1
[INFO] 20:25:00:568 SWAmP/(6606:6606): ------------------------
[INFO] 20:25:00:568 SWAmP/(6606:6606): PID: 2
[INFO] 20:25:00:569 SWAmP/(6606:6606): NRO PAGINA: 3
[INFO] 20:25:00:572 SWAmP/(6606:6606): INICIO: 256
[INFO] 20:25:00:573 SWAmP/(6606:6606): NRO SWAP: 1
[INFO] 20:25:00:574 SWAmP/(6606:6606): ------------------------
[INFO] 20:33:26:696 SWAmP/(7372:7372): Archivo de configuracion cargado correctamente
[INFO] 20:33:26:782 SWAmP/(7372:7372): Creando archivos SWAP en <</home/utnso/swap1.bin>>
[INFO] 20:33:26:793 SWAmP/(7372:7372): Creando archivos SWAP en <</home/utnso/swap2.bin>>
[INFO] 20:33:26:802 SWAmP/(7372:7372): ------2---------

[INFO] 20:33:26:810 SWAmP/(7372:7372): Escuchando en 0.0.0.0:5005 (SWAmP)

[INFO] 20:33:26:812 SWAmP/(7372:7372): Alloco 3 paginas del carpincho 1
[INFO] 20:33:26:835 SWAmP/(7372:7372): ------------------------
[INFO] 20:33:26:837 SWAmP/(7372:7372): Para SWAP 0
[INFO] 20:33:26:844 SWAmP/(7372:7372): ------------------------
[INFO] 20:33:26:846 SWAmP/(7372:7372): PID: 1
[INFO] 20:33:26:847 SWAmP/(7372:7372): NRO PAGINA: 0
[INFO] 20:33:26:850 SWAmP/(7372:7372): INICIO: 0
[INFO] 20:33:26:850 SWAmP/(7372:7372): NRO SWAP: 0
[INFO] 20:33:26:851 SWAmP/(7372:7372): ------------------------
[INFO] 20:33:26:851 SWAmP/(7372:7372): PID: 1
[INFO] 20:33:26:852 SWAmP/(7372:7372): NRO PAGINA: 1
[INFO] 20:33:26:852 SWAmP/(7372:7372): INICIO: 64
[INFO] 20:33:26:853 SWAmP/(7372:7372): NRO SWAP: 0
[INFO] 20:33:26:854 SWAmP/(7372:7372): ------------------------
[INFO] 20:33:26:854 SWAmP/(7372:7372): PID: 1
[INFO] 20:33:26:855 SWAmP/(7372:7372): NRO PAGINA: 2
[INFO] 20:33:26:855 SWAmP/(7372:7372): INICIO: 128
[INFO] 20:33:26:856 SWAmP/(7372:7372): NRO SWAP: 0
[INFO] 20:33:26:856 SWAmP/(7372:7372): ------------------------
[INFO] 20:33:26:857 SWAmP/(7372:7372): ------------------------
[INFO] 20:33:26:858 SWAmP/(7372:7372): Para SWAP 1
[INFO] 20:33:26:863 SWAmP/(7372:7372): ------------------------
[INFO] 20:33:26:864 SWAmP/(7372:7372): ---------NADA---------
[INFO] 20:33:26:866 SWAmP/(7372:7372): Alloco 1 paginas del carpincho 4
[INFO] 20:33:26:875 SWAmP/(7372:7372): ------------------------
[INFO] 20:33:26:876 SWAmP/(7372:7372): Para SWAP 0
[INFO] 20:33:26:877 SWAmP/(7372:7372): ------------------------
[INFO] 20:33:26:879 SWAmP/(7372:7372): PID: 1
[INFO] 20:33:26:882 SWAmP/(7372:7372): NRO PAGINA: 0
[INFO] 20:33:26:883 SWAmP/(7372:7372): INICIO: 0
[INFO] 20:33:26:884 SWAmP/(7372:7372): NRO SWAP: 0
[INFO] 20:33:26:887 SWAmP/(7372:7372): ------------------------
[INFO] 20:33:26:888 SWAmP/(7372:7372): PID: 1
[INFO] 20:33:26:889 SWAmP/(7372:7372): NRO PAGINA: 1
[INFO] 20:33:26:890 SWAmP/(7372:7372): INICIO: 64
[INFO] 20:33:26:890 SWAmP/(7372:7372): NRO SWAP: 0
[INFO] 20:33:26:891 SWAmP/(7372:7372): ------------------------
[INFO] 20:33:26:895 SWAmP/(7372:7372): PID: 1
[INFO] 20:33:26:896 SWAmP/(7372:7372): NRO PAGINA: 2
[INFO] 20:33:26:896 SWAmP/(7372:7372): INICIO: 128
[INFO] 20:33:26:896 SWAmP/(7372:7372): NRO SWAP: 0
[INFO] 20:33:26:897 SWAmP/(7372:7372): ------------------------
[INFO] 20:33:26:898 SWAmP/(7372:7372): ------------------------
[INFO] 20:33:26:899 SWAmP/(7372:7372): Para SWAP 1
[INFO] 20:33:26:900 SWAmP/(7372:7372): ------------------------
[INFO] 20:33:26:906 SWAmP/(7372:7372): PID: 4
[INFO] 20:33:26:907 SWAmP/(7372:7372): NRO PAGINA: 0
[INFO] 20:33:26:908 SWAmP/(7372:7372): INICIO: 0
[INFO] 20:33:26:909 SWAmP/(7372:7372): NRO SWAP: 1
[INFO] 20:33:26:910 SWAmP/(7372:7372): ------------------------
[INFO] 20:33:26:911 SWAmP/(7372:7372): Alloco 4 paginas del carpincho 2
[INFO] 20:33:26:919 SWAmP/(7372:7372): ------------------------
[INFO] 20:33:26:921 SWAmP/(7372:7372): Para SWAP 0
[INFO] 20:33:26:926 SWAmP/(7372:7372): ------------------------
[INFO] 20:33:26:929 SWAmP/(7372:7372): PID: 1
[INFO] 20:33:26:929 SWAmP/(7372:7372): NRO PAGINA: 0
[INFO] 20:33:26:930 SWAmP/(7372:7372): INICIO: 0
[INFO] 20:33:26:930 SWAmP/(7372:7372): NRO SWAP: 0
[INFO] 20:33:26:936 SWAmP/(7372:7372): ------------------------
[INFO] 20:33:26:937 SWAmP/(7372:7372): PID: 1
[INFO] 20:33:26:942 SWAmP/(7372:7372): NRO PAGINA: 1
[INFO] 20:33:26:943 SWAmP/(7372:7372): INICIO: 64
[INFO] 20:33:26:944 SWAmP/(7372:7372): NRO SWAP: 0
[INFO] 20:33:26:945 SWAmP/(7372:7372): ------------------------
[INFO] 20:33:26:946 SWAmP/(7372:7372): PID: 1
[INFO] 20:33:26:946 SWAmP/(7372:7372): NRO PAGINA: 2
[INFO] 20:33:26:947 SWAmP/(7372:7372): INICIO: 128
[INFO] 20:33:26:948 SWAmP/(7372:7372): NRO SWAP: 0
[INFO] 20:33:26:948 SWAmP/(7372:7372): ------------------------
[INFO] 20:33:26:949 SWAmP/(7372:7372): ------------------------
[INFO] 20:33:26:949 SWAmP/(7372:7372): Para SWAP 1
[INFO] 20:33:26:950 SWAmP/(7372:7372): ------------------------
[INFO] 20:33:26:951 SWAmP/(7372:7372): PID: 4
[INFO] 20:33:26:951 SWAmP/(7372:7372): NRO PAGINA: 0
[INFO] 20:33:26:952 SWAmP/(7372:7372): INICIO: 0
[INFO] 20:33:26:953 SWAmP/(7372:7372): NRO SWAP: 1
[INFO] 20:33:26:953 SWAmP/(7372:7372): ------------------------
[INFO] 20:33:26:954 SWAmP/(7372:7372): PID: 2
[INFO] 20:33:26:955 SWAmP/(7372:7372): NRO PAGINA: 0
[INFO] 20:33:26:959 SWAmP/(7372:7372): INICIO: 64
[INFO] 20:33:26:967 SWAmP/(7372:7372): NRO SWAP: 1
[INFO] 20:33:26:968 SWAmP/(7372:7372): ------------------------
[INFO] 20:33:26:969 SWAmP/(7372:7372): PID: 2
[INFO] 20:33:26:970 SWAmP/(7372:7372): NRO PAGINA: 1
[INFO] 20:33:26:970 SWAmP/(7372:7372): INICIO: 128
[INFO] 20:33:26:972 SWAmP/(7372:7372): NRO SWAP: 1
[INFO] 20:33:26:972 SWAmP/(7372:7372): ------------------------
[INFO] 20:33:26:972 SWAmP/(7372:7372): PID: 2
[INFO] 20:33:26:973 SWAmP/(7372:7372): NRO PAGINA: 2
[INFO] 20:33:26:973 SWAmP/(7372:7372): INICIO: 192
[INFO] 20:33:26:974 SWAmP/(7372:7372): NRO SWAP: 1
[INFO] 20:33:26:975 SWAmP/(7372:7372): ------------------------
[INFO] 20:33:26:975 SWAmP/(7372:7372): PID: 2
[INFO] 20:33:26:976 SWAmP/(7372:7372): NRO PAGINA: 3
[INFO] 20:33:26:976 SWAmP/(7372:7372): INICIO: 256
[INFO] 20:33:26:978 SWAmP/(7372:7372): NRO SWAP: 1
[INFO] 20:33:26:978 SWAmP/(7372:7372): ------------------------
[INFO] 20:33:26:979 SWAmP/(7372:7372): Alloco 2 paginas del carpincho 3
[INFO] 20:33:26:986 SWAmP/(7372:7372): ------------------------
[INFO] 20:33:26:988 SWAmP/(7372:7372): Para SWAP 0
[INFO] 20:33:26:989 SWAmP/(7372:7372): ------------------------
[INFO] 20:33:27:002 SWAmP/(7372:7372): PID: 1
[INFO] 20:33:27:005 SWAmP/(7372:7372): NRO PAGINA: 0
[INFO] 20:33:27:006 SWAmP/(7372:7372): INICIO: 0
[INFO] 20:33:27:008 SWAmP/(7372:7372): NRO SWAP: 0
[INFO] 20:33:27:009 SWAmP/(7372:7372): ------------------------
[INFO] 20:33:27:011 SWAmP/(7372:7372): PID: 1
[INFO] 20:33:27:012 SWAmP/(7372:7372): NRO PAGINA: 1
[INFO] 20:33:27:012 SWAmP/(7372:7372): INICIO: 64
[INFO] 20:33:27:013 SWAmP/(7372:7372): NRO SWAP: 0
[INFO] 20:33:27:013 SWAmP/(7372:7372): ------------------------
[INFO] 20:33:27:015 SWAmP/(7372:7372): PID: 1
[INFO] 20:33:27:015 SWAmP/(7372:7372): NRO PAGINA: 2
[INFO] 20:33:27:015 SWAmP/(7372:7372): INICIO: 128
[INFO] 20:33:27:017 SWAmP/(7372:7372): NRO SWAP: 0
[INFO] 20:33:27:017 SWAmP/(7372:7372): ------------------------
[INFO] 20:33:27:019 SWAmP/(7372:7372): PID: 3
[INFO] 20:33:27:031 SWAmP/(7372:7372): NRO PAGINA: 0
[INFO] 20:33:27:032 SWAmP/(7372:7372): INICIO: 192
[INFO] 20:33:27:033 SWAmP/(7372:7372): NRO SWAP: 0
[INFO] 20:33:27:034 SWAmP/(7372:7372): ------------------------
[INFO] 20:33:27:035 SWAmP/(7372:7372): PID: 3
[INFO] 20:33:27:035 SWAmP/(7372:7372): NRO PAGINA: 1
[INFO] 20:33:27:038 SWAmP/(7372:7372): INICIO: 256
[INFO] 20:33:27:039 SWAmP/(7372:7372): NRO SWAP: 0
[INFO] 20:33:27:040 SWAmP/(7372:7372): ------------------------
[INFO] 20:33:27:040 SWAmP/(7372:7372): ------------------------
[INFO] 20:33:27:040 SWAmP/(7372:7372): Para SWAP 1
[INFO] 20:33:27:041 SWAmP/(7372:7372): ------------------------
[INFO] 20:33:27:042 SWAmP/(7372:7372): PID: 4
[INFO] 20:33:27:043 SWAmP/(7372:7372): NRO PAGINA: 0
[INFO] 20:33:27:043 SWAmP/(7372:7372): INICIO: 0
[INFO] 20:33:27:044 SWAmP/(7372:7372): NRO SWAP: 1
[INFO] 20:33:27:046 SWAmP/(7372:7372): ------------------------
[INFO] 20:33:27:047 SWAmP/(7372:7372): PID: 2
[INFO] 20:33:27:048 SWAmP/(7372:7372): NRO PAGINA: 0
[INFO] 20:33:27:049 SWAmP/(7372:7372): INICIO: 64
[INFO] 20:33:27:050 SWAmP/(7372:7372): NRO SWAP: 1
[INFO] 20:33:27:051 SWAmP/(7372:7372): ------------------------
[INFO] 20:33:27:068 SWAmP/(7372:7372): PID: 2
[INFO] 20:33:27:070 SWAmP/(7372:7372): NRO PAGINA: 1
[INFO] 20:33:27:071 SWAmP/(7372:7372): INICIO: 128
[INFO] 20:33:27:072 SWAmP/(7372:7372): NRO SWAP: 1
[INFO] 20:33:27:073 SWAmP/(7372:7372): ------------------------
[INFO] 20:33:27:075 SWAmP/(7372:7372): PID: 2
[INFO] 20:33:27:075 SWAmP/(7372:7372): NRO PAGINA: 2
[INFO] 20:33:27:076 SWAmP/(7372:7372): INICIO: 192
[INFO] 20:33:27:078 SWAmP/(7372:7372): NRO SWAP: 1
[INFO] 20:33:27:078 SWAmP/(7372:7372): ------------------------
[INFO] 20:33:27:079 SWAmP/(7372:7372): PID: 2
[INFO] 20:33:27:080 SWAmP/(7372:7372): NRO PAGINA: 3
[INFO] 20:33:27:080 SWAmP/(7372:7372): INICIO: 256
[INFO] 20:33:27:080 SWAmP/(7372:7372): NRO SWAP: 1
[INFO] 20:33:27:081 SWAmP/(7372:7372): ------------------------
[INFO] 20:33:27:082 SWAmP/(7372:7372): Alloco 2 paginas del carpincho 1
[INFO] 20:33:27:098 SWAmP/(7372:7372): ------------------------
[INFO] 20:33:27:100 SWAmP/(7372:7372): Para SWAP 0
[INFO] 20:33:27:101 SWAmP/(7372:7372): ------------------------
[INFO] 20:33:27:102 SWAmP/(7372:7372): PID: 1
[INFO] 20:33:27:102 SWAmP/(7372:7372): NRO PAGINA: 0
[INFO] 20:33:27:102 SWAmP/(7372:7372): INICIO: 0
[INFO] 20:33:27:103 SWAmP/(7372:7372): NRO SWAP: 0
[INFO] 20:33:27:103 SWAmP/(7372:7372): ------------------------
[INFO] 20:33:27:103 SWAmP/(7372:7372): PID: 1
[INFO] 20:33:27:103 SWAmP/(7372:7372): NRO PAGINA: 1
[INFO] 20:33:27:104 SWAmP/(7372:7372): INICIO: 64
[INFO] 20:33:27:104 SWAmP/(7372:7372): NRO SWAP: 0
[INFO] 20:33:27:104 SWAmP/(7372:7372): ------------------------
[INFO] 20:33:27:105 SWAmP/(7372:7372): PID: 1
[INFO] 20:33:27:105 SWAmP/(7372:7372): NRO PAGINA: 2
[INFO] 20:33:27:105 SWAmP/(7372:7372): INICIO: 128
[INFO] 20:33:27:105 SWAmP/(7372:7372): NRO SWAP: 0
[INFO] 20:33:27:108 SWAmP/(7372:7372): ------------------------
[INFO] 20:33:27:109 SWAmP/(7372:7372): PID: 3
[INFO] 20:33:27:112 SWAmP/(7372:7372): NRO PAGINA: 0
[INFO] 20:33:27:113 SWAmP/(7372:7372): INICIO: 192
[INFO] 20:33:27:114 SWAmP/(7372:7372): NRO SWAP: 0
[INFO] 20:33:27:115 SWAmP/(7372:7372): ------------------------
[INFO] 20:33:27:122 SWAmP/(7372:7372): PID: 3
[INFO] 20:33:27:122 SWAmP/(7372:7372): NRO PAGINA: 1
[INFO] 20:33:27:122 SWAmP/(7372:7372): INICIO: 256
[INFO] 20:33:27:124 SWAmP/(7372:7372): NRO SWAP: 0
[INFO] 20:33:27:124 SWAmP/(7372:7372): ------------------------
[INFO] 20:33:27:125 SWAmP/(7372:7372): PID: 1
[INFO] 20:33:27:125 SWAmP/(7372:7372): NRO PAGINA: 3
[INFO] 20:33:27:126 SWAmP/(7372:7372): INICIO: 320
[INFO] 20:33:27:126 SWAmP/(7372:7372): NRO SWAP: 0
[INFO] 20:33:27:126 SWAmP/(7372:7372): ------------------------
[INFO] 20:33:27:129 SWAmP/(7372:7372): PID: 1
[INFO] 20:33:27:129 SWAmP/(7372:7372): NRO PAGINA: 4
[INFO] 20:33:27:130 SWAmP/(7372:7372): INICIO: 384
[INFO] 20:33:27:130 SWAmP/(7372:7372): NRO SWAP: 0
[INFO] 20:33:27:131 SWAmP/(7372:7372): ------------------------
[INFO] 20:33:27:132 SWAmP/(7372:7372): ------------------------
[INFO] 20:33:27:132 SWAmP/(7372:7372): Para SWAP 1
[INFO] 20:33:27:133 SWAmP/(7372:7372): ------------------------
[INFO] 20:33:27:133 SWAmP/(7372:7372): PID: 4
[INFO] 20:33:27:134 SWAmP/(7372:7372): NRO PAGINA: 0
[INFO] 20:33:27:134 SWAmP/(7372:7372): INICIO: 0
[INFO] 20:33:27:135 SWAmP/(7372:7372): NRO SWAP: 1
[INFO] 20:33:27:135 SWAmP/(7372:7372): ------------------------
[INFO] 20:33:27:136 SWAmP/(7372:7372): PID: 2
[INFO] 20:33:27:136 SWAmP/(7372:7372): NRO PAGINA: 0
[INFO] 20:33:27:137 SWAmP/(7372:7372): INICIO: 64
[INFO] 20:33:27:139 SWAmP/(7372:7372): NRO SWAP: 1
[INFO] 20:33:27:139 SWAmP/(7372:7372): ------------------------
[INFO] 20:33:27:140 SWAmP/(7372:7372): PID: 2
[INFO] 20:33:27:140 SWAmP/(7372:7372): NRO PAGINA: 1
[INFO] 20:33:27:141 SWAmP/(7372:7372): INICIO: 128
[INFO] 20:33:27:141 SWAmP/(7372:7372): NRO SWAP: 1
[INFO] 20:33:27:142 SWAmP/(7372:7372): ------------------------
[INFO] 20:33:27:142 SWAmP/(7372:7372): PID: 2
[INFO] 20:33:27:143 SWAmP/(7372:7372): NRO PAGINA: 2
[INFO] 20:33:27:143 SWAmP/(7372:7372): INICIO: 192
[INFO] 20:33:27:144 SWAmP/(7372:7372): NRO SWAP: 1
[INFO] 20:33:27:145 SWAmP/(7372:7372): ------------------------
[INFO] 20:33:27:145 SWAmP/(7372:7372): PID: 2
[INFO] 20:33:27:146 SWAmP/(7372:7372): NRO PAGINA: 3
[INFO] 20:33:27:146 SWAmP/(7372:7372): INICIO: 256
[INFO] 20:33:27:147 SWAmP/(7372:7372): NRO SWAP: 1
[INFO] 20:33:27:147 SWAmP/(7372:7372): ------------------------
[INFO] 20:33:27:154 SWAmP/(7372:7372): Alloco 1 paginas del carpincho 1
[ERROR] 20:33:27:155 SWAmP/(7372:7372): Se alcanzo la cantidad maxima de marcos por carpincho
[INFO] 20:33:27:157 SWAmP/(7372:7372): ------------------------
[INFO] 20:33:27:158 SWAmP/(7372:7372): Para SWAP 0
[INFO] 20:33:27:160 SWAmP/(7372:7372): ------------------------
[INFO] 20:33:27:161 SWAmP/(7372:7372): PID: 1
[INFO] 20:33:27:162 SWAmP/(7372:7372): NRO PAGINA: 0
[INFO] 20:33:27:163 SWAmP/(7372:7372): INICIO: 0
[INFO] 20:33:27:163 SWAmP/(7372:7372): NRO SWAP: 0
[INFO] 20:33:27:164 SWAmP/(7372:7372): ------------------------
[INFO] 20:33:27:164 SWAmP/(7372:7372): PID: 1
[INFO] 20:33:27:165 SWAmP/(7372:7372): NRO PAGINA: 1
[INFO] 20:33:27:166 SWAmP/(7372:7372): INICIO: 64
[INFO] 20:33:27:166 SWAmP/(7372:7372): NRO SWAP: 0
[INFO] 20:33:27:166 SWAmP/(7372:7372): ------------------------
[INFO] 20:33:27:167 SWAmP/(7372:7372): PID: 1
[INFO] 20:33:27:168 SWAmP/(7372:7372): NRO PAGINA: 2
[INFO] 20:33:27:168 SWAmP/(7372:7372): INICIO: 128
[INFO] 20:33:27:169 SWAmP/(7372:7372): NRO SWAP: 0
[INFO] 20:33:27:169 SWAmP/(7372:7372): ------------------------
[INFO] 20:33:27:173 SWAmP/(7372:7372): PID: 3
[INFO] 20:33:27:174 SWAmP/(7372:7372): NRO PAGINA: 0
[INFO] 20:33:27:175 SWAmP/(7372:7372): INICIO: 192
[INFO] 20:33:27:176 SWAmP/(7372:7372): NRO SWAP: 0
[INFO] 20:33:27:177 SWAmP/(7372:7372): ------------------------
[INFO] 20:33:27:177 SWAmP/(7372:7372): PID: 3
[INFO] 20:33:27:185 SWAmP/(7372:7372): NRO PAGINA: 1
[INFO] 20:33:27:185 SWAmP/(7372:7372): INICIO: 256
[INFO] 20:33:27:186 SWAmP/(7372:7372): NRO SWAP: 0
[INFO] 20:33:27:186 SWAmP/(7372:7372): ------------------------
[INFO] 20:33:27:186 SWAmP/(7372:7372): PID: 1
[INFO] 20:33:27:187 SWAmP/(7372:7372): NRO PAGINA: 3
[INFO] 20:33:27:187 SWAmP/(7372:7372): INICIO: 320
[INFO] 20:33:27:187 SWAmP/(7372:7372): NRO SWAP: 0
[INFO] 20:33:27:188 SWAmP/(7372:7372): ------------------------
[INFO] 20:33:27:188 SWAmP/(7372:7372): PID: 1
[INFO] 20:33:27:188 SWAmP/(7372:7372): NRO PAGINA: 4
[INFO] 20:33:27:188 SWAmP/(7372:7372): INICIO: 384
[INFO] 20:33:27:189 SWAmP/(7372:7372): NRO SWAP: 0
[INFO] 20:33:27:189 SWAmP/(7372:7372): ------------------------
[INFO] 20:33:27:189 SWAmP/(7372:7372): ------------------------
[INFO] 20:33:27:189 SWAmP/(7372:7372): Para SWAP 1
[INFO] 20:33:27:190 SWAmP/(7372:7372): ------------------------
[INFO] 20:33:27:190 SWAmP/(7372:7372): PID: 4
[INFO] 20:33:27:190 SWAmP/(7372:7372): NRO PAGINA: 0
[INFO] 20:33:27:191 SWAmP/(7372:7372): INICIO: 0
[INFO] 20:33:27:191 SWAmP/(7372:7372): NRO SWAP: 1
[INFO] 20:33:27:195 SWAmP/(7372:7372): ------------------------
[INFO] 20:33:27:196 SWAmP/(7372:7372): PID: 2
[INFO] 20:33:27:198 SWAmP/(7372:7372): NRO PAGINA: 0
[INFO] 20:33:27:199 SWAmP/(7372:7372): INICIO: 64
[INFO] 20:33:27:200 SWAmP/(7372:7372): NRO SWAP: 1
[INFO] 20:33:27:201 SWAmP/(7372:7372): ------------------------
[INFO] 20:33:27:202 SWAmP/(7372:7372): PID: 2
[INFO] 20:33:27:203 SWAmP/(7372:7372): NRO PAGINA: 1
[INFO] 20:33:27:203 SWAmP/(7372:7372): INICIO: 128
[INFO] 20:33:27:204 SWAmP/(7372:7372): NRO SWAP: 1
[INFO] 20:33:27:204 SWAmP/(7372:7372): ------------------------
[INFO] 20:33:27:205 SWAmP/(7372:7372): PID: 2
[INFO] 20:33:27:206 SWAmP/(7372:7372): NRO PAGINA: 2
[INFO] 20:33:27:206 SWAmP/(7372:7372): INICIO: 192
[INFO] 20:33:27:207 SWAmP/(7372:7372): NRO SWAP: 1
[INFO] 20:33:27:208 SWAmP/(7372:7372): ------------------------
[INFO] 20:33:27:214 SWAmP/(7372:7372): PID: 2
[INFO] 20:33:27:215 SWAmP/(7372:7372): NRO PAGINA: 3
[INFO] 20:33:27:216 SWAmP/(7372:7372): INICIO: 256
[INFO] 20:33:27:216 SWAmP/(7372:7372): NRO SWAP: 1
[INFO] 20:33:27:217 SWAmP/(7372:7372): ------------------------
[INFO] 20:33:27:217 SWAmP/(7372:7372): Alloco 2 paginas del carpincho 3
[ERROR] 20:33:27:220 SWAmP/(7372:7372): No espacio sufieciente en swap para meter 2 paginas
[INFO] 20:33:27:222 SWAmP/(7372:7372): ------------------------
[INFO] 20:33:27:223 SWAmP/(7372:7372): Para SWAP 0
[INFO] 20:33:27:225 SWAmP/(7372:7372): ------------------------
[INFO] 20:33:27:226 SWAmP/(7372:7372): PID: 1
[INFO] 20:33:27:227 SWAmP/(7372:7372): NRO PAGINA: 0
[INFO] 20:33:27:227 SWAmP/(7372:7372): INICIO: 0
[INFO] 20:33:27:228 SWAmP/(7372:7372): NRO SWAP: 0
[INFO] 20:33:27:230 SWAmP/(7372:7372): ------------------------
[INFO] 20:33:27:230 SWAmP/(7372:7372): PID: 1
[INFO] 20:33:27:230 SWAmP/(7372:7372): NRO PAGINA: 1
[INFO] 20:33:27:231 SWAmP/(7372:7372): INICIO: 64
[INFO] 20:33:27:231 SWAmP/(7372:7372): NRO SWAP: 0
[INFO] 20:33:27:232 SWAmP/(7372:7372): ------------------------
[INFO] 20:33:27:232 SWAmP/(7372:7372): PID: 1
[INFO] 20:33:27:232 SWAmP/(7372:7372): NRO PAGINA: 2
[INFO] 20:33:27:233 SWAmP/(7372:7372): INICIO: 128
[INFO] 20:33:27:233 SWAmP/(7372:7372): NRO SWAP: 0
[INFO] 20:33:27:233 SWAmP/(7372:7372): ------------------------
[INFO] 20:33:27:234 SWAmP/(7372:7372): PID: 3
[INFO] 20:33:27:234 SWAmP/(7372:7372): NRO PAGINA: 0
[INFO] 20:33:27:239 SWAmP/(7372:7372): INICIO: 192
[INFO] 20:33:27:245 SWAmP/(7372:7372): NRO SWAP: 0
[INFO] 20:33:27:246 SWAmP/(7372:7372): ------------------------
[INFO] 20:33:27:246 SWAmP/(7372:7372): PID: 3
[INFO] 20:33:27:247 SWAmP/(7372:7372): NRO PAGINA: 1
[INFO] 20:33:27:248 SWAmP/(7372:7372): INICIO: 256
[INFO] 20:33:27:248 SWAmP/(7372:7372): NRO SWAP: 0
[INFO] 20:33:27:249 SWAmP/(7372:7372): ------------------------
[INFO] 20:33:27:250 SWAmP/(7372:7372): PID: 1
[INFO] 20:33:27:250 SWAmP/(7372:7372): NRO PAGINA: 3
[INFO] 20:33:27:251 SWAmP/(7372:7372): INICIO: 320
[INFO] 20:33:27:251 SWAmP/(7372:7372): NRO SWAP: 0
[INFO] 20:33:27:252 SWAmP/(7372:7372): ------------------------
[INFO] 20:33:27:252 SWAmP/(7372:7372): PID: 1
[INFO] 20:33:27:253 SWAmP/(7372:7372): NRO PAGINA: 4
[INFO] 20:33:27:254 SWAmP/(7372:7372): INICIO: 384
[INFO] 20:33:27:254 SWAmP/(7372:7372): NRO SWAP: 0
[INFO] 20:33:27:255 SWAmP/(7372:7372): ------------------------
[INFO] 20:33:27:257 SWAmP/(7372:7372): ------------------------
[INFO] 20:33:27:257 SWAmP/(7372:7372): Para SWAP 1
[INFO] 20:33:27:258 SWAmP/(7372:7372): ------------------------
[INFO] 20:33:27:258 SWAmP/(7372:7372): PID: 4
[INFO] 20:33:27:259 SWAmP/(7372:7372): NRO PAGINA: 0
[INFO] 20:33:27:259 SWAmP/(7372:7372): INICIO: 0
[INFO] 20:33:27:259 SWAmP/(7372:7372): NRO SWAP: 1
[INFO] 20:33:27:260 SWAmP/(7372:7372): ------------------------
[INFO] 20:33:27:260 SWAmP/(7372:7372): PID: 2
[INFO] 20:33:27:260 SWAmP/(7372:7372): NRO PAGINA: 0
[INFO] 20:33:27:261 SWAmP/(7372:7372): INICIO: 64
[INFO] 20:33:27:262 SWAmP/(7372:7372): NRO SWAP: 1
[INFO] 20:33:27:262 SWAmP/(7372:7372): ------------------------
[INFO] 20:33:27:263 SWAmP/(7372:7372): PID: 2
[INFO] 20:33:27:263 SWAmP/(7372:7372): NRO PAGINA: 1
[INFO] 20:33:27:264 SWAmP/(7372:7372): INICIO: 128
[INFO] 20:33:27:264 SWAmP/(7372:7372): NRO SWAP: 1
[INFO] 20:33:27:265 SWAmP/(7372:7372): ------------------------
[INFO] 20:33:27:265 SWAmP/(7372:7372): PID: 2
[INFO] 20:33:27:266 SWAmP/(7372:7372): NRO PAGINA: 2
[INFO] 20:33:27:268 SWAmP/(7372:7372): INICIO: 192
[INFO] 20:33:27:269 SWAmP/(7372:7372): NRO SWAP: 1
[INFO] 20:33:27:275 SWAmP/(7372:7372): ------------------------
[INFO] 20:33:27:276 SWAmP/(7372:7372): PID: 2
[INFO] 20:33:27:276 SWAmP/(7372:7372): NRO PAGINA: 3
[INFO] 20:33:27:276 SWAmP/(7372:7372): INICIO: 256
[INFO] 20:33:27:283 SWAmP/(7372:7372): NRO SWAP: 1
[INFO] 20:33:27:283 SWAmP/(7372:7372): ------------------------
[INFO] 20:33:27:283 SWAmP/(7372:7372): Alloco 1 paginas del carpincho 3
[INFO] 20:33:27:286 SWAmP/(7372:7372): ------------------------
[INFO] 20:33:27:287 SWAmP/(7372:7372): Para SWAP 0
[INFO] 20:33:27:288 SWAmP/(7372:7372): ------------------------
[INFO] 20:33:27:292 SWAmP/(7372:7372): PID: 1
[INFO] 20:33:27:292 SWAmP/(7372:7372): NRO PAGINA: 0
[INFO] 20:33:27:292 SWAmP/(7372:7372): INICIO: 0
[INFO] 20:33:27:293 SWAmP/(7372:7372): NRO SWAP: 0
[INFO] 20:33:27:293 SWAmP/(7372:7372): ------------------------
[INFO] 20:33:27:293 SWAmP/(7372:7372): PID: 1
[INFO] 20:33:27:293 SWAmP/(7372:7372): NRO PAGINA: 1
[INFO] 20:33:27:294 SWAmP/(7372:7372): INICIO: 64
[INFO] 20:33:27:294 SWAmP/(7372:7372): NRO SWAP: 0
[INFO] 20:33:27:294 SWAmP/(7372:7372): ------------------------
[INFO] 20:33:27:294 SWAmP/(7372:7372): PID: 1
[INFO] 20:33:27:295 SWAmP/(7372:7372): NRO PAGINA: 2
[INFO] 20:33:27:295 SWAmP/(7372:7372): INICIO: 128
[INFO] 20:33:27:295 SWAmP/(7372:7372): NRO SWAP: 0
[INFO] 20:33:27:295 SWAmP/(7372:7372): ------------------------
[INFO] 20:33:27:296 SWAmP/(7372:7372): PID: 3
[INFO] 20:33:27:296 SWAmP/(7372:7372): NRO PAGINA: 0
[INFO] 20:33:27:296 SWAmP/(7372:7372): INICIO: 192
[INFO] 20:33:27:297 SWAmP/(7372:7372): NRO SWAP: 0
[INFO] 20:33:27:297 SWAmP/(7372:7372): ------------------------
[INFO] 20:33:27:297 SWAmP/(7372:7372): PID: 3
[INFO] 20:33:27:297 SWAmP/(7372:7372): NRO PAGINA: 1
[INFO] 20:33:27:298 SWAmP/(7372:7372): INICIO: 256
[INFO] 20:33:27:305 SWAmP/(7372:7372): NRO SWAP: 0
[INFO] 20:33:27:307 SWAmP/(7372:7372): ------------------------
[INFO] 20:33:27:308 SWAmP/(7372:7372): PID: 1
[INFO] 20:33:27:310 SWAmP/(7372:7372): NRO PAGINA: 3
[INFO] 20:33:27:310 SWAmP/(7372:7372): INICIO: 320
[INFO] 20:33:27:311 SWAmP/(7372:7372): NRO SWAP: 0
[INFO] 20:33:27:311 SWAmP/(7372:7372): ------------------------
[INFO] 20:33:27:312 SWAmP/(7372:7372): PID: 1
[INFO] 20:33:27:312 SWAmP/(7372:7372): NRO PAGINA: 4
[INFO] 20:33:27:313 SWAmP/(7372:7372): INICIO: 384
[INFO] 20:33:27:314 SWAmP/(7372:7372): NRO SWAP: 0
[INFO] 20:33:27:314 SWAmP/(7372:7372): ------------------------
[INFO] 20:33:27:315 SWAmP/(7372:7372): PID: 3
[INFO] 20:33:27:315 SWAmP/(7372:7372): NRO PAGINA: 2
[INFO] 20:33:27:316 SWAmP/(7372:7372): INICIO: 448
[INFO] 20:33:27:317 SWAmP/(7372:7372): NRO SWAP: 0
[INFO] 20:33:27:317 SWAmP/(7372:7372): ------------------------
[INFO] 20:33:27:317 SWAmP/(7372:7372): ------------------------
[INFO] 20:33:27:318 SWAmP/(7372:7372): Para SWAP 1
[INFO] 20:33:27:319 SWAmP/(7372:7372): ------------------------
[INFO] 20:33:27:320 SWAmP/(7372:7372): PID: 4
[INFO] 20:33:27:321 SWAmP/(7372:7372): NRO PAGINA: 0
[INFO] 20:33:27:322 SWAmP/(7372:7372): INICIO: 0
[INFO] 20:33:27:323 SWAmP/(7372:7372): NRO SWAP: 1
[INFO] 20:33:27:323 SWAmP/(7372:7372): ------------------------
[INFO] 20:33:27:324 SWAmP/(7372:7372): PID: 2
[INFO] 20:33:27:324 SWAmP/(7372:7372): NRO PAGINA: 0
[INFO] 20:33:27:325 SWAmP/(7372:7372): INICIO: 64
[INFO] 20:33:27:325 SWAmP/(7372:7372): NRO SWAP: 1
[INFO] 20:33:27:326 SWAmP/(7372:7372): ------------------------
[INFO] 20:33:27:326 SWAmP/(7372:7372): PID: 2
[INFO] 20:33:27:327 SWAmP/(7372:7372): NRO PAGINA: 1
[INFO] 20:33:27:327 SWAmP/(7372:7372): INICIO: 128
[INFO] 20:33:27:329 SWAmP/(7372:7372): NRO SWAP: 1
[INFO] 20:33:27:330 SWAmP/(7372:7372): ------------------------
[INFO] 20:33:27:330 SWAmP/(7372:7372): PID: 2
[INFO] 20:33:27:335 SWAmP/(7372:7372): NRO PAGINA: 2
[INFO] 20:33:27:336 SWAmP/(7372:7372): INICIO: 192
[INFO] 20:33:27:341 SWAmP/(7372:7372): NRO SWAP: 1
[INFO] 20:33:27:341 SWAmP/(7372:7372): ------------------------
[INFO] 20:33:27:343 SWAmP/(7372:7372): PID: 2
[INFO] 20:33:27:343 SWAmP/(7372:7372): NRO PAGINA: 3
[INFO] 20:33:27:343 SWAmP/(7372:7372): INICIO: 256
[INFO] 20:33:27:344 SWAmP/(7372:7372): NRO SWAP: 1
[INFO] 20:33:27:345 SWAmP/(7372:7372): ------------------------
[INFO] 20:33:27:423 SWAmP/(7372:7372): ------------------------
[INFO] 20:33:27:424 SWAmP/(7372:7372): Para SWAP 0
[INFO] 20:33:27:425 SWAmP/(7372:7372): ------------------------
[INFO] 20:33:27:432 SWAmP/(7372:7372): PID: 1
[INFO] 20:33:27:433 SWAmP/(7372:7372): NRO PAGINA: 0
[INFO] 20:33:27:434 SWAmP/(7372:7372): INICIO: 0
[INFO] 20:33:27:435 SWAmP/(7372:7372): NRO SWAP: 0
[INFO] 20:33:27:436 SWAmP/(7372:7372): ------------------------
[INFO] 20:33:27:438 SWAmP/(7372:7372): PID: 1
[INFO] 20:33:27:438 SWAmP/(7372:7372): NRO PAGINA: 1
[INFO] 20:33:27:439 SWAmP/(7372:7372): INICIO: 64
[INFO] 20:33:27:440 SWAmP/(7372:7372): NRO SWAP: 0
[INFO] 20:33:27:440 SWAmP/(7372:7372): ------------------------
[INFO] 20:33:27:441 SWAmP/(7372:7372): PID: 1
[INFO] 20:33:27:441 SWAmP/(7372:7372): NRO PAGINA: 2
[INFO] 20:33:27:442 SWAmP/(7372:7372): INICIO: 128
[INFO] 20:33:27:443 SWAmP/(7372:7372): NRO SWAP: 0
[INFO] 20:33:27:443 SWAmP/(7372:7372): ------------------------
[INFO] 20:33:27:444 SWAmP/(7372:7372): PID: 3
[INFO] 20:33:27:444 SWAmP/(7372:7372): NRO PAGINA: 0
[INFO] 20:33:27:445 SWAmP/(7372:7372): INICIO: 192
[INFO] 20:33:27:446 SWAmP/(7372:7372): NRO SWAP: 0
[INFO] 20:33:27:447 SWAmP/(7372:7372): ------------------------
[INFO] 20:33:27:447 SWAmP/(7372:7372): PID: 3
[INFO] 20:33:27:447 SWAmP/(7372:7372): NRO PAGINA: 1
[INFO] 20:33:27:450 SWAmP/(7372:7372): INICIO: 256
[INFO] 20:33:27:450 SWAmP/(7372:7372): NRO SWAP: 0
[INFO] 20:33:27:450 SWAmP/(7372:7372): ------------------------
[INFO] 20:33:27:451 SWAmP/(7372:7372): PID: 1
[INFO] 20:33:27:451 SWAmP/(7372:7372): NRO PAGINA: 3
[INFO] 20:33:27:451 SWAmP/(7372:7372): INICIO: 320
[INFO] 20:33:27:452 SWAmP/(7372:7372): NRO SWAP: 0
[INFO] 20:33:27:452 SWAmP/(7372:7372): ------------------------
[INFO] 20:33:27:453 SWAmP/(7372:7372): PID: 1
[INFO] 20:33:27:453 SWAmP/(7372:7372): NRO PAGINA: 4
[INFO] 20:33:27:454 SWAmP/(7372:7372): INICIO: 384
[INFO] 20:33:27:455 SWAmP/(7372:7372): NRO SWAP: 0
[INFO] 20:33:27:455 SWAmP/(7372:7372): ------------------------
[INFO] 20:33:27:456 SWAmP/(7372:7372): PID: 3
[INFO] 20:33:27:464 SWAmP/(7372:7372): NRO PAGINA: 2
[INFO] 20:33:27:465 SWAmP/(7372:7372): INICIO: 448
[INFO] 20:33:27:466 SWAmP/(7372:7372): NRO SWAP: 0
[INFO] 20:33:27:466 SWAmP/(7372:7372): ------------------------
[INFO] 20:33:27:467 SWAmP/(7372:7372): ------------------------
[INFO] 20:33:27:468 SWAmP/(7372:7372): Para SWAP 1
[INFO] 20:33:27:469 SWAmP/(7372:7372): ------------------------
[INFO] 20:33:27:470 SWAmP/(7372:7372): PID: 4
[INFO] 20:33:27:470 SWAmP/(7372:7372): NRO PAGINA: 0
[INFO] 20:33:27:471 SWAmP/(7372:7372): INICIO: 0
[INFO] 20:33:27:471 SWAmP/(7372:7372): NRO SWAP: 1
[INFO] 20:33:27:472 SWAmP/(7372:7372): ------------------------
[INFO] 20:33:27:472 SWAmP/(7372:7372): PID: 2
[INFO] 20:33:27:475 SWAmP/(7372:7372): NRO PAGINA: 0
[INFO] 20:33:27:475 SWAmP/(7372:7372): INICIO: 64
[INFO] 20:33:27:476 SWAmP/(7372:7372): NRO SWAP: 1
[INFO] 20:33:27:477 SWAmP/(7372:7372): ------------------------
[INFO] 20:33:27:477 SWAmP/(7372:7372): PID: 2
[INFO] 20:33:27:478 SWAmP/(7372:7372): NRO PAGINA: 1
[INFO] 20:33:27:478 SWAmP/(7372:7372): INICIO: 128
[INFO] 20:33:27:479 SWAmP/(7372:7372): NRO SWAP: 1
[INFO] 20:33:27:480 SWAmP/(7372:7372): ------------------------
[INFO] 20:33:27:482 SWAmP/(7372:7372): PID: 2
[INFO] 20:33:27:482 SWAmP/(7372:7372): NRO PAGINA: 2
[INFO] 20:33:27:483 SWAmP/(7372:7372): INICIO: 192
[INFO] 20:33:27:483 SWAmP/(7372:7372): NRO SWAP: 1
[INFO] 20:33:27:484 SWAmP/(7372:7372): ------------------------
[INFO] 20:33:27:484 SWAmP/(7372:7372): PID: 2
[INFO] 20:33:27:485 SWAmP/(7372:7372): NRO PAGINA: 3
[INFO] 20:33:27:485 SWAmP/(7372:7372): INICIO: 256
[INFO] 20:33:27:486 SWAmP/(7372:7372): NRO SWAP: 1
[INFO] 20:33:27:494 SWAmP/(7372:7372): ------------------------
