[INFO] 22:59:03:308 Kernel/(15661:15661): Cliente conectado en 0.0.0.0:5002 (a Server)

[INFO] 22:59:03:372 Kernel/(15661:15661): ------2---------

[INFO] 22:59:03:384 Kernel/(15661:15661): Escuchando en 0.0.0.0:6005 (KERNEL_SERVER)

[INFO] 22:59:10:582 Kernel/(15661:15661): Cliente conectado (a KERNEL_SERVER)

[INFO] 22:59:10:809 Kernel/(15661:15692): HANDSHAKE
[INFO] 22:59:10:966 Kernel/(15661:15692): Estimacion- Carpincho: 0 - Rafaga: 0.000000
[INFO] 22:59:10:984 Kernel/(15661:15692): Esperando dispositivo: 0
[INFO] 22:59:10:987 Kernel/(15661:15692): Dispositivo asignado: 0
[INFO] 22:59:11:501 Kernel/(15661:15661): Cliente conectado (a KERNEL_SERVER)

[INFO] 22:59:11:515 Kernel/(15661:15694): HANDSHAKE
[INFO] 22:59:11:596 Kernel/(15661:15694): Estimacion- Carpincho: 1 - Rafaga: 0.000000
[INFO] 22:59:11:599 Kernel/(15661:15694): Esperando dispositivo: 1
[INFO] 22:59:12:545 Kernel/(15661:15661): Cliente conectado (a KERNEL_SERVER)

[INFO] 22:59:12:549 Kernel/(15661:15696): HANDSHAKE
[INFO] 22:59:12:556 Kernel/(15661:15666): ---------0---------------
[INFO] 22:59:12:639 Kernel/(15661:15696): Estimacion- Carpincho: 2 - Rafaga: 0.000000
[INFO] 22:59:12:640 Kernel/(15661:15696): Esperando dispositivo: 2
[INFO] 22:59:13:585 Kernel/(15661:15661): Cliente conectado (a KERNEL_SERVER)

[INFO] 22:59:13:590 Kernel/(15661:15698): HANDSHAKE
[INFO] 22:59:13:598 Kernel/(15661:15666): ---------0---------------
[INFO] 22:59:13:680 Kernel/(15661:15698): Estimacion- Carpincho: 3 - Rafaga: 0.000000
[INFO] 22:59:13:685 Kernel/(15661:15698): Esperando dispositivo: 3
[INFO] 22:59:54:809 Kernel/(15848:15848): Cliente conectado en 0.0.0.0:5002 (a Server)

[INFO] 22:59:54:881 Kernel/(15848:15848): ------2---------

[INFO] 22:59:54:889 Kernel/(15848:15848): ------3---------

[ERROR] 23:00:28:923 Kernel/(15899:15899): Error al conectar (a Server)

[ERROR] 23:00:33:333 Kernel/(15941:15941): Error al conectar (a Server)

[INFO] 23:00:41:964 Kernel/(16058:16058): Cliente conectado en 0.0.0.0:5002 (a Server)

[INFO] 23:00:42:041 Kernel/(16058:16058): ------2---------

[INFO] 23:00:42:047 Kernel/(16058:16058): Escuchando en 0.0.0.0:6005 (KERNEL_SERVER)

[INFO] 23:00:46:124 Kernel/(16058:16058): Cliente conectado (a KERNEL_SERVER)

[INFO] 23:00:46:225 Kernel/(16058:16089): HANDSHAKE
[INFO] 23:00:46:338 Kernel/(16058:16089): Estimacion- Carpincho: 0 - Rafaga: 0.000000
[INFO] 23:00:46:342 Kernel/(16058:16089): Esperando dispositivo: 0
[INFO] 23:00:46:343 Kernel/(16058:16089): Dispositivo asignado: 0
[INFO] 23:00:47:042 Kernel/(16058:16058): Cliente conectado (a KERNEL_SERVER)

[INFO] 23:00:47:048 Kernel/(16058:16091): HANDSHAKE
[INFO] 23:00:47:135 Kernel/(16058:16091): Estimacion- Carpincho: 1 - Rafaga: 0.000000
[INFO] 23:00:47:137 Kernel/(16058:16091): Esperando dispositivo: 1
[INFO] 23:00:48:058 Kernel/(16058:16058): Cliente conectado (a KERNEL_SERVER)

[INFO] 23:00:48:064 Kernel/(16058:16093): HANDSHAKE
[INFO] 23:00:48:151 Kernel/(16058:16093): Estimacion- Carpincho: 2 - Rafaga: 0.000000
[INFO] 23:00:48:152 Kernel/(16058:16093): Esperando dispositivo: 2
[INFO] 23:00:49:081 Kernel/(16058:16058): Cliente conectado (a KERNEL_SERVER)

[INFO] 23:00:49:087 Kernel/(16058:16095): HANDSHAKE
[INFO] 23:00:49:163 Kernel/(16058:16095): Estimacion- Carpincho: 3 - Rafaga: 0.000000
[INFO] 23:00:49:165 Kernel/(16058:16095): Esperando dispositivo: 3
[INFO] 23:00:51:353 Kernel/(16058:16091): Dispositivo asignado: 1
[INFO] 23:00:51:358 Kernel/(16058:16089): Estimacion- Carpincho: 0 - Rafaga: 0.000000
[INFO] 23:00:51:360 Kernel/(16058:16089): Esperando dispositivo: 0
[INFO] 23:00:56:359 Kernel/(16058:16093): Dispositivo asignado: 2
[INFO] 23:01:01:365 Kernel/(16058:16095): Dispositivo asignado: 3
[INFO] 23:01:06:369 Kernel/(16058:16089): Dispositivo asignado: 0
[INFO] 23:01:06:372 Kernel/(16058:16095): Estimacion- Carpincho: 3 - Rafaga: 0.000000
[INFO] 23:01:06:376 Kernel/(16058:16095): Esperando dispositivo: 3
[INFO] 23:01:11:373 Kernel/(16058:16095): Dispositivo asignado: 3
[INFO] 23:01:11:379 Kernel/(16058:16089): Estimacion- Carpincho: 0 - Rafaga: 0.000000
[INFO] 23:01:11:385 Kernel/(16058:16089): Esperando dispositivo: 0
[INFO] 23:01:16:383 Kernel/(16058:16089): Dispositivo asignado: 0
[INFO] 23:01:16:390 Kernel/(16058:16095): Estimacion- Carpincho: 3 - Rafaga: 0.000000
[INFO] 23:01:16:392 Kernel/(16058:16095): Esperando dispositivo: 3
[INFO] 23:01:21:390 Kernel/(16058:16095): Dispositivo asignado: 3
[INFO] 23:01:21:401 Kernel/(16058:16091): Estimacion- Carpincho: 1 - Rafaga: 0.000000
[INFO] 23:01:21:403 Kernel/(16058:16091): Esperando dispositivo: 1
[INFO] 23:01:26:393 Kernel/(16058:16091): Dispositivo asignado: 1
[INFO] 23:01:26:398 Kernel/(16058:16093): Estimacion- Carpincho: 2 - Rafaga: 0.000000
[INFO] 23:01:26:398 Kernel/(16058:16093): Esperando dispositivo: 2
[INFO] 23:01:31:395 Kernel/(16058:16093): Dispositivo asignado: 2
[INFO] 23:01:31:398 Kernel/(16058:16091): Estimacion- Carpincho: 1 - Rafaga: 0.000000
[INFO] 23:01:31:399 Kernel/(16058:16091): Esperando dispositivo: 1
[INFO] 23:01:36:398 Kernel/(16058:16091): Dispositivo asignado: 1
[INFO] 23:01:36:401 Kernel/(16058:16093): Estimacion- Carpincho: 2 - Rafaga: 0.000000
[INFO] 23:01:36:402 Kernel/(16058:16093): Esperando dispositivo: 2
[INFO] 23:01:41:400 Kernel/(16058:16093): Dispositivo asignado: 2
[INFO] 23:01:46:525 Kernel/(16058:16095): DISCONNECT!
[INFO] 23:01:46:530 Kernel/(16058:16093): DISCONNECT!
[INFO] 23:01:46:533 Kernel/(16058:16091): DISCONNECT!
[INFO] 23:01:46:534 Kernel/(16058:16089): DISCONNECT!
[INFO] 23:02:43:989 Kernel/(16340:16340): Cliente conectado en 0.0.0.0:5002 (a Server)

[INFO] 23:02:44:090 Kernel/(16340:16340): ------2---------

[INFO] 23:02:44:130 Kernel/(16340:16340): Escuchando en 0.0.0.0:6005 (KERNEL_SERVER)

[INFO] 23:02:46:795 Kernel/(16340:16340): Cliente conectado (a KERNEL_SERVER)

[INFO] 23:02:46:891 Kernel/(16340:16370): HANDSHAKE
[INFO] 23:02:47:004 Kernel/(16340:16370): Estimacion- Carpincho: 0 - Rafaga: 0.000000
[INFO] 23:02:47:007 Kernel/(16340:16345): ---------0---------------
[INFO] 23:02:47:010 Kernel/(16340:16370): Esperando dispositivo: 0
[INFO] 23:02:47:011 Kernel/(16340:16370): Dispositivo asignado: 0
[INFO] 23:02:47:744 Kernel/(16340:16340): Cliente conectado (a KERNEL_SERVER)

[INFO] 23:02:47:750 Kernel/(16340:16372): HANDSHAKE
[INFO] 23:02:47:752 Kernel/(16340:16345): ---------0---------------
[INFO] 23:02:47:827 Kernel/(16340:16372): Estimacion- Carpincho: 1 - Rafaga: 0.000000
[INFO] 23:02:47:828 Kernel/(16340:16345): ---------0---------------
[INFO] 23:02:47:829 Kernel/(16340:16345): ---------1---------------
[INFO] 23:02:47:829 Kernel/(16340:16372): Esperando dispositivo: 1
[INFO] 23:02:48:778 Kernel/(16340:16340): Cliente conectado (a KERNEL_SERVER)

[INFO] 23:02:48:792 Kernel/(16340:16374): HANDSHAKE
[INFO] 23:02:48:799 Kernel/(16340:16345): ---------0---------------
[INFO] 23:02:48:799 Kernel/(16340:16345): ---------1---------------
[INFO] 23:02:48:895 Kernel/(16340:16374): Estimacion- Carpincho: 2 - Rafaga: 0.000000
[INFO] 23:02:48:895 Kernel/(16340:16374): Esperando dispositivo: 2
[INFO] 23:02:48:896 Kernel/(16340:16345): ---------0---------------
[INFO] 23:02:48:898 Kernel/(16340:16345): ---------2---------------
[INFO] 23:02:49:798 Kernel/(16340:16340): Cliente conectado (a KERNEL_SERVER)

[INFO] 23:02:49:803 Kernel/(16340:16376): HANDSHAKE
[INFO] 23:02:49:803 Kernel/(16340:16345): ---------0---------------
[INFO] 23:02:49:804 Kernel/(16340:16345): ---------2---------------
[INFO] 23:02:49:875 Kernel/(16340:16376): Estimacion- Carpincho: 3 - Rafaga: 0.000000
[INFO] 23:02:49:876 Kernel/(16340:16345): ---------0---------------
[INFO] 23:02:49:876 Kernel/(16340:16345): ---------3---------------
[INFO] 23:02:49:877 Kernel/(16340:16376): Esperando dispositivo: 3
[INFO] 23:02:52:020 Kernel/(16340:16372): Dispositivo asignado: 1
[INFO] 23:02:52:024 Kernel/(16340:16370): Estimacion- Carpincho: 0 - Rafaga: 0.000000
[INFO] 23:02:52:026 Kernel/(16340:16345): ---------3---------------
[INFO] 23:02:52:027 Kernel/(16340:16345): ---------0---------------
[INFO] 23:02:52:029 Kernel/(16340:16370): Esperando dispositivo: 0
[INFO] 23:02:57:024 Kernel/(16340:16374): Dispositivo asignado: 2
[INFO] 23:03:02:030 Kernel/(16340:16376): Dispositivo asignado: 3
[INFO] 23:03:07:036 Kernel/(16340:16370): Dispositivo asignado: 0
[INFO] 23:03:07:043 Kernel/(16340:16376): Estimacion- Carpincho: 3 - Rafaga: 0.000000
[INFO] 23:03:07:048 Kernel/(16340:16345): ---------0---------------
[INFO] 23:03:07:048 Kernel/(16340:16345): ---------3---------------
[INFO] 23:03:07:052 Kernel/(16340:16376): Esperando dispositivo: 3
[INFO] 23:03:12:041 Kernel/(16340:16376): Dispositivo asignado: 3
[INFO] 23:03:12:044 Kernel/(16340:16370): Estimacion- Carpincho: 0 - Rafaga: 0.000000
[INFO] 23:03:12:048 Kernel/(16340:16345): ---------3---------------
[INFO] 23:03:12:048 Kernel/(16340:16345): ---------0---------------
[INFO] 23:03:12:049 Kernel/(16340:16370): Esperando dispositivo: 0
[INFO] 23:03:17:045 Kernel/(16340:16370): Dispositivo asignado: 0
[INFO] 23:03:17:059 Kernel/(16340:16376): Estimacion- Carpincho: 3 - Rafaga: 0.000000
[INFO] 23:03:17:061 Kernel/(16340:16345): ---------0---------------
[INFO] 23:03:17:062 Kernel/(16340:16345): ---------3---------------
[INFO] 23:03:17:063 Kernel/(16340:16376): Esperando dispositivo: 3
[INFO] 23:03:22:054 Kernel/(16340:16376): Dispositivo asignado: 3
[INFO] 23:03:22:100 Kernel/(16340:16372): Estimacion- Carpincho: 1 - Rafaga: 0.000000
[INFO] 23:03:22:104 Kernel/(16340:16372): Esperando dispositivo: 1
[INFO] 23:03:22:104 Kernel/(16340:16345): ---------3---------------
[INFO] 23:03:22:107 Kernel/(16340:16345): ---------1---------------
[INFO] 23:03:27:060 Kernel/(16340:16372): Dispositivo asignado: 1
[INFO] 23:03:27:074 Kernel/(16340:16374): Estimacion- Carpincho: 2 - Rafaga: 0.000000
[INFO] 23:03:27:076 Kernel/(16340:16374): Esperando dispositivo: 2
[INFO] 23:03:27:077 Kernel/(16340:16345): ---------1---------------
[INFO] 23:03:27:077 Kernel/(16340:16345): ---------2---------------
[INFO] 23:03:32:069 Kernel/(16340:16374): Dispositivo asignado: 2
[INFO] 23:03:32:076 Kernel/(16340:16372): Estimacion- Carpincho: 1 - Rafaga: 0.000000
[INFO] 23:03:32:077 Kernel/(16340:16345): ---------2---------------
[INFO] 23:03:32:077 Kernel/(16340:16345): ---------1---------------
[INFO] 23:03:32:078 Kernel/(16340:16372): Esperando dispositivo: 1
[INFO] 23:03:37:080 Kernel/(16340:16372): Dispositivo asignado: 1
[INFO] 23:03:37:085 Kernel/(16340:16374): Estimacion- Carpincho: 2 - Rafaga: 0.000000
[INFO] 23:03:37:086 Kernel/(16340:16345): ---------1---------------
[INFO] 23:03:37:087 Kernel/(16340:16345): ---------2---------------
[INFO] 23:03:37:088 Kernel/(16340:16374): Esperando dispositivo: 2
[INFO] 23:03:42:084 Kernel/(16340:16374): Dispositivo asignado: 2
[INFO] 23:03:47:305 Kernel/(16340:16376): DISCONNECT!
[INFO] 23:03:47:310 Kernel/(16340:16374): DISCONNECT!
[INFO] 23:03:47:311 Kernel/(16340:16372): DISCONNECT!
[INFO] 23:03:47:331 Kernel/(16340:16370): DISCONNECT!
[INFO] 23:37:22:947 Kernel/(17404:17404): Cliente conectado en 0.0.0.0:5002 (a Server)

[INFO] 23:37:23:011 Kernel/(17404:17404): ------2---------

[INFO] 23:37:23:021 Kernel/(17404:17404): Escuchando en 0.0.0.0:6005 (KERNEL_SERVER)

[INFO] 23:37:29:172 Kernel/(17404:17404): Cliente conectado (a KERNEL_SERVER)

[INFO] 23:37:29:272 Kernel/(17404:17432): HANDSHAKE
[INFO] 23:37:29:393 Kernel/(17404:17432): Estimacion- Carpincho: 1 - Rafaga: 0.000000
[INFO] 23:37:29:399 Kernel/(17404:17432): Esperando dispositivo: 1
[INFO] 23:37:29:400 Kernel/(17404:17432): Dispositivo asignado: 1
[INFO] 23:37:30:119 Kernel/(17404:17404): Cliente conectado (a KERNEL_SERVER)

[INFO] 23:37:30:133 Kernel/(17404:17434): HANDSHAKE
[INFO] 23:37:30:210 Kernel/(17404:17434): Estimacion- Carpincho: 2 - Rafaga: 0.000000
[INFO] 23:37:30:211 Kernel/(17404:17434): Esperando dispositivo: 2
[INFO] 23:37:31:151 Kernel/(17404:17404): Cliente conectado (a KERNEL_SERVER)

[INFO] 23:37:31:155 Kernel/(17404:17436): HANDSHAKE
[INFO] 23:37:31:245 Kernel/(17404:17436): Estimacion- Carpincho: 3 - Rafaga: 0.000000
[INFO] 23:37:31:246 Kernel/(17404:17436): Esperando dispositivo: 3
[INFO] 23:37:32:181 Kernel/(17404:17404): Cliente conectado (a KERNEL_SERVER)

[INFO] 23:37:32:188 Kernel/(17404:17438): HANDSHAKE
[INFO] 23:37:32:266 Kernel/(17404:17438): Estimacion- Carpincho: 4 - Rafaga: 0.000000
[INFO] 23:37:32:267 Kernel/(17404:17438): Esperando dispositivo: 4
[INFO] 23:37:34:409 Kernel/(17404:17434): Dispositivo asignado: 2
[INFO] 23:37:34:413 Kernel/(17404:17432): Estimacion- Carpincho: 1 - Rafaga: 0.000000
[INFO] 23:37:34:415 Kernel/(17404:17432): Esperando dispositivo: 1
[INFO] 23:37:39:412 Kernel/(17404:17436): Dispositivo asignado: 3
[INFO] 23:37:44:418 Kernel/(17404:17438): Dispositivo asignado: 4
[INFO] 23:37:49:423 Kernel/(17404:17432): Dispositivo asignado: 1
[INFO] 23:37:49:428 Kernel/(17404:17438): Estimacion- Carpincho: 4 - Rafaga: 0.000000
[INFO] 23:37:49:432 Kernel/(17404:17438): Esperando dispositivo: 4
[INFO] 23:37:54:428 Kernel/(17404:17438): Dispositivo asignado: 4
[INFO] 23:37:54:432 Kernel/(17404:17432): Estimacion- Carpincho: 1 - Rafaga: 0.000000
[INFO] 23:37:54:434 Kernel/(17404:17432): Esperando dispositivo: 1
[INFO] 23:37:59:433 Kernel/(17404:17432): Dispositivo asignado: 1
[INFO] 23:37:59:441 Kernel/(17404:17438): Estimacion- Carpincho: 4 - Rafaga: 0.000000
[INFO] 23:37:59:444 Kernel/(17404:17438): Esperando dispositivo: 4
[INFO] 23:38:04:442 Kernel/(17404:17438): Dispositivo asignado: 4
[INFO] 23:38:04:464 Kernel/(17404:17434): Estimacion- Carpincho: 2 - Rafaga: 0.000000
[INFO] 23:38:04:465 Kernel/(17404:17434): Esperando dispositivo: 2
[INFO] 23:38:09:464 Kernel/(17404:17434): Dispositivo asignado: 2
[INFO] 23:38:09:473 Kernel/(17404:17436): Estimacion- Carpincho: 3 - Rafaga: 0.000000
[INFO] 23:38:09:474 Kernel/(17404:17436): Esperando dispositivo: 3
[INFO] 23:38:14:467 Kernel/(17404:17436): Dispositivo asignado: 3
[INFO] 23:38:14:470 Kernel/(17404:17434): Estimacion- Carpincho: 2 - Rafaga: 0.000000
[INFO] 23:38:14:473 Kernel/(17404:17434): Esperando dispositivo: 2
[INFO] 23:38:19:470 Kernel/(17404:17434): Dispositivo asignado: 2
[INFO] 23:38:19:476 Kernel/(17404:17436): Estimacion- Carpincho: 3 - Rafaga: 0.000000
[INFO] 23:38:19:480 Kernel/(17404:17436): Esperando dispositivo: 3
[INFO] 23:38:24:476 Kernel/(17404:17436): Dispositivo asignado: 3
[INFO] 23:38:29:557 Kernel/(17404:17438): DISCONNECT!
[INFO] 23:38:29:561 Kernel/(17404:17436): DISCONNECT!
[INFO] 23:38:29:563 Kernel/(17404:17434): DISCONNECT!
[INFO] 23:38:29:564 Kernel/(17404:17432): DISCONNECT!
[INFO] 23:58:59:772 Kernel/(18338:18338): Cliente conectado en 0.0.0.0:5002 (a Server)

[INFO] 23:58:59:843 Kernel/(18338:18338): ------2---------

[INFO] 23:58:59:847 Kernel/(18338:18338): Escuchando en 0.0.0.0:6005 (KERNEL_SERVER)

[INFO] 23:59:03:404 Kernel/(18338:18338): Cliente conectado (a KERNEL_SERVER)

[INFO] 23:59:03:523 Kernel/(18338:18366): HANDSHAKE
[INFO] 23:59:03:622 Kernel/(18338:18366): Estimacion- Carpincho: 1 - Rafaga: 0.000000
[INFO] 23:59:03:627 Kernel/(18338:18366): Esperando dispositivo: 1
[INFO] 23:59:03:628 Kernel/(18338:18366): Dispositivo asignado: 1
[INFO] 23:59:04:304 Kernel/(18338:18338): Cliente conectado (a KERNEL_SERVER)

[INFO] 23:59:04:311 Kernel/(18338:18368): HANDSHAKE
[INFO] 23:59:04:398 Kernel/(18338:18368): Estimacion- Carpincho: 2 - Rafaga: 0.000000
[INFO] 23:59:04:400 Kernel/(18338:18368): Esperando dispositivo: 2
[INFO] 23:59:05:323 Kernel/(18338:18338): Cliente conectado (a KERNEL_SERVER)

[INFO] 23:59:05:329 Kernel/(18338:18370): HANDSHAKE
[INFO] 23:59:05:418 Kernel/(18338:18370): Estimacion- Carpincho: 3 - Rafaga: 0.000000
[INFO] 23:59:05:419 Kernel/(18338:18370): Esperando dispositivo: 3
[INFO] 23:59:06:338 Kernel/(18338:18338): Cliente conectado (a KERNEL_SERVER)

[INFO] 23:59:06:343 Kernel/(18338:18372): HANDSHAKE
[INFO] 23:59:06:414 Kernel/(18338:18372): Estimacion- Carpincho: 4 - Rafaga: 0.000000
[INFO] 23:59:06:416 Kernel/(18338:18372): Esperando dispositivo: 4
[INFO] 23:59:08:636 Kernel/(18338:18368): Dispositivo asignado: 2
[INFO] 23:59:08:639 Kernel/(18338:18366): Estimacion- Carpincho: 1 - Rafaga: 0.000000
[INFO] 23:59:08:641 Kernel/(18338:18366): Esperando dispositivo: 1
[INFO] 23:59:13:639 Kernel/(18338:18370): Dispositivo asignado: 3
[INFO] 23:59:18:644 Kernel/(18338:18372): Dispositivo asignado: 4
[INFO] 23:59:23:651 Kernel/(18338:18366): Dispositivo asignado: 1
[INFO] 23:59:23:655 Kernel/(18338:18372): Estimacion- Carpincho: 4 - Rafaga: 0.000000
[INFO] 23:59:23:658 Kernel/(18338:18372): Esperando dispositivo: 4
[INFO] 23:59:28:655 Kernel/(18338:18372): Dispositivo asignado: 4
[INFO] 23:59:28:662 Kernel/(18338:18366): Estimacion- Carpincho: 1 - Rafaga: 0.000000
[INFO] 23:59:28:667 Kernel/(18338:18366): Esperando dispositivo: 1
[INFO] 23:59:33:659 Kernel/(18338:18366): Dispositivo asignado: 1
[INFO] 23:59:33:662 Kernel/(18338:18372): Estimacion- Carpincho: 4 - Rafaga: 0.000000
[INFO] 23:59:33:665 Kernel/(18338:18372): Esperando dispositivo: 4
[INFO] 23:59:38:663 Kernel/(18338:18372): Dispositivo asignado: 4
[INFO] 23:59:38:678 Kernel/(18338:18368): Estimacion- Carpincho: 2 - Rafaga: 0.000000
[INFO] 23:59:38:682 Kernel/(18338:18368): Esperando dispositivo: 2
[INFO] 23:59:43:667 Kernel/(18338:18368): Dispositivo asignado: 2
[INFO] 23:59:43:678 Kernel/(18338:18370): Estimacion- Carpincho: 3 - Rafaga: 0.000000
[INFO] 23:59:43:682 Kernel/(18338:18370): Esperando dispositivo: 3
[INFO] 23:59:48:672 Kernel/(18338:18370): Dispositivo asignado: 3
[INFO] 23:59:48:683 Kernel/(18338:18368): Estimacion- Carpincho: 2 - Rafaga: 0.000000
[INFO] 23:59:48:689 Kernel/(18338:18368): Esperando dispositivo: 2
[INFO] 23:59:53:677 Kernel/(18338:18368): Dispositivo asignado: 2
[INFO] 23:59:53:683 Kernel/(18338:18370): Estimacion- Carpincho: 3 - Rafaga: 0.000000
[INFO] 23:59:53:685 Kernel/(18338:18370): Esperando dispositivo: 3
[INFO] 23:59:58:681 Kernel/(18338:18370): Dispositivo asignado: 3
[INFO] 00:00:03:769 Kernel/(18338:18372): DISCONNECT!
[INFO] 00:00:03:775 Kernel/(18338:18370): DISCONNECT!
[INFO] 00:00:03:776 Kernel/(18338:18368): DISCONNECT!
[INFO] 00:00:03:777 Kernel/(18338:18366): DISCONNECT!
